Change Net Name : Old Net Name=LV_Module 1 New Net Name=Data0_Module 1_P
Change Net Name : Old Net Name=LV_Module 2 New Net Name=Data0_Module 2_P
Change Net Name : Old Net Name=LV_Module 3 New Net Name=Data0_Module 3_P
Change Net Name : Old Net Name=LV_Module 4 New Net Name=Data0_Module 4_P
Change Net Name : Old Net Name=LV_Module 5 New Net Name=Data0_Module 5_P
Change Net Name : Old Net Name=LV_Module 6 New Net Name=Data0_Module 6_P
Change Net Name : Old Net Name=LV_Module 7 New Net Name=Data0_Module 7_P
Change Net Name : Old Net Name=LV_Module 8 New Net Name=Data0_Module 8_P
Change Net Name : Old Net Name=LV_Module 9 New Net Name=Data0_Module 9_P
Change Net Name : Old Net Name=LV_Module 10 New Net Name=Data0_Module 10_P
Change Net Name : Old Net Name=LV_Module 11 New Net Name=Data0_Module 11_P
Change Net Name : Old Net Name=LV_Module 12 New Net Name=Data0_Module 12_P
Change Net Name : Old Net Name=LV_Module 13 New Net Name=Data0_Module 13_P
Change Net Name : Old Net Name=LV_Module 15 New Net Name=Data0_Module 15_P
Change Net Name : Old Net Name=LV_Module 16 New Net Name=Data0_Module 16_P
Change Net Name : Old Net Name=LV_Module 17 New Net Name=Data0_Module 17_P
Change Net Name : Old Net Name=LV_Module 18 New Net Name=Data0_Module 18_P
Added Pin To Net: NetName=Clock_Module 1_N Pin=P1_Module 1-19
Added Net: Name=Clock_Module 1_N
Added Pin To Net: NetName=Clock_Module 1_P Pin=P1_Module 1-17
Added Net: Name=Clock_Module 1_P
Added Pin To Net: NetName=Clock_Module 2_N Pin=P1_Module 2-19
Added Net: Name=Clock_Module 2_N
Added Pin To Net: NetName=Clock_Module 2_P Pin=P1_Module 2-17
Added Net: Name=Clock_Module 2_P
Added Pin To Net: NetName=Clock_Module 3_N Pin=P1_Module 3-19
Added Net: Name=Clock_Module 3_N
Added Pin To Net: NetName=Clock_Module 3_P Pin=P1_Module 3-17
Added Net: Name=Clock_Module 3_P
Added Pin To Net: NetName=Clock_Module 4_N Pin=P1_Module 4-19
Added Net: Name=Clock_Module 4_N
Added Pin To Net: NetName=Clock_Module 4_P Pin=P1_Module 4-17
Added Net: Name=Clock_Module 4_P
Added Pin To Net: NetName=Clock_Module 5_N Pin=P1_Module 5-19
Added Net: Name=Clock_Module 5_N
Added Pin To Net: NetName=Clock_Module 5_P Pin=P1_Module 5-17
Added Net: Name=Clock_Module 5_P
Added Pin To Net: NetName=Clock_Module 6_N Pin=P1_Module 6-19
Added Net: Name=Clock_Module 6_N
Added Pin To Net: NetName=Clock_Module 6_P Pin=P1_Module 6-17
Added Net: Name=Clock_Module 6_P
Added Pin To Net: NetName=Clock_Module 7_N Pin=P1_Module 7-19
Added Net: Name=Clock_Module 7_N
Added Pin To Net: NetName=Clock_Module 7_P Pin=P1_Module 7-17
Added Net: Name=Clock_Module 7_P
Added Pin To Net: NetName=Clock_Module 8_N Pin=P1_Module 8-19
Added Net: Name=Clock_Module 8_N
Added Pin To Net: NetName=Clock_Module 8_P Pin=P1_Module 8-17
Added Net: Name=Clock_Module 8_P
Added Pin To Net: NetName=Clock_Module 9_N Pin=P1_Module 9-19
Added Net: Name=Clock_Module 9_N
Added Pin To Net: NetName=Clock_Module 9_P Pin=P1_Module 9-17
Added Net: Name=Clock_Module 9_P
Added Pin To Net: NetName=Clock_Module 10_N Pin=P1_Module 10-19
Added Net: Name=Clock_Module 10_N
Added Pin To Net: NetName=Clock_Module 10_P Pin=P1_Module 10-17
Added Net: Name=Clock_Module 10_P
Added Pin To Net: NetName=Clock_Module 11_N Pin=P1_Module 11-19
Added Net: Name=Clock_Module 11_N
Added Pin To Net: NetName=Clock_Module 11_P Pin=P1_Module 11-17
Added Net: Name=Clock_Module 11_P
Added Pin To Net: NetName=Clock_Module 12_N Pin=P1_Module 12-19
Added Net: Name=Clock_Module 12_N
Added Pin To Net: NetName=Clock_Module 12_P Pin=P1_Module 12-17
Added Net: Name=Clock_Module 12_P
Added Pin To Net: NetName=Clock_Module 13_N Pin=P1_Module 13-19
Added Net: Name=Clock_Module 13_N
Added Pin To Net: NetName=Clock_Module 13_P Pin=P1_Module 13-17
Added Net: Name=Clock_Module 13_P
Added Pin To Net: NetName=Clock_Module 14_N Pin=P1_Module 14-19
Added Net: Name=Clock_Module 14_N
Added Pin To Net: NetName=Clock_Module 14_P Pin=P1_Module 14-17
Added Net: Name=Clock_Module 14_P
Added Pin To Net: NetName=Clock_Module 15_N Pin=P1_Module 15-19
Added Net: Name=Clock_Module 15_N
Added Pin To Net: NetName=Clock_Module 15_P Pin=P1_Module 15-17
Added Net: Name=Clock_Module 15_P
Added Pin To Net: NetName=Clock_Module 16_N Pin=P1_Module 16-19
Added Net: Name=Clock_Module 16_N
Added Pin To Net: NetName=Clock_Module 16_P Pin=P1_Module 16-17
Added Net: Name=Clock_Module 16_P
Added Pin To Net: NetName=Clock_Module 17_N Pin=P1_Module 17-19
Added Net: Name=Clock_Module 17_N
Added Pin To Net: NetName=Clock_Module 17_P Pin=P1_Module 17-17
Added Net: Name=Clock_Module 17_P
Added Pin To Net: NetName=Clock_Module 18_N Pin=P1_Module 18-19
Added Net: Name=Clock_Module 18_N
Added Pin To Net: NetName=Clock_Module 18_P Pin=P1_Module 18-17
Added Net: Name=Clock_Module 18_P
Added Pin To Net: NetName=Command_Module 1_N Pin=P1_Module 1-4
Added Net: Name=Command_Module 1_N
Added Pin To Net: NetName=Command_Module 1_P Pin=P1_Module 1-2
Added Net: Name=Command_Module 1_P
Added Pin To Net: NetName=Command_Module 2_N Pin=P1_Module 2-4
Added Net: Name=Command_Module 2_N
Added Pin To Net: NetName=Command_Module 2_P Pin=P1_Module 2-2
Added Net: Name=Command_Module 2_P
Added Pin To Net: NetName=Command_Module 3_N Pin=P1_Module 3-4
Added Net: Name=Command_Module 3_N
Added Pin To Net: NetName=Command_Module 3_P Pin=P1_Module 3-2
Added Net: Name=Command_Module 3_P
Added Pin To Net: NetName=Command_Module 4_N Pin=P1_Module 4-4
Added Net: Name=Command_Module 4_N
Added Pin To Net: NetName=Command_Module 4_P Pin=P1_Module 4-2
Added Net: Name=Command_Module 4_P
Added Pin To Net: NetName=Command_Module 5_N Pin=P1_Module 5-4
Added Net: Name=Command_Module 5_N
Added Pin To Net: NetName=Command_Module 5_P Pin=P1_Module 5-2
Added Net: Name=Command_Module 5_P
Added Pin To Net: NetName=Command_Module 6_N Pin=P1_Module 6-4
Added Net: Name=Command_Module 6_N
Added Pin To Net: NetName=Command_Module 6_P Pin=P1_Module 6-2
Added Net: Name=Command_Module 6_P
Added Pin To Net: NetName=Command_Module 7_N Pin=P1_Module 7-4
Added Net: Name=Command_Module 7_N
Added Pin To Net: NetName=Command_Module 7_P Pin=P1_Module 7-2
Added Net: Name=Command_Module 7_P
Added Pin To Net: NetName=Command_Module 8_N Pin=P1_Module 8-4
Added Net: Name=Command_Module 8_N
Added Pin To Net: NetName=Command_Module 8_P Pin=P1_Module 8-2
Added Net: Name=Command_Module 8_P
Added Pin To Net: NetName=Command_Module 9_N Pin=P1_Module 9-4
Added Net: Name=Command_Module 9_N
Added Pin To Net: NetName=Command_Module 9_P Pin=P1_Module 9-2
Added Net: Name=Command_Module 9_P
Added Pin To Net: NetName=Command_Module 10_N Pin=P1_Module 10-4
Added Net: Name=Command_Module 10_N
Added Pin To Net: NetName=Command_Module 10_P Pin=P1_Module 10-2
Added Net: Name=Command_Module 10_P
Added Pin To Net: NetName=Command_Module 11_N Pin=P1_Module 11-4
Added Net: Name=Command_Module 11_N
Added Pin To Net: NetName=Command_Module 11_P Pin=P1_Module 11-2
Added Net: Name=Command_Module 11_P
Added Pin To Net: NetName=Command_Module 12_N Pin=P1_Module 12-4
Added Net: Name=Command_Module 12_N
Added Pin To Net: NetName=Command_Module 12_P Pin=P1_Module 12-2
Added Net: Name=Command_Module 12_P
Added Pin To Net: NetName=Command_Module 13_N Pin=P1_Module 13-4
Added Net: Name=Command_Module 13_N
Added Pin To Net: NetName=Command_Module 13_P Pin=P1_Module 13-2
Added Net: Name=Command_Module 13_P
Added Pin To Net: NetName=Command_Module 14_N Pin=P1_Module 14-4
Added Net: Name=Command_Module 14_N
Added Pin To Net: NetName=Command_Module 14_P Pin=P1_Module 14-2
Added Net: Name=Command_Module 14_P
Added Pin To Net: NetName=Command_Module 15_N Pin=P1_Module 15-4
Added Net: Name=Command_Module 15_N
Added Pin To Net: NetName=Command_Module 15_P Pin=P1_Module 15-2
Added Net: Name=Command_Module 15_P
Added Pin To Net: NetName=Command_Module 16_N Pin=P1_Module 16-4
Added Net: Name=Command_Module 16_N
Added Pin To Net: NetName=Command_Module 16_P Pin=P1_Module 16-2
Added Net: Name=Command_Module 16_P
Added Pin To Net: NetName=Command_Module 17_N Pin=P1_Module 17-4
Added Net: Name=Command_Module 17_N
Added Pin To Net: NetName=Command_Module 17_P Pin=P1_Module 17-2
Added Net: Name=Command_Module 17_P
Added Pin To Net: NetName=Command_Module 18_N Pin=P1_Module 18-4
Added Net: Name=Command_Module 18_N
Added Pin To Net: NetName=Command_Module 18_P Pin=P1_Module 18-2
Added Net: Name=Command_Module 18_P
Added Pin To Net: NetName=Data0_Module 1_N Pin=P1_Module 1-3
Added Net: Name=Data0_Module 1_N
Added Pin To Net: NetName=Data0_Module 2_N Pin=P1_Module 2-3
Added Net: Name=Data0_Module 2_N
Added Pin To Net: NetName=Data0_Module 3_N Pin=P1_Module 3-3
Added Net: Name=Data0_Module 3_N
Added Pin To Net: NetName=Data0_Module 4_N Pin=P1_Module 4-3
Added Net: Name=Data0_Module 4_N
Added Pin To Net: NetName=Data0_Module 5_N Pin=P1_Module 5-3
Added Net: Name=Data0_Module 5_N
Added Pin To Net: NetName=Data0_Module 6_N Pin=P1_Module 6-3
Added Net: Name=Data0_Module 6_N
Added Pin To Net: NetName=Data0_Module 7_N Pin=P1_Module 7-3
Added Net: Name=Data0_Module 7_N
Added Pin To Net: NetName=Data0_Module 8_N Pin=P1_Module 8-3
Added Net: Name=Data0_Module 8_N
Added Pin To Net: NetName=Data0_Module 9_N Pin=P1_Module 9-3
Added Net: Name=Data0_Module 9_N
Added Pin To Net: NetName=Data0_Module 10_N Pin=P1_Module 10-3
Added Net: Name=Data0_Module 10_N
Added Pin To Net: NetName=Data0_Module 11_N Pin=P1_Module 11-3
Added Net: Name=Data0_Module 11_N
Added Pin To Net: NetName=Data0_Module 12_N Pin=P1_Module 12-3
Added Net: Name=Data0_Module 12_N
Added Pin To Net: NetName=Data0_Module 13_N Pin=P1_Module 13-3
Added Net: Name=Data0_Module 13_N
Added Pin To Net: NetName=Data0_Module 14_N Pin=P1_Module 14-3
Added Net: Name=Data0_Module 14_N
Added Pin To Net: NetName=Data0_Module 14_P Pin=P1_Module 14-1
Added Net: Name=Data0_Module 14_P
Added Pin To Net: NetName=Data0_Module 15_N Pin=P1_Module 15-3
Added Net: Name=Data0_Module 15_N
Added Pin To Net: NetName=Data0_Module 16_N Pin=P1_Module 16-3
Added Net: Name=Data0_Module 16_N
Added Pin To Net: NetName=Data0_Module 17_N Pin=P1_Module 17-3
Added Net: Name=Data0_Module 17_N
Added Pin To Net: NetName=Data0_Module 18_N Pin=P1_Module 18-3
Added Net: Name=Data0_Module 18_N
Added Pin To Net: NetName=Data1_Module 1_N Pin=P1_Module 1-7
Added Net: Name=Data1_Module 1_N
Added Pin To Net: NetName=Data1_Module 1_P Pin=P1_Module 1-5
Added Net: Name=Data1_Module 1_P
Added Pin To Net: NetName=Data1_Module 2_N Pin=P1_Module 2-7
Added Net: Name=Data1_Module 2_N
Added Pin To Net: NetName=Data1_Module 2_P Pin=P1_Module 2-5
Added Net: Name=Data1_Module 2_P
Added Pin To Net: NetName=Data1_Module 3_N Pin=P1_Module 3-7
Added Net: Name=Data1_Module 3_N
Added Pin To Net: NetName=Data1_Module 3_P Pin=P1_Module 3-5
Added Net: Name=Data1_Module 3_P
Added Pin To Net: NetName=Data1_Module 4_N Pin=P1_Module 4-7
Added Net: Name=Data1_Module 4_N
Added Pin To Net: NetName=Data1_Module 4_P Pin=P1_Module 4-5
Added Net: Name=Data1_Module 4_P
Added Pin To Net: NetName=Data1_Module 5_N Pin=P1_Module 5-7
Added Net: Name=Data1_Module 5_N
Added Pin To Net: NetName=Data1_Module 5_P Pin=P1_Module 5-5
Added Net: Name=Data1_Module 5_P
Added Pin To Net: NetName=Data1_Module 6_N Pin=P1_Module 6-7
Added Net: Name=Data1_Module 6_N
Added Pin To Net: NetName=Data1_Module 6_P Pin=P1_Module 6-5
Added Net: Name=Data1_Module 6_P
Added Pin To Net: NetName=Data1_Module 7_N Pin=P1_Module 7-7
Added Net: Name=Data1_Module 7_N
Added Pin To Net: NetName=Data1_Module 7_P Pin=P1_Module 7-5
Added Net: Name=Data1_Module 7_P
Added Pin To Net: NetName=Data1_Module 8_N Pin=P1_Module 8-7
Added Net: Name=Data1_Module 8_N
Added Pin To Net: NetName=Data1_Module 8_P Pin=P1_Module 8-5
Added Net: Name=Data1_Module 8_P
Added Pin To Net: NetName=Data1_Module 9_N Pin=P1_Module 9-7
Added Net: Name=Data1_Module 9_N
Added Pin To Net: NetName=Data1_Module 9_P Pin=P1_Module 9-5
Added Net: Name=Data1_Module 9_P
Added Pin To Net: NetName=Data1_Module 10_N Pin=P1_Module 10-7
Added Net: Name=Data1_Module 10_N
Added Pin To Net: NetName=Data1_Module 10_P Pin=P1_Module 10-5
Added Net: Name=Data1_Module 10_P
Added Pin To Net: NetName=Data1_Module 11_N Pin=P1_Module 11-7
Added Net: Name=Data1_Module 11_N
Added Pin To Net: NetName=Data1_Module 11_P Pin=P1_Module 11-5
Added Net: Name=Data1_Module 11_P
Added Pin To Net: NetName=Data1_Module 12_N Pin=P1_Module 12-7
Added Net: Name=Data1_Module 12_N
Added Pin To Net: NetName=Data1_Module 12_P Pin=P1_Module 12-5
Added Net: Name=Data1_Module 12_P
Added Pin To Net: NetName=Data1_Module 13_N Pin=P1_Module 13-7
Added Net: Name=Data1_Module 13_N
Added Pin To Net: NetName=Data1_Module 13_P Pin=P1_Module 13-5
Added Net: Name=Data1_Module 13_P
Added Pin To Net: NetName=Data1_Module 14_N Pin=P1_Module 14-7
Added Net: Name=Data1_Module 14_N
Added Pin To Net: NetName=Data1_Module 14_P Pin=P1_Module 14-5
Added Net: Name=Data1_Module 14_P
Added Pin To Net: NetName=Data1_Module 15_N Pin=P1_Module 15-7
Added Net: Name=Data1_Module 15_N
Added Pin To Net: NetName=Data1_Module 15_P Pin=P1_Module 15-5
Added Net: Name=Data1_Module 15_P
Added Pin To Net: NetName=Data1_Module 16_N Pin=P1_Module 16-7
Added Net: Name=Data1_Module 16_N
Added Pin To Net: NetName=Data1_Module 16_P Pin=P1_Module 16-5
Added Net: Name=Data1_Module 16_P
Added Pin To Net: NetName=Data1_Module 17_N Pin=P1_Module 17-7
Added Net: Name=Data1_Module 17_N
Added Pin To Net: NetName=Data1_Module 17_P Pin=P1_Module 17-5
Added Net: Name=Data1_Module 17_P
Added Pin To Net: NetName=Data1_Module 18_N Pin=P1_Module 18-7
Added Net: Name=Data1_Module 18_N
Added Pin To Net: NetName=Data1_Module 18_P Pin=P1_Module 18-5
Added Net: Name=Data1_Module 18_P
Added Pin To Net: NetName=Data2_Module 1_N Pin=P1_Module 1-11
Added Net: Name=Data2_Module 1_N
Added Pin To Net: NetName=Data2_Module 1_P Pin=P1_Module 1-9
Added Net: Name=Data2_Module 1_P
Added Pin To Net: NetName=Data2_Module 2_N Pin=P1_Module 2-11
Added Net: Name=Data2_Module 2_N
Added Pin To Net: NetName=Data2_Module 2_P Pin=P1_Module 2-9
Added Net: Name=Data2_Module 2_P
Added Pin To Net: NetName=Data2_Module 3_N Pin=P1_Module 3-11
Added Net: Name=Data2_Module 3_N
Added Pin To Net: NetName=Data2_Module 3_P Pin=P1_Module 3-9
Added Net: Name=Data2_Module 3_P
Added Pin To Net: NetName=Data2_Module 4_N Pin=P1_Module 4-11
Added Net: Name=Data2_Module 4_N
Added Pin To Net: NetName=Data2_Module 4_P Pin=P1_Module 4-9
Added Net: Name=Data2_Module 4_P
Added Pin To Net: NetName=Data2_Module 5_N Pin=P1_Module 5-11
Added Net: Name=Data2_Module 5_N
Added Pin To Net: NetName=Data2_Module 5_P Pin=P1_Module 5-9
Added Net: Name=Data2_Module 5_P
Added Pin To Net: NetName=Data2_Module 6_N Pin=P1_Module 6-11
Added Net: Name=Data2_Module 6_N
Added Pin To Net: NetName=Data2_Module 6_P Pin=P1_Module 6-9
Added Net: Name=Data2_Module 6_P
Added Pin To Net: NetName=Data2_Module 7_N Pin=P1_Module 7-11
Added Net: Name=Data2_Module 7_N
Added Pin To Net: NetName=Data2_Module 7_P Pin=P1_Module 7-9
Added Net: Name=Data2_Module 7_P
Added Pin To Net: NetName=Data2_Module 8_N Pin=P1_Module 8-11
Added Net: Name=Data2_Module 8_N
Added Pin To Net: NetName=Data2_Module 8_P Pin=P1_Module 8-9
Added Net: Name=Data2_Module 8_P
Added Pin To Net: NetName=Data2_Module 9_N Pin=P1_Module 9-11
Added Net: Name=Data2_Module 9_N
Added Pin To Net: NetName=Data2_Module 9_P Pin=P1_Module 9-9
Added Net: Name=Data2_Module 9_P
Added Pin To Net: NetName=Data2_Module 10_N Pin=P1_Module 10-11
Added Net: Name=Data2_Module 10_N
Added Pin To Net: NetName=Data2_Module 10_P Pin=P1_Module 10-9
Added Net: Name=Data2_Module 10_P
Added Pin To Net: NetName=Data2_Module 11_N Pin=P1_Module 11-11
Added Net: Name=Data2_Module 11_N
Added Pin To Net: NetName=Data2_Module 11_P Pin=P1_Module 11-9
Added Net: Name=Data2_Module 11_P
Added Pin To Net: NetName=Data2_Module 12_N Pin=P1_Module 12-11
Added Net: Name=Data2_Module 12_N
Added Pin To Net: NetName=Data2_Module 12_P Pin=P1_Module 12-9
Added Net: Name=Data2_Module 12_P
Added Pin To Net: NetName=Data2_Module 13_N Pin=P1_Module 13-11
Added Net: Name=Data2_Module 13_N
Added Pin To Net: NetName=Data2_Module 13_P Pin=P1_Module 13-9
Added Net: Name=Data2_Module 13_P
Added Pin To Net: NetName=Data2_Module 14_N Pin=P1_Module 14-11
Added Net: Name=Data2_Module 14_N
Added Pin To Net: NetName=Data2_Module 14_P Pin=P1_Module 14-9
Added Net: Name=Data2_Module 14_P
Added Pin To Net: NetName=Data2_Module 15_N Pin=P1_Module 15-11
Added Net: Name=Data2_Module 15_N
Added Pin To Net: NetName=Data2_Module 15_P Pin=P1_Module 15-9
Added Net: Name=Data2_Module 15_P
Added Pin To Net: NetName=Data2_Module 16_N Pin=P1_Module 16-11
Added Net: Name=Data2_Module 16_N
Added Pin To Net: NetName=Data2_Module 16_P Pin=P1_Module 16-9
Added Net: Name=Data2_Module 16_P
Added Pin To Net: NetName=Data2_Module 17_N Pin=P1_Module 17-11
Added Net: Name=Data2_Module 17_N
Added Pin To Net: NetName=Data2_Module 17_P Pin=P1_Module 17-9
Added Net: Name=Data2_Module 17_P
Added Pin To Net: NetName=Data2_Module 18_N Pin=P1_Module 18-11
Added Net: Name=Data2_Module 18_N
Added Pin To Net: NetName=Data2_Module 18_P Pin=P1_Module 18-9
Added Net: Name=Data2_Module 18_P
Added Pin To Net: NetName=Data3_Module 1_N Pin=P1_Module 1-15
Added Net: Name=Data3_Module 1_N
Added Pin To Net: NetName=Data3_Module 1_P Pin=P1_Module 1-13
Added Net: Name=Data3_Module 1_P
Added Pin To Net: NetName=Data3_Module 2_N Pin=P1_Module 2-15
Added Net: Name=Data3_Module 2_N
Added Pin To Net: NetName=Data3_Module 2_P Pin=P1_Module 2-13
Added Net: Name=Data3_Module 2_P
Added Pin To Net: NetName=Data3_Module 3_N Pin=P1_Module 3-15
Added Net: Name=Data3_Module 3_N
Added Pin To Net: NetName=Data3_Module 3_P Pin=P1_Module 3-13
Added Net: Name=Data3_Module 3_P
Added Pin To Net: NetName=Data3_Module 4_N Pin=P1_Module 4-15
Added Net: Name=Data3_Module 4_N
Added Pin To Net: NetName=Data3_Module 4_P Pin=P1_Module 4-13
Added Net: Name=Data3_Module 4_P
Added Pin To Net: NetName=Data3_Module 5_N Pin=P1_Module 5-15
Added Net: Name=Data3_Module 5_N
Added Pin To Net: NetName=Data3_Module 5_P Pin=P1_Module 5-13
Added Net: Name=Data3_Module 5_P
Added Pin To Net: NetName=Data3_Module 6_N Pin=P1_Module 6-15
Added Net: Name=Data3_Module 6_N
Added Pin To Net: NetName=Data3_Module 6_P Pin=P1_Module 6-13
Added Net: Name=Data3_Module 6_P
Added Pin To Net: NetName=Data3_Module 7_N Pin=P1_Module 7-15
Added Net: Name=Data3_Module 7_N
Added Pin To Net: NetName=Data3_Module 7_P Pin=P1_Module 7-13
Added Net: Name=Data3_Module 7_P
Added Pin To Net: NetName=Data3_Module 8_N Pin=P1_Module 8-15
Added Net: Name=Data3_Module 8_N
Added Pin To Net: NetName=Data3_Module 8_P Pin=P1_Module 8-13
Added Net: Name=Data3_Module 8_P
Added Pin To Net: NetName=Data3_Module 9_N Pin=P1_Module 9-15
Added Net: Name=Data3_Module 9_N
Added Pin To Net: NetName=Data3_Module 9_P Pin=P1_Module 9-13
Added Net: Name=Data3_Module 9_P
Added Pin To Net: NetName=Data3_Module 10_N Pin=P1_Module 10-15
Added Net: Name=Data3_Module 10_N
Added Pin To Net: NetName=Data3_Module 10_P Pin=P1_Module 10-13
Added Net: Name=Data3_Module 10_P
Added Pin To Net: NetName=Data3_Module 11_N Pin=P1_Module 11-15
Added Net: Name=Data3_Module 11_N
Added Pin To Net: NetName=Data3_Module 11_P Pin=P1_Module 11-13
Added Net: Name=Data3_Module 11_P
Added Pin To Net: NetName=Data3_Module 12_N Pin=P1_Module 12-15
Added Net: Name=Data3_Module 12_N
Added Pin To Net: NetName=Data3_Module 12_P Pin=P1_Module 12-13
Added Net: Name=Data3_Module 12_P
Added Pin To Net: NetName=Data3_Module 13_N Pin=P1_Module 13-15
Added Net: Name=Data3_Module 13_N
Added Pin To Net: NetName=Data3_Module 13_P Pin=P1_Module 13-13
Added Net: Name=Data3_Module 13_P
Added Pin To Net: NetName=Data3_Module 14_N Pin=P1_Module 14-15
Added Net: Name=Data3_Module 14_N
Added Pin To Net: NetName=Data3_Module 14_P Pin=P1_Module 14-13
Added Net: Name=Data3_Module 14_P
Added Pin To Net: NetName=Data3_Module 15_N Pin=P1_Module 15-15
Added Net: Name=Data3_Module 15_N
Added Pin To Net: NetName=Data3_Module 15_P Pin=P1_Module 15-13
Added Net: Name=Data3_Module 15_P
Added Pin To Net: NetName=Data3_Module 16_N Pin=P1_Module 16-15
Added Net: Name=Data3_Module 16_N
Added Pin To Net: NetName=Data3_Module 16_P Pin=P1_Module 16-13
Added Net: Name=Data3_Module 16_P
Added Pin To Net: NetName=Data3_Module 17_N Pin=P1_Module 17-15
Added Net: Name=Data3_Module 17_N
Added Pin To Net: NetName=Data3_Module 17_P Pin=P1_Module 17-13
Added Net: Name=Data3_Module 17_P
Added Pin To Net: NetName=Data3_Module 18_N Pin=P1_Module 18-15
Added Net: Name=Data3_Module 18_N
Added Pin To Net: NetName=Data3_Module 18_P Pin=P1_Module 18-13
Added Net: Name=Data3_Module 18_P
Added Pin To Net: NetName=HVin_Module 1 Pin=P1_Module 1-10
Added Net: Name=HVin_Module 1
Added Pin To Net: NetName=HVin_Module 2 Pin=P1_Module 2-10
Added Net: Name=HVin_Module 2
Added Pin To Net: NetName=HVin_Module 3 Pin=P1_Module 3-10
Added Net: Name=HVin_Module 3
Added Pin To Net: NetName=HVin_Module 4 Pin=P1_Module 4-10
Added Net: Name=HVin_Module 4
Added Pin To Net: NetName=HVin_Module 5 Pin=P1_Module 5-10
Added Net: Name=HVin_Module 5
Added Pin To Net: NetName=HVin_Module 6 Pin=P1_Module 6-10
Added Net: Name=HVin_Module 6
Added Pin To Net: NetName=HVin_Module 7 Pin=P1_Module 7-10
Added Net: Name=HVin_Module 7
Added Pin To Net: NetName=HVin_Module 8 Pin=P1_Module 8-10
Added Net: Name=HVin_Module 8
Added Pin To Net: NetName=HVin_Module 9 Pin=P1_Module 9-10
Added Net: Name=HVin_Module 9
Added Pin To Net: NetName=HVin_Module 10 Pin=P1_Module 10-10
Added Net: Name=HVin_Module 10
Added Pin To Net: NetName=HVin_Module 11 Pin=P1_Module 11-10
Added Net: Name=HVin_Module 11
Added Pin To Net: NetName=HVin_Module 12 Pin=P1_Module 12-10
Added Net: Name=HVin_Module 12
Added Pin To Net: NetName=HVin_Module 13 Pin=P1_Module 13-10
Added Net: Name=HVin_Module 13
Added Pin To Net: NetName=HVin_Module 14 Pin=P1_Module 14-10
Added Net: Name=HVin_Module 14
Added Pin To Net: NetName=HVin_Module 15 Pin=P1_Module 15-10
Added Net: Name=HVin_Module 15
Added Pin To Net: NetName=HVin_Module 16 Pin=P1_Module 16-10
Added Net: Name=HVin_Module 16
Added Pin To Net: NetName=HVin_Module 17 Pin=P1_Module 17-10
Added Net: Name=HVin_Module 17
Added Pin To Net: NetName=HVin_Module 18 Pin=P1_Module 18-10
Added Net: Name=HVin_Module 18
Added Pin To Net: NetName=HVout_Module 1 Pin=P1_Module 1-12
Added Net: Name=HVout_Module 1
Added Pin To Net: NetName=HVout_Module 2 Pin=P1_Module 2-12
Added Net: Name=HVout_Module 2
Added Pin To Net: NetName=HVout_Module 3 Pin=P1_Module 3-12
Added Net: Name=HVout_Module 3
Added Pin To Net: NetName=HVout_Module 4 Pin=P1_Module 4-12
Added Net: Name=HVout_Module 4
Added Pin To Net: NetName=HVout_Module 5 Pin=P1_Module 5-12
Added Net: Name=HVout_Module 5
Added Pin To Net: NetName=HVout_Module 6 Pin=P1_Module 6-12
Added Net: Name=HVout_Module 6
Added Pin To Net: NetName=HVout_Module 7 Pin=P1_Module 7-12
Added Net: Name=HVout_Module 7
Added Pin To Net: NetName=HVout_Module 8 Pin=P1_Module 8-12
Added Net: Name=HVout_Module 8
Added Pin To Net: NetName=HVout_Module 9 Pin=P1_Module 9-12
Added Net: Name=HVout_Module 9
Added Pin To Net: NetName=HVout_Module 10 Pin=P1_Module 10-12
Added Net: Name=HVout_Module 10
Added Pin To Net: NetName=HVout_Module 11 Pin=P1_Module 11-12
Added Net: Name=HVout_Module 11
Added Pin To Net: NetName=HVout_Module 12 Pin=P1_Module 12-12
Added Net: Name=HVout_Module 12
Added Pin To Net: NetName=HVout_Module 13 Pin=P1_Module 13-12
Added Net: Name=HVout_Module 13
Added Pin To Net: NetName=HVout_Module 14 Pin=P1_Module 14-12
Added Net: Name=HVout_Module 14
Added Pin To Net: NetName=HVout_Module 15 Pin=P1_Module 15-12
Added Net: Name=HVout_Module 15
Added Pin To Net: NetName=HVout_Module 16 Pin=P1_Module 16-12
Added Net: Name=HVout_Module 16
Added Pin To Net: NetName=HVout_Module 17 Pin=P1_Module 17-12
Added Net: Name=HVout_Module 17
Added Pin To Net: NetName=HVout_Module 18 Pin=P1_Module 18-12
Added Net: Name=HVout_Module 18
Added Pin To Net: NetName=NTC1_Module 1 Pin=P1_Module 1-14
Added Net: Name=NTC1_Module 1
Added Pin To Net: NetName=NTC1_Module 2 Pin=P1_Module 2-14
Added Net: Name=NTC1_Module 2
Added Pin To Net: NetName=NTC1_Module 3 Pin=P1_Module 3-14
Added Net: Name=NTC1_Module 3
Added Pin To Net: NetName=NTC1_Module 4 Pin=P1_Module 4-14
Added Net: Name=NTC1_Module 4
Added Pin To Net: NetName=NTC1_Module 5 Pin=P1_Module 5-14
Added Net: Name=NTC1_Module 5
Added Pin To Net: NetName=NTC1_Module 6 Pin=P1_Module 6-14
Added Net: Name=NTC1_Module 6
Added Pin To Net: NetName=NTC1_Module 7 Pin=P1_Module 7-14
Added Net: Name=NTC1_Module 7
Added Pin To Net: NetName=NTC1_Module 8 Pin=P1_Module 8-14
Added Net: Name=NTC1_Module 8
Added Pin To Net: NetName=NTC1_Module 9 Pin=P1_Module 9-14
Added Net: Name=NTC1_Module 9
Added Pin To Net: NetName=NTC1_Module 10 Pin=P1_Module 10-14
Added Net: Name=NTC1_Module 10
Added Pin To Net: NetName=NTC1_Module 11 Pin=P1_Module 11-14
Added Net: Name=NTC1_Module 11
Added Pin To Net: NetName=NTC1_Module 12 Pin=P1_Module 12-14
Added Net: Name=NTC1_Module 12
Added Pin To Net: NetName=NTC1_Module 13 Pin=P1_Module 13-14
Added Net: Name=NTC1_Module 13
Added Pin To Net: NetName=NTC1_Module 14 Pin=P1_Module 14-14
Added Net: Name=NTC1_Module 14
Added Pin To Net: NetName=NTC1_Module 15 Pin=P1_Module 15-14
Added Net: Name=NTC1_Module 15
Added Pin To Net: NetName=NTC1_Module 16 Pin=P1_Module 16-14
Added Net: Name=NTC1_Module 16
Added Pin To Net: NetName=NTC1_Module 17 Pin=P1_Module 17-14
Added Net: Name=NTC1_Module 17
Added Pin To Net: NetName=NTC1_Module 18 Pin=P1_Module 18-14
Added Net: Name=NTC1_Module 18
Added Pin To Net: NetName=NTC2_Module 1 Pin=P1_Module 1-16
Added Net: Name=NTC2_Module 1
Added Pin To Net: NetName=NTC2_Module 2 Pin=P1_Module 2-16
Added Net: Name=NTC2_Module 2
Added Pin To Net: NetName=NTC2_Module 3 Pin=P1_Module 3-16
Added Net: Name=NTC2_Module 3
Added Pin To Net: NetName=NTC2_Module 4 Pin=P1_Module 4-16
Added Net: Name=NTC2_Module 4
Added Pin To Net: NetName=NTC2_Module 5 Pin=P1_Module 5-16
Added Net: Name=NTC2_Module 5
Added Pin To Net: NetName=NTC2_Module 6 Pin=P1_Module 6-16
Added Net: Name=NTC2_Module 6
Added Pin To Net: NetName=NTC2_Module 7 Pin=P1_Module 7-16
Added Net: Name=NTC2_Module 7
Added Pin To Net: NetName=NTC2_Module 8 Pin=P1_Module 8-16
Added Net: Name=NTC2_Module 8
Added Pin To Net: NetName=NTC2_Module 9 Pin=P1_Module 9-16
Added Net: Name=NTC2_Module 9
Added Pin To Net: NetName=NTC2_Module 10 Pin=P1_Module 10-16
Added Net: Name=NTC2_Module 10
Added Pin To Net: NetName=NTC2_Module 11 Pin=P1_Module 11-16
Added Net: Name=NTC2_Module 11
Added Pin To Net: NetName=NTC2_Module 12 Pin=P1_Module 12-16
Added Net: Name=NTC2_Module 12
Added Pin To Net: NetName=NTC2_Module 13 Pin=P1_Module 13-16
Added Net: Name=NTC2_Module 13
Added Pin To Net: NetName=NTC2_Module 14 Pin=P1_Module 14-16
Added Net: Name=NTC2_Module 14
Added Pin To Net: NetName=NTC2_Module 15 Pin=P1_Module 15-16
Added Net: Name=NTC2_Module 15
Added Pin To Net: NetName=NTC2_Module 16 Pin=P1_Module 16-16
Added Net: Name=NTC2_Module 16
Added Pin To Net: NetName=NTC2_Module 17 Pin=P1_Module 17-16
Added Net: Name=NTC2_Module 17
Added Pin To Net: NetName=NTC2_Module 18 Pin=P1_Module 18-16
Added Net: Name=NTC2_Module 18
Added Pin To Net: NetName=Vin_Module 1 Pin=P1_Module 1-6
Added Net: Name=Vin_Module 1
Added Pin To Net: NetName=Vin_Module 2 Pin=P1_Module 2-6
Added Net: Name=Vin_Module 2
Added Pin To Net: NetName=Vin_Module 3 Pin=P1_Module 3-6
Added Net: Name=Vin_Module 3
Added Pin To Net: NetName=Vin_Module 4 Pin=P1_Module 4-6
Added Net: Name=Vin_Module 4
Added Pin To Net: NetName=Vin_Module 5 Pin=P1_Module 5-6
Added Net: Name=Vin_Module 5
Added Pin To Net: NetName=Vin_Module 6 Pin=P1_Module 6-6
Added Net: Name=Vin_Module 6
Added Pin To Net: NetName=Vin_Module 7 Pin=P1_Module 7-6
Added Net: Name=Vin_Module 7
Added Pin To Net: NetName=Vin_Module 8 Pin=P1_Module 8-6
Added Net: Name=Vin_Module 8
Added Pin To Net: NetName=Vin_Module 9 Pin=P1_Module 9-6
Added Net: Name=Vin_Module 9
Added Pin To Net: NetName=Vin_Module 10 Pin=P1_Module 10-6
Added Net: Name=Vin_Module 10
Added Pin To Net: NetName=Vin_Module 11 Pin=P1_Module 11-6
Added Net: Name=Vin_Module 11
Added Pin To Net: NetName=Vin_Module 12 Pin=P1_Module 12-6
Added Net: Name=Vin_Module 12
Added Pin To Net: NetName=Vin_Module 13 Pin=P1_Module 13-6
Added Net: Name=Vin_Module 13
Added Pin To Net: NetName=Vin_Module 14 Pin=P1_Module 14-6
Added Net: Name=Vin_Module 14
Added Pin To Net: NetName=Vin_Module 15 Pin=P1_Module 15-6
Added Net: Name=Vin_Module 15
Added Pin To Net: NetName=Vin_Module 16 Pin=P1_Module 16-6
Added Net: Name=Vin_Module 16
Added Pin To Net: NetName=Vin_Module 17 Pin=P1_Module 17-6
Added Net: Name=Vin_Module 17
Added Pin To Net: NetName=Vin_Module 18 Pin=P1_Module 18-6
Added Net: Name=Vin_Module 18
Added Pin To Net: NetName=Vout_Module 1 Pin=P1_Module 1-8
Added Net: Name=Vout_Module 1
Added Pin To Net: NetName=Vout_Module 2 Pin=P1_Module 2-8
Added Net: Name=Vout_Module 2
Added Pin To Net: NetName=Vout_Module 3 Pin=P1_Module 3-8
Added Net: Name=Vout_Module 3
Added Pin To Net: NetName=Vout_Module 4 Pin=P1_Module 4-8
Added Net: Name=Vout_Module 4
Added Pin To Net: NetName=Vout_Module 5 Pin=P1_Module 5-8
Added Net: Name=Vout_Module 5
Added Pin To Net: NetName=Vout_Module 6 Pin=P1_Module 6-8
Added Net: Name=Vout_Module 6
Added Pin To Net: NetName=Vout_Module 7 Pin=P1_Module 7-8
Added Net: Name=Vout_Module 7
Added Pin To Net: NetName=Vout_Module 8 Pin=P1_Module 8-8
Added Net: Name=Vout_Module 8
Added Pin To Net: NetName=Vout_Module 9 Pin=P1_Module 9-8
Added Net: Name=Vout_Module 9
Added Pin To Net: NetName=Vout_Module 10 Pin=P1_Module 10-8
Added Net: Name=Vout_Module 10
Added Pin To Net: NetName=Vout_Module 11 Pin=P1_Module 11-8
Added Net: Name=Vout_Module 11
Added Pin To Net: NetName=Vout_Module 12 Pin=P1_Module 12-8
Added Net: Name=Vout_Module 12
Added Pin To Net: NetName=Vout_Module 13 Pin=P1_Module 13-8
Added Net: Name=Vout_Module 13
Added Pin To Net: NetName=Vout_Module 14 Pin=P1_Module 14-8
Added Net: Name=Vout_Module 14
Added Pin To Net: NetName=Vout_Module 15 Pin=P1_Module 15-8
Added Net: Name=Vout_Module 15
Added Pin To Net: NetName=Vout_Module 16 Pin=P1_Module 16-8
Added Net: Name=Vout_Module 16
Added Pin To Net: NetName=Vout_Module 17 Pin=P1_Module 17-8
Added Net: Name=Vout_Module 17
Added Pin To Net: NetName=Vout_Module 18 Pin=P1_Module 18-8
Added Net: Name=Vout_Module 18
Added Differential Pair: Name=Clock_Module 1
Added Differential Pair: Name=Clock_Module 2
Added Differential Pair: Name=Clock_Module 3
Added Differential Pair: Name=Clock_Module 4
Added Differential Pair: Name=Clock_Module 5
Added Differential Pair: Name=Clock_Module 6
Added Differential Pair: Name=Clock_Module 7
Added Differential Pair: Name=Clock_Module 8
Added Differential Pair: Name=Clock_Module 9
Added Differential Pair: Name=Clock_Module 10
Added Differential Pair: Name=Clock_Module 11
Added Differential Pair: Name=Clock_Module 12
Added Differential Pair: Name=Clock_Module 13
Added Differential Pair: Name=Clock_Module 14
Added Differential Pair: Name=Clock_Module 15
Added Differential Pair: Name=Clock_Module 16
Added Differential Pair: Name=Clock_Module 17
Added Differential Pair: Name=Clock_Module 18
Added Differential Pair: Name=Command_Module 1
Added Differential Pair: Name=Command_Module 2
Added Differential Pair: Name=Command_Module 3
Added Differential Pair: Name=Command_Module 4
Added Differential Pair: Name=Command_Module 5
Added Differential Pair: Name=Command_Module 6
Added Differential Pair: Name=Command_Module 7
Added Differential Pair: Name=Command_Module 8
Added Differential Pair: Name=Command_Module 9
Added Differential Pair: Name=Command_Module 10
Added Differential Pair: Name=Command_Module 11
Added Differential Pair: Name=Command_Module 12
Added Differential Pair: Name=Command_Module 13
Added Differential Pair: Name=Command_Module 14
Added Differential Pair: Name=Command_Module 15
Added Differential Pair: Name=Command_Module 16
Added Differential Pair: Name=Command_Module 17
Added Differential Pair: Name=Command_Module 18
Added Differential Pair: Name=Data0_Module 1
Added Differential Pair: Name=Data0_Module 2
Added Differential Pair: Name=Data0_Module 3
Added Differential Pair: Name=Data0_Module 4
Added Differential Pair: Name=Data0_Module 5
Added Differential Pair: Name=Data0_Module 6
Added Differential Pair: Name=Data0_Module 7
Added Differential Pair: Name=Data0_Module 8
Added Differential Pair: Name=Data0_Module 9
Added Differential Pair: Name=Data0_Module 10
Added Differential Pair: Name=Data0_Module 11
Added Differential Pair: Name=Data0_Module 12
Added Differential Pair: Name=Data0_Module 13
Added Differential Pair: Name=Data0_Module 14
Added Differential Pair: Name=Data0_Module 15
Added Differential Pair: Name=Data0_Module 16
Added Differential Pair: Name=Data0_Module 17
Added Differential Pair: Name=Data0_Module 18
Added Differential Pair: Name=Data1_Module 1
Added Differential Pair: Name=Data1_Module 2
Added Differential Pair: Name=Data1_Module 3
Added Differential Pair: Name=Data1_Module 4
Added Differential Pair: Name=Data1_Module 5
Added Differential Pair: Name=Data1_Module 6
Added Differential Pair: Name=Data1_Module 7
Added Differential Pair: Name=Data1_Module 8
Added Differential Pair: Name=Data1_Module 9
Added Differential Pair: Name=Data1_Module 10
Added Differential Pair: Name=Data1_Module 11
Added Differential Pair: Name=Data1_Module 12
Added Differential Pair: Name=Data1_Module 13
Added Differential Pair: Name=Data1_Module 14
Added Differential Pair: Name=Data1_Module 15
Added Differential Pair: Name=Data1_Module 16
Added Differential Pair: Name=Data1_Module 17
Added Differential Pair: Name=Data1_Module 18
Added Differential Pair: Name=Data2_Module 1
Added Differential Pair: Name=Data2_Module 2
Added Differential Pair: Name=Data2_Module 3
Added Differential Pair: Name=Data2_Module 4
Added Differential Pair: Name=Data2_Module 5
Added Differential Pair: Name=Data2_Module 6
Added Differential Pair: Name=Data2_Module 7
Added Differential Pair: Name=Data2_Module 8
Added Differential Pair: Name=Data2_Module 9
Added Differential Pair: Name=Data2_Module 10
Added Differential Pair: Name=Data2_Module 11
Added Differential Pair: Name=Data2_Module 12
Added Differential Pair: Name=Data2_Module 13
Added Differential Pair: Name=Data2_Module 14
Added Differential Pair: Name=Data2_Module 15
Added Differential Pair: Name=Data2_Module 16
Added Differential Pair: Name=Data2_Module 17
Added Differential Pair: Name=Data2_Module 18
Added Differential Pair: Name=Data3_Module 1
Added Differential Pair: Name=Data3_Module 2
Added Differential Pair: Name=Data3_Module 3
Added Differential Pair: Name=Data3_Module 4
Added Differential Pair: Name=Data3_Module 5
Added Differential Pair: Name=Data3_Module 6
Added Differential Pair: Name=Data3_Module 7
Added Differential Pair: Name=Data3_Module 8
Added Differential Pair: Name=Data3_Module 9
Added Differential Pair: Name=Data3_Module 10
Added Differential Pair: Name=Data3_Module 11
Added Differential Pair: Name=Data3_Module 12
Added Differential Pair: Name=Data3_Module 13
Added Differential Pair: Name=Data3_Module 14
Added Differential Pair: Name=Data3_Module 15
Added Differential Pair: Name=Data3_Module 16
Added Differential Pair: Name=Data3_Module 17
Added Differential Pair: Name=Data3_Module 18
Added Member To Class: ClassName=Module 9 Member=Component P1_Module 9 (P1) CN-2P-M-20
Added Member To Class: ClassName=Module 14 Member=Component P1_Module 14 (P1) CN-2P-M-20
