Added Component: Designator=J1_Module 11(SM02B-BSH-1-TB)
Add component. Clean all parameters for all variants
Added Component: Designator=J1_Module 12(SM02B-BSH-1-TB)
Add component. Clean all parameters for all variants
Added Component: Designator=J1_Module 13(SM02B-BSH-1-TB)
Add component. Clean all parameters for all variants
Added Component: Designator=J1_Module 14(SM02B-BSH-1-TB)
Add component. Clean all parameters for all variants
Added Component: Designator=J1_Module 15(SM02B-BSH-1-TB)
Add component. Clean all parameters for all variants
Added Component: Designator=J1_Module 16(SM02B-BSH-1-TB)
Add component. Clean all parameters for all variants
Added Component: Designator=J1_Module 17(SM02B-BSH-1-TB)
Add component. Clean all parameters for all variants
Added Component: Designator=J1_Module 18(SM02B-BSH-1-TB)
Add component. Clean all parameters for all variants
Added Component: Designator=J1_Module 19(SM02B-BSH-1-TB)
Add component. Clean all parameters for all variants
Added Component: Designator=J1_Module 20(SM02B-BSH-1-TB)
Add component. Clean all parameters for all variants
Added Component: Designator=P1_Module 11(SLH-010-1.50-G-D-A)
Add component. Clean all parameters for all variants
Added Component: Designator=P1_Module 12(SLH-010-1.50-G-D-A)
Add component. Clean all parameters for all variants
Added Component: Designator=P1_Module 13(SLH-010-1.50-G-D-A)
Add component. Clean all parameters for all variants
Added Component: Designator=P1_Module 14(SLH-010-1.50-G-D-A)
Add component. Clean all parameters for all variants
Added Component: Designator=P1_Module 15(SLH-010-1.50-G-D-A)
Add component. Clean all parameters for all variants
Added Component: Designator=P1_Module 16(SLH-010-1.50-G-D-A)
Add component. Clean all parameters for all variants
Added Component: Designator=P1_Module 17(SLH-010-1.50-G-D-A)
Add component. Clean all parameters for all variants
Added Component: Designator=P1_Module 18(SLH-010-1.50-G-D-A)
Add component. Clean all parameters for all variants
Added Component: Designator=P1_Module 19(SLH-010-1.50-G-D-A)
Add component. Clean all parameters for all variants
Added Component: Designator=P1_Module 20(SLH-010-1.50-G-D-A)
Add component. Clean all parameters for all variants
Added Component: Designator=P7(QSH-020-01-X-D-DP-A)
Add component. Clean all parameters for all variants
Added Pin To Net: NetName=Services.Vin_Module 5 Pin=P1_Module 4-2
Added Pin To Net: NetName=Services.Vin_Module 5 Pin=P1_Module 4-4
Added Pin To Net: NetName=Services.Vin_Module 5 Pin=P1_Module 4-6
Added Pin To Net: NetName=Module Services 4.Vin Pin=P1_Module 4-8
Added Pin To Net: NetName=Module Services 4.Vin Pin=P1_Module 4-10
Added Pin To Net: NetName=Module Services 4.Vin Pin=P1_Module 4-12
Added Pin To Net: NetName=Services.Vin_Module 6 Pin=P1_Module 5-2
Added Pin To Net: NetName=Services.Vin_Module 6 Pin=P1_Module 5-4
Added Pin To Net: NetName=Services.Vin_Module 6 Pin=P1_Module 5-6
Added Pin To Net: NetName=Services.Vout_Module 6 Pin=P1_Module 7-8
Added Pin To Net: NetName=Services.Vout_Module 6 Pin=P1_Module 7-10
Added Pin To Net: NetName=Services.Vout_Module 6 Pin=P1_Module 7-12
Added Pin To Net: NetName=Services.Vin_Module 9 Pin=P1_Module 8-2
Added Pin To Net: NetName=Services.Vin_Module 9 Pin=P1_Module 8-4
Added Pin To Net: NetName=Services.Vin_Module 9 Pin=P1_Module 8-6
Added Pin To Net: NetName=Services.Vout_Module 7 Pin=P1_Module 8-8
Added Pin To Net: NetName=Services.Vout_Module 7 Pin=P1_Module 8-10
Added Pin To Net: NetName=Services.Vout_Module 7 Pin=P1_Module 8-12
Added Pin To Net: NetName=Services.Vin_Module 10 Pin=P1_Module 9-2
Added Pin To Net: NetName=Services.Vin_Module 10 Pin=P1_Module 9-4
Added Pin To Net: NetName=Services.Vin_Module 10 Pin=P1_Module 9-6
Added Pin To Net: NetName=Services.Vout_Module 10 Pin=P1_Module 16-2
Added Pin To Net: NetName=Services.Vout_Module 10 Pin=P1_Module 16-4
Added Pin To Net: NetName=Services.Vout_Module 10 Pin=P1_Module 16-6
Added Pin To Net: NetName=Services.Vout_Module 10 Pin=P1_Module 17-2
Added Pin To Net: NetName=Services.Vout_Module 10 Pin=P1_Module 17-4
Added Pin To Net: NetName=Services.Vout_Module 10 Pin=P1_Module 17-6
Added Pin To Net: NetName=Services.Vout_Module 10 Pin=P1_Module 18-2
Added Pin To Net: NetName=Services.Vout_Module 10 Pin=P1_Module 18-4
Added Pin To Net: NetName=Services.Vout_Module 10 Pin=P1_Module 18-6
Added Pin To Net: NetName=Services.Vout_Module 10 Pin=P1_Module 19-2
Added Pin To Net: NetName=Services.Vout_Module 10 Pin=P1_Module 19-4
Added Pin To Net: NetName=Services.Vout_Module 10 Pin=P1_Module 19-6
Added Pin To Net: NetName=Services.Vout_Module 10 Pin=P1_Module 20-2
Added Pin To Net: NetName=Services.Vout_Module 10 Pin=P1_Module 20-4
Added Pin To Net: NetName=Services.Vout_Module 10 Pin=P1_Module 20-6
Added Pin To Net: NetName=Data0_Module 4_N Pin=P2-2
Added Pin To Net: NetName=Data0_Module 4_P Pin=P2-4
Added Pin To Net: NetName=Data1_Module 4_N Pin=P2-6
Added Pin To Net: NetName=Data1_Module 4_P Pin=P2-8
Added Pin To Net: NetName=Data0_Module 6_N Pin=P2-9
Added Pin To Net: NetName=Data2_Module 4_N Pin=P2-10
Added Pin To Net: NetName=Data0_Module 6_P Pin=P2-11
Added Pin To Net: NetName=Data2_Module 4_P Pin=P2-12
Added Pin To Net: NetName=Data1_Module 6_N Pin=P2-13
Added Pin To Net: NetName=Data3_Module 4_N Pin=P2-14
Added Pin To Net: NetName=Data1_Module 6_P Pin=P2-15
Added Pin To Net: NetName=Data3_Module 4_P Pin=P2-16
Added Pin To Net: NetName=Data2_Module 6_N Pin=P2-17
Added Pin To Net: NetName=Command_Module 4_N Pin=P2-18
Added Pin To Net: NetName=Data2_Module 6_P Pin=P2-19
Added Pin To Net: NetName=Command_Module 4_P Pin=P2-20
Added Pin To Net: NetName=Data3_Module 6_N Pin=P2-21
Added Pin To Net: NetName=Clock_Module 4_N Pin=P2-22
Added Pin To Net: NetName=Data3_Module 6_P Pin=P2-23
Added Pin To Net: NetName=Clock_Module 4_P Pin=P2-24
Added Pin To Net: NetName=Command_Module 6_N Pin=P2-25
Added Pin To Net: NetName=Data0_Module 5_N Pin=P2-26
Added Pin To Net: NetName=Command_Module 6_P Pin=P2-27
Added Pin To Net: NetName=Data0_Module 5_P Pin=P2-28
Added Pin To Net: NetName=Clock_Module 6_N Pin=P2-29
Added Pin To Net: NetName=Data1_Module 5_N Pin=P2-30
Added Pin To Net: NetName=Clock_Module 6_P Pin=P2-31
Added Pin To Net: NetName=Data1_Module 5_P Pin=P2-32
Added Pin To Net: NetName=Clock_Module 5_P Pin=P2-33
Added Pin To Net: NetName=Data2_Module 5_N Pin=P2-34
Added Pin To Net: NetName=Clock_Module 5_N Pin=P2-35
Added Pin To Net: NetName=Data2_Module 5_P Pin=P2-36
Added Pin To Net: NetName=Command_Module 5_P Pin=P2-37
Added Pin To Net: NetName=Data3_Module 5_N Pin=P2-38
Added Pin To Net: NetName=Command_Module 5_N Pin=P2-39
Added Pin To Net: NetName=Data3_Module 5_P Pin=P2-40
Added Pin To Net: NetName=Data0_Module 7_N Pin=P3-2
Added Pin To Net: NetName=Data0_Module 7_P Pin=P3-4
Added Pin To Net: NetName=Data1_Module 7_N Pin=P3-6
Added Pin To Net: NetName=Data1_Module 7_P Pin=P3-8
Added Pin To Net: NetName=Data0_Module 9_N Pin=P3-9
Added Pin To Net: NetName=Data2_Module 7_N Pin=P3-10
Added Pin To Net: NetName=Data0_Module 9_P Pin=P3-11
Added Pin To Net: NetName=Data2_Module 7_P Pin=P3-12
Added Pin To Net: NetName=Data1_Module 9_N Pin=P3-13
Added Pin To Net: NetName=Data3_Module 7_N Pin=P3-14
Added Pin To Net: NetName=Data1_Module 9_P Pin=P3-15
Added Pin To Net: NetName=Data3_Module 7_P Pin=P3-16
Added Pin To Net: NetName=Data2_Module 9_N Pin=P3-17
Added Pin To Net: NetName=Command_Module 7_N Pin=P3-18
Added Pin To Net: NetName=Data2_Module 9_P Pin=P3-19
Added Pin To Net: NetName=Command_Module 7_P Pin=P3-20
Added Pin To Net: NetName=Data3_Module 9_N Pin=P3-21
Added Pin To Net: NetName=Clock_Module 7_N Pin=P3-22
Added Pin To Net: NetName=Data3_Module 9_P Pin=P3-23
Added Pin To Net: NetName=Clock_Module 7_P Pin=P3-24
Added Pin To Net: NetName=Command_Module 9_N Pin=P3-25
Added Pin To Net: NetName=Data0_Module 8_N Pin=P3-26
Added Pin To Net: NetName=Command_Module 9_P Pin=P3-27
Added Pin To Net: NetName=Data0_Module 8_P Pin=P3-28
Added Pin To Net: NetName=Clock_Module 9_N Pin=P3-29
Added Pin To Net: NetName=Data1_Module 8_N Pin=P3-30
Added Pin To Net: NetName=Clock_Module 9_P Pin=P3-31
Added Pin To Net: NetName=Data1_Module 8_P Pin=P3-32
Added Pin To Net: NetName=Clock_Module 8_P Pin=P3-33
Added Pin To Net: NetName=Data2_Module 8_N Pin=P3-34
Added Pin To Net: NetName=Clock_Module 8_N Pin=P3-35
Added Pin To Net: NetName=Data2_Module 8_P Pin=P3-36
Added Pin To Net: NetName=Command_Module 8_P Pin=P3-37
Added Pin To Net: NetName=Data3_Module 8_N Pin=P3-38
Added Pin To Net: NetName=Command_Module 8_N Pin=P3-39
Added Pin To Net: NetName=Data3_Module 8_P Pin=P3-40
Added Pin To Net: NetName=Data0_Module 10_N Pin=P4-2
Added Pin To Net: NetName=Data0_Module 10_P Pin=P4-4
Added Pin To Net: NetName=Data1_Module 10_N Pin=P4-6
Added Pin To Net: NetName=Data1_Module 10_P Pin=P4-8
Added Pin To Net: NetName=Data2_Module 10_N Pin=P4-10
Added Pin To Net: NetName=Data2_Module 10_P Pin=P4-12
Added Pin To Net: NetName=Data3_Module 10_N Pin=P4-14
Added Pin To Net: NetName=Data3_Module 10_P Pin=P4-16
Added Pin To Net: NetName=Command_Module 10_N Pin=P4-18
Added Pin To Net: NetName=Command_Module 10_P Pin=P4-20
Added Pin To Net: NetName=Clock_Module 10_N Pin=P4-22
Added Pin To Net: NetName=Clock_Module 10_P Pin=P4-24
Change Net Name : Old Net Name=Module Services 1.HVin New Net Name=NetJ1_Module 1_1
Change Net Name : Old Net Name=Module Services 1.HVout New Net Name=NetJ1_Module 1_2
Change Net Name : Old Net Name=Module Services 1.Vin New Net Name=VCC
Change Net Name : Old Net Name=Module Services 1.Vout New Net Name=NetP1_Module 1_2
Change Net Name : Old Net Name=Module Services 2.HVin New Net Name=NetJ1_Module 2_1
Change Net Name : Old Net Name=Module Services 2.HVout New Net Name=NetJ1_Module 2_2
Change Net Name : Old Net Name=Module Services 2.Vout New Net Name=NetP1_Module 2_2
Change Net Name : Old Net Name=Module Services 3.HVin New Net Name=NetJ1_Module 3_1
Change Net Name : Old Net Name=Module Services 3.HVout New Net Name=NetJ1_Module 3_2
Change Net Name : Old Net Name=Module Services 4.Vin New Net Name=NetP1_Module 3_2
Change Net Name : Old Net Name=Services.HVin_Module 4 New Net Name=NetJ1_Module 4_1
Change Net Name : Old Net Name=Services.HVin_Module 5 New Net Name=NetJ1_Module 5_1
Change Net Name : Old Net Name=Services.HVin_Module 6 New Net Name=NetJ1_Module 6_1
Change Net Name : Old Net Name=Services.HVin_Module 7 New Net Name=NetJ1_Module 7_1
Change Net Name : Old Net Name=Services.HVin_Module 8 New Net Name=NetJ1_Module 8_1
Change Net Name : Old Net Name=Services.HVin_Module 9 New Net Name=NetJ1_Module 9_1
Change Net Name : Old Net Name=Services.HVin_Module 10 New Net Name=NetJ1_Module 10_1
Change Net Name : Old Net Name=Services.HVout_Module 4 New Net Name=NetJ1_Module 4_2
Change Net Name : Old Net Name=Services.HVout_Module 5 New Net Name=NetJ1_Module 5_2
Change Net Name : Old Net Name=Services.HVout_Module 6 New Net Name=NetJ1_Module 6_2
Change Net Name : Old Net Name=Services.HVout_Module 7 New Net Name=NetJ1_Module 7_2
Change Net Name : Old Net Name=Services.HVout_Module 8 New Net Name=NetJ1_Module 8_2
Change Net Name : Old Net Name=Services.HVout_Module 9 New Net Name=NetJ1_Module 9_2
Change Net Name : Old Net Name=Services.HVout_Module 10 New Net Name=NetJ1_Module 10_2
Change Net Name : Old Net Name=Services.Vin_Module 5 New Net Name=NetP1_Module 4_2
Change Net Name : Old Net Name=Services.Vin_Module 6 New Net Name=NetP1_Module 5_2
Change Net Name : Old Net Name=Services.Vin_Module 9 New Net Name=NetP1_Module 8_2
Change Net Name : Old Net Name=Services.Vin_Module 10 New Net Name=NetP1_Module 9_2
Change Net Name : Old Net Name=Services.Vout_Module 6 New Net Name=NetP1_Module 6_2
Change Net Name : Old Net Name=Services.Vout_Module 7 New Net Name=NetP1_Module 7_2
Change Net Name : Old Net Name=Services.Vout_Module 10 New Net Name=GND
Added Pin To Net: NetName=Clock_Module 11_N Pin=P1_Module 11-16
Added Pin To Net: NetName=Clock_Module 11_N Pin=P4-35
Added Net: Name=Clock_Module 11_N
Added Pin To Net: NetName=Clock_Module 11_P Pin=P1_Module 11-14
Added Pin To Net: NetName=Clock_Module 11_P Pin=P4-33
Added Net: Name=Clock_Module 11_P
Added Pin To Net: NetName=Clock_Module 12_N Pin=P1_Module 12-16
Added Pin To Net: NetName=Clock_Module 12_N Pin=P4-29
Added Net: Name=Clock_Module 12_N
Added Pin To Net: NetName=Clock_Module 12_P Pin=P1_Module 12-14
Added Pin To Net: NetName=Clock_Module 12_P Pin=P4-31
Added Net: Name=Clock_Module 12_P
Added Pin To Net: NetName=Clock_Module 13_N Pin=P1_Module 13-16
Added Pin To Net: NetName=Clock_Module 13_N Pin=P5-22
Added Net: Name=Clock_Module 13_N
Added Pin To Net: NetName=Clock_Module 13_P Pin=P1_Module 13-14
Added Pin To Net: NetName=Clock_Module 13_P Pin=P5-24
Added Net: Name=Clock_Module 13_P
Added Pin To Net: NetName=Clock_Module 14_N Pin=P1_Module 14-16
Added Pin To Net: NetName=Clock_Module 14_N Pin=P5-35
Added Net: Name=Clock_Module 14_N
Added Pin To Net: NetName=Clock_Module 14_P Pin=P1_Module 14-14
Added Pin To Net: NetName=Clock_Module 14_P Pin=P5-33
Added Net: Name=Clock_Module 14_P
Added Pin To Net: NetName=Clock_Module 15_N Pin=P1_Module 15-16
Added Pin To Net: NetName=Clock_Module 15_N Pin=P5-29
Added Net: Name=Clock_Module 15_N
Added Pin To Net: NetName=Clock_Module 15_P Pin=P1_Module 15-14
Added Pin To Net: NetName=Clock_Module 15_P Pin=P5-31
Added Net: Name=Clock_Module 15_P
Added Pin To Net: NetName=Clock_Module 16_N Pin=P1_Module 16-16
Added Pin To Net: NetName=Clock_Module 16_N Pin=P6-22
Added Net: Name=Clock_Module 16_N
Added Pin To Net: NetName=Clock_Module 16_P Pin=P1_Module 16-14
Added Pin To Net: NetName=Clock_Module 16_P Pin=P6-24
Added Net: Name=Clock_Module 16_P
Added Pin To Net: NetName=Clock_Module 17_N Pin=P1_Module 17-16
Added Pin To Net: NetName=Clock_Module 17_N Pin=P6-35
Added Net: Name=Clock_Module 17_N
Added Pin To Net: NetName=Clock_Module 17_P Pin=P1_Module 17-14
Added Pin To Net: NetName=Clock_Module 17_P Pin=P6-33
Added Net: Name=Clock_Module 17_P
Added Pin To Net: NetName=Clock_Module 18_N Pin=P1_Module 18-16
Added Pin To Net: NetName=Clock_Module 18_N Pin=P6-29
Added Net: Name=Clock_Module 18_N
Added Pin To Net: NetName=Clock_Module 18_P Pin=P1_Module 18-14
Added Pin To Net: NetName=Clock_Module 18_P Pin=P6-31
Added Net: Name=Clock_Module 18_P
Added Pin To Net: NetName=Clock_Module 19_N Pin=P1_Module 19-16
Added Pin To Net: NetName=Clock_Module 19_N Pin=P7-22
Added Net: Name=Clock_Module 19_N
Added Pin To Net: NetName=Clock_Module 19_P Pin=P1_Module 19-14
Added Pin To Net: NetName=Clock_Module 19_P Pin=P7-24
Added Net: Name=Clock_Module 19_P
Added Pin To Net: NetName=Clock_Module 20_N Pin=P1_Module 20-16
Added Pin To Net: NetName=Clock_Module 20_N Pin=P7-35
Added Net: Name=Clock_Module 20_N
Added Pin To Net: NetName=Clock_Module 20_P Pin=P1_Module 20-14
Added Pin To Net: NetName=Clock_Module 20_P Pin=P7-33
Added Net: Name=Clock_Module 20_P
Added Pin To Net: NetName=Command_Module 11_N Pin=P1_Module 11-20
Added Pin To Net: NetName=Command_Module 11_N Pin=P4-39
Added Net: Name=Command_Module 11_N
Added Pin To Net: NetName=Command_Module 11_P Pin=P1_Module 11-18
Added Pin To Net: NetName=Command_Module 11_P Pin=P4-37
Added Net: Name=Command_Module 11_P
Added Pin To Net: NetName=Command_Module 12_N Pin=P1_Module 12-20
Added Pin To Net: NetName=Command_Module 12_N Pin=P4-25
Added Net: Name=Command_Module 12_N
Added Pin To Net: NetName=Command_Module 12_P Pin=P1_Module 12-18
Added Pin To Net: NetName=Command_Module 12_P Pin=P4-27
Added Net: Name=Command_Module 12_P
Added Pin To Net: NetName=Command_Module 13_N Pin=P1_Module 13-20
Added Pin To Net: NetName=Command_Module 13_N Pin=P5-18
Added Net: Name=Command_Module 13_N
Added Pin To Net: NetName=Command_Module 13_P Pin=P1_Module 13-18
Added Pin To Net: NetName=Command_Module 13_P Pin=P5-20
Added Net: Name=Command_Module 13_P
Added Pin To Net: NetName=Command_Module 14_N Pin=P1_Module 14-20
Added Pin To Net: NetName=Command_Module 14_N Pin=P5-39
Added Net: Name=Command_Module 14_N
Added Pin To Net: NetName=Command_Module 14_P Pin=P1_Module 14-18
Added Pin To Net: NetName=Command_Module 14_P Pin=P5-37
Added Net: Name=Command_Module 14_P
Added Pin To Net: NetName=Command_Module 15_N Pin=P1_Module 15-20
Added Pin To Net: NetName=Command_Module 15_N Pin=P5-25
Added Net: Name=Command_Module 15_N
Added Pin To Net: NetName=Command_Module 15_P Pin=P1_Module 15-18
Added Pin To Net: NetName=Command_Module 15_P Pin=P5-27
Added Net: Name=Command_Module 15_P
Added Pin To Net: NetName=Command_Module 16_N Pin=P1_Module 16-20
Added Pin To Net: NetName=Command_Module 16_N Pin=P6-18
Added Net: Name=Command_Module 16_N
Added Pin To Net: NetName=Command_Module 16_P Pin=P1_Module 16-18
Added Pin To Net: NetName=Command_Module 16_P Pin=P6-20
Added Net: Name=Command_Module 16_P
Added Pin To Net: NetName=Command_Module 17_N Pin=P1_Module 17-20
Added Pin To Net: NetName=Command_Module 17_N Pin=P6-39
Added Net: Name=Command_Module 17_N
Added Pin To Net: NetName=Command_Module 17_P Pin=P1_Module 17-18
Added Pin To Net: NetName=Command_Module 17_P Pin=P6-37
Added Net: Name=Command_Module 17_P
Added Pin To Net: NetName=Command_Module 18_N Pin=P1_Module 18-20
Added Pin To Net: NetName=Command_Module 18_N Pin=P6-25
Added Net: Name=Command_Module 18_N
Added Pin To Net: NetName=Command_Module 18_P Pin=P1_Module 18-18
Added Pin To Net: NetName=Command_Module 18_P Pin=P6-27
Added Net: Name=Command_Module 18_P
Added Pin To Net: NetName=Command_Module 19_N Pin=P1_Module 19-20
Added Pin To Net: NetName=Command_Module 19_N Pin=P7-18
Added Net: Name=Command_Module 19_N
Added Pin To Net: NetName=Command_Module 19_P Pin=P1_Module 19-18
Added Pin To Net: NetName=Command_Module 19_P Pin=P7-20
Added Net: Name=Command_Module 19_P
Added Pin To Net: NetName=Command_Module 20_N Pin=P1_Module 20-20
Added Pin To Net: NetName=Command_Module 20_N Pin=P7-39
Added Net: Name=Command_Module 20_N
Added Pin To Net: NetName=Command_Module 20_P Pin=P1_Module 20-18
Added Pin To Net: NetName=Command_Module 20_P Pin=P7-37
Added Net: Name=Command_Module 20_P
Added Pin To Net: NetName=Data0_Module 11_N Pin=P1_Module 11-1
Added Pin To Net: NetName=Data0_Module 11_N Pin=P4-26
Added Net: Name=Data0_Module 11_N
Added Pin To Net: NetName=Data0_Module 11_P Pin=P1_Module 11-3
Added Pin To Net: NetName=Data0_Module 11_P Pin=P4-28
Added Net: Name=Data0_Module 11_P
Added Pin To Net: NetName=Data0_Module 12_N Pin=P1_Module 12-1
Added Pin To Net: NetName=Data0_Module 12_N Pin=P4-9
Added Net: Name=Data0_Module 12_N
Added Pin To Net: NetName=Data0_Module 12_P Pin=P1_Module 12-3
Added Pin To Net: NetName=Data0_Module 12_P Pin=P4-11
Added Net: Name=Data0_Module 12_P
Added Pin To Net: NetName=Data0_Module 13_N Pin=P1_Module 13-1
Added Pin To Net: NetName=Data0_Module 13_N Pin=P5-2
Added Net: Name=Data0_Module 13_N
Added Pin To Net: NetName=Data0_Module 13_P Pin=P1_Module 13-3
Added Pin To Net: NetName=Data0_Module 13_P Pin=P5-4
Added Net: Name=Data0_Module 13_P
Added Pin To Net: NetName=Data0_Module 14_N Pin=P1_Module 14-1
Added Pin To Net: NetName=Data0_Module 14_N Pin=P5-26
Added Net: Name=Data0_Module 14_N
Added Pin To Net: NetName=Data0_Module 14_P Pin=P1_Module 14-3
Added Pin To Net: NetName=Data0_Module 14_P Pin=P5-28
Added Net: Name=Data0_Module 14_P
Added Pin To Net: NetName=Data0_Module 15_N Pin=P1_Module 15-1
Added Pin To Net: NetName=Data0_Module 15_N Pin=P5-9
Added Net: Name=Data0_Module 15_N
Added Pin To Net: NetName=Data0_Module 15_P Pin=P1_Module 15-3
Added Pin To Net: NetName=Data0_Module 15_P Pin=P5-11
Added Net: Name=Data0_Module 15_P
Added Pin To Net: NetName=Data0_Module 16_N Pin=P1_Module 16-1
Added Pin To Net: NetName=Data0_Module 16_N Pin=P6-2
Added Net: Name=Data0_Module 16_N
Added Pin To Net: NetName=Data0_Module 16_P Pin=P1_Module 16-3
Added Pin To Net: NetName=Data0_Module 16_P Pin=P6-4
Added Net: Name=Data0_Module 16_P
Added Pin To Net: NetName=Data0_Module 17_N Pin=P1_Module 17-1
Added Pin To Net: NetName=Data0_Module 17_N Pin=P6-26
Added Net: Name=Data0_Module 17_N
Added Pin To Net: NetName=Data0_Module 17_P Pin=P1_Module 17-3
Added Pin To Net: NetName=Data0_Module 17_P Pin=P6-28
Added Net: Name=Data0_Module 17_P
Added Pin To Net: NetName=Data0_Module 18_N Pin=P1_Module 18-1
Added Pin To Net: NetName=Data0_Module 18_N Pin=P6-9
Added Net: Name=Data0_Module 18_N
Added Pin To Net: NetName=Data0_Module 18_P Pin=P1_Module 18-3
Added Pin To Net: NetName=Data0_Module 18_P Pin=P6-11
Added Net: Name=Data0_Module 18_P
Added Pin To Net: NetName=Data0_Module 19_N Pin=P1_Module 19-1
Added Pin To Net: NetName=Data0_Module 19_N Pin=P7-2
Added Net: Name=Data0_Module 19_N
Added Pin To Net: NetName=Data0_Module 19_P Pin=P1_Module 19-3
Added Pin To Net: NetName=Data0_Module 19_P Pin=P7-4
Added Net: Name=Data0_Module 19_P
Added Pin To Net: NetName=Data0_Module 20_N Pin=P1_Module 20-1
Added Pin To Net: NetName=Data0_Module 20_N Pin=P7-26
Added Net: Name=Data0_Module 20_N
Added Pin To Net: NetName=Data0_Module 20_P Pin=P1_Module 20-3
Added Pin To Net: NetName=Data0_Module 20_P Pin=P7-28
Added Net: Name=Data0_Module 20_P
Added Pin To Net: NetName=Data1_Module 11_N Pin=P1_Module 11-5
Added Pin To Net: NetName=Data1_Module 11_N Pin=P4-30
Added Net: Name=Data1_Module 11_N
Added Pin To Net: NetName=Data1_Module 11_P Pin=P1_Module 11-7
Added Pin To Net: NetName=Data1_Module 11_P Pin=P4-32
Added Net: Name=Data1_Module 11_P
Added Pin To Net: NetName=Data1_Module 12_N Pin=P1_Module 12-5
Added Pin To Net: NetName=Data1_Module 12_N Pin=P4-13
Added Net: Name=Data1_Module 12_N
Added Pin To Net: NetName=Data1_Module 12_P Pin=P1_Module 12-7
Added Pin To Net: NetName=Data1_Module 12_P Pin=P4-15
Added Net: Name=Data1_Module 12_P
Added Pin To Net: NetName=Data1_Module 13_N Pin=P1_Module 13-5
Added Pin To Net: NetName=Data1_Module 13_N Pin=P5-6
Added Net: Name=Data1_Module 13_N
Added Pin To Net: NetName=Data1_Module 13_P Pin=P1_Module 13-7
Added Pin To Net: NetName=Data1_Module 13_P Pin=P5-8
Added Net: Name=Data1_Module 13_P
Added Pin To Net: NetName=Data1_Module 14_N Pin=P1_Module 14-5
Added Pin To Net: NetName=Data1_Module 14_N Pin=P5-30
Added Net: Name=Data1_Module 14_N
Added Pin To Net: NetName=Data1_Module 14_P Pin=P1_Module 14-7
Added Pin To Net: NetName=Data1_Module 14_P Pin=P5-32
Added Net: Name=Data1_Module 14_P
Added Pin To Net: NetName=Data1_Module 15_N Pin=P1_Module 15-5
Added Pin To Net: NetName=Data1_Module 15_N Pin=P5-13
Added Net: Name=Data1_Module 15_N
Added Pin To Net: NetName=Data1_Module 15_P Pin=P1_Module 15-7
Added Pin To Net: NetName=Data1_Module 15_P Pin=P5-15
Added Net: Name=Data1_Module 15_P
Added Pin To Net: NetName=Data1_Module 16_N Pin=P1_Module 16-5
Added Pin To Net: NetName=Data1_Module 16_N Pin=P6-6
Added Net: Name=Data1_Module 16_N
Added Pin To Net: NetName=Data1_Module 16_P Pin=P1_Module 16-7
Added Pin To Net: NetName=Data1_Module 16_P Pin=P6-8
Added Net: Name=Data1_Module 16_P
Added Pin To Net: NetName=Data1_Module 17_N Pin=P1_Module 17-5
Added Pin To Net: NetName=Data1_Module 17_N Pin=P6-30
Added Net: Name=Data1_Module 17_N
Added Pin To Net: NetName=Data1_Module 17_P Pin=P1_Module 17-7
Added Pin To Net: NetName=Data1_Module 17_P Pin=P6-32
Added Net: Name=Data1_Module 17_P
Added Pin To Net: NetName=Data1_Module 18_N Pin=P1_Module 18-5
Added Pin To Net: NetName=Data1_Module 18_N Pin=P6-13
Added Net: Name=Data1_Module 18_N
Added Pin To Net: NetName=Data1_Module 18_P Pin=P1_Module 18-7
Added Pin To Net: NetName=Data1_Module 18_P Pin=P6-15
Added Net: Name=Data1_Module 18_P
Added Pin To Net: NetName=Data1_Module 19_N Pin=P1_Module 19-5
Added Pin To Net: NetName=Data1_Module 19_N Pin=P7-6
Added Net: Name=Data1_Module 19_N
Added Pin To Net: NetName=Data1_Module 19_P Pin=P1_Module 19-7
Added Pin To Net: NetName=Data1_Module 19_P Pin=P7-8
Added Net: Name=Data1_Module 19_P
Added Pin To Net: NetName=Data1_Module 20_N Pin=P1_Module 20-5
Added Pin To Net: NetName=Data1_Module 20_N Pin=P7-30
Added Net: Name=Data1_Module 20_N
Added Pin To Net: NetName=Data1_Module 20_P Pin=P1_Module 20-7
Added Pin To Net: NetName=Data1_Module 20_P Pin=P7-32
Added Net: Name=Data1_Module 20_P
Added Pin To Net: NetName=Data2_Module 11_N Pin=P1_Module 11-9
Added Pin To Net: NetName=Data2_Module 11_N Pin=P4-34
Added Net: Name=Data2_Module 11_N
Added Pin To Net: NetName=Data2_Module 11_P Pin=P1_Module 11-11
Added Pin To Net: NetName=Data2_Module 11_P Pin=P4-36
Added Net: Name=Data2_Module 11_P
Added Pin To Net: NetName=Data2_Module 12_N Pin=P1_Module 12-9
Added Pin To Net: NetName=Data2_Module 12_N Pin=P4-17
Added Net: Name=Data2_Module 12_N
Added Pin To Net: NetName=Data2_Module 12_P Pin=P1_Module 12-11
Added Pin To Net: NetName=Data2_Module 12_P Pin=P4-19
Added Net: Name=Data2_Module 12_P
Added Pin To Net: NetName=Data2_Module 13_N Pin=P1_Module 13-9
Added Pin To Net: NetName=Data2_Module 13_N Pin=P5-10
Added Net: Name=Data2_Module 13_N
Added Pin To Net: NetName=Data2_Module 13_P Pin=P1_Module 13-11
Added Pin To Net: NetName=Data2_Module 13_P Pin=P5-12
Added Net: Name=Data2_Module 13_P
Added Pin To Net: NetName=Data2_Module 14_N Pin=P1_Module 14-9
Added Pin To Net: NetName=Data2_Module 14_N Pin=P5-34
Added Net: Name=Data2_Module 14_N
Added Pin To Net: NetName=Data2_Module 14_P Pin=P1_Module 14-11
Added Pin To Net: NetName=Data2_Module 14_P Pin=P5-36
Added Net: Name=Data2_Module 14_P
Added Pin To Net: NetName=Data2_Module 15_N Pin=P1_Module 15-9
Added Pin To Net: NetName=Data2_Module 15_N Pin=P5-17
Added Net: Name=Data2_Module 15_N
Added Pin To Net: NetName=Data2_Module 15_P Pin=P1_Module 15-11
Added Pin To Net: NetName=Data2_Module 15_P Pin=P5-19
Added Net: Name=Data2_Module 15_P
Added Pin To Net: NetName=Data2_Module 16_N Pin=P1_Module 16-9
Added Pin To Net: NetName=Data2_Module 16_N Pin=P6-10
Added Net: Name=Data2_Module 16_N
Added Pin To Net: NetName=Data2_Module 16_P Pin=P1_Module 16-11
Added Pin To Net: NetName=Data2_Module 16_P Pin=P6-12
Added Net: Name=Data2_Module 16_P
Added Pin To Net: NetName=Data2_Module 17_N Pin=P1_Module 17-9
Added Pin To Net: NetName=Data2_Module 17_N Pin=P6-34
Added Net: Name=Data2_Module 17_N
Added Pin To Net: NetName=Data2_Module 17_P Pin=P1_Module 17-11
Added Pin To Net: NetName=Data2_Module 17_P Pin=P6-36
Added Net: Name=Data2_Module 17_P
Added Pin To Net: NetName=Data2_Module 18_N Pin=P1_Module 18-9
Added Pin To Net: NetName=Data2_Module 18_N Pin=P6-17
Added Net: Name=Data2_Module 18_N
Added Pin To Net: NetName=Data2_Module 18_P Pin=P1_Module 18-11
Added Pin To Net: NetName=Data2_Module 18_P Pin=P6-19
Added Net: Name=Data2_Module 18_P
Added Pin To Net: NetName=Data2_Module 19_N Pin=P1_Module 19-9
Added Pin To Net: NetName=Data2_Module 19_N Pin=P7-10
Added Net: Name=Data2_Module 19_N
Added Pin To Net: NetName=Data2_Module 19_P Pin=P1_Module 19-11
Added Pin To Net: NetName=Data2_Module 19_P Pin=P7-12
Added Net: Name=Data2_Module 19_P
Added Pin To Net: NetName=Data2_Module 20_N Pin=P1_Module 20-9
Added Pin To Net: NetName=Data2_Module 20_N Pin=P7-34
Added Net: Name=Data2_Module 20_N
Added Pin To Net: NetName=Data2_Module 20_P Pin=P1_Module 20-11
Added Pin To Net: NetName=Data2_Module 20_P Pin=P7-36
Added Net: Name=Data2_Module 20_P
Added Pin To Net: NetName=Data3_Module 11_N Pin=P1_Module 11-13
Added Pin To Net: NetName=Data3_Module 11_N Pin=P4-38
Added Net: Name=Data3_Module 11_N
Added Pin To Net: NetName=Data3_Module 11_P Pin=P1_Module 11-15
Added Pin To Net: NetName=Data3_Module 11_P Pin=P4-40
Added Net: Name=Data3_Module 11_P
Added Pin To Net: NetName=Data3_Module 12_N Pin=P1_Module 12-13
Added Pin To Net: NetName=Data3_Module 12_N Pin=P4-21
Added Net: Name=Data3_Module 12_N
Added Pin To Net: NetName=Data3_Module 12_P Pin=P1_Module 12-15
Added Pin To Net: NetName=Data3_Module 12_P Pin=P4-23
Added Net: Name=Data3_Module 12_P
Added Pin To Net: NetName=Data3_Module 13_N Pin=P1_Module 13-13
Added Pin To Net: NetName=Data3_Module 13_N Pin=P5-14
Added Net: Name=Data3_Module 13_N
Added Pin To Net: NetName=Data3_Module 13_P Pin=P1_Module 13-15
Added Pin To Net: NetName=Data3_Module 13_P Pin=P5-16
Added Net: Name=Data3_Module 13_P
Added Pin To Net: NetName=Data3_Module 14_N Pin=P1_Module 14-13
Added Pin To Net: NetName=Data3_Module 14_N Pin=P5-38
Added Net: Name=Data3_Module 14_N
Added Pin To Net: NetName=Data3_Module 14_P Pin=P1_Module 14-15
Added Pin To Net: NetName=Data3_Module 14_P Pin=P5-40
Added Net: Name=Data3_Module 14_P
Added Pin To Net: NetName=Data3_Module 15_N Pin=P1_Module 15-13
Added Pin To Net: NetName=Data3_Module 15_N Pin=P5-21
Added Net: Name=Data3_Module 15_N
Added Pin To Net: NetName=Data3_Module 15_P Pin=P1_Module 15-15
Added Pin To Net: NetName=Data3_Module 15_P Pin=P5-23
Added Net: Name=Data3_Module 15_P
Added Pin To Net: NetName=Data3_Module 16_N Pin=P1_Module 16-13
Added Pin To Net: NetName=Data3_Module 16_N Pin=P6-14
Added Net: Name=Data3_Module 16_N
Added Pin To Net: NetName=Data3_Module 16_P Pin=P1_Module 16-15
Added Pin To Net: NetName=Data3_Module 16_P Pin=P6-16
Added Net: Name=Data3_Module 16_P
Added Pin To Net: NetName=Data3_Module 17_N Pin=P1_Module 17-13
Added Pin To Net: NetName=Data3_Module 17_N Pin=P6-38
Added Net: Name=Data3_Module 17_N
Added Pin To Net: NetName=Data3_Module 17_P Pin=P1_Module 17-15
Added Pin To Net: NetName=Data3_Module 17_P Pin=P6-40
Added Net: Name=Data3_Module 17_P
Added Pin To Net: NetName=Data3_Module 18_N Pin=P1_Module 18-13
Added Pin To Net: NetName=Data3_Module 18_N Pin=P6-21
Added Net: Name=Data3_Module 18_N
Added Pin To Net: NetName=Data3_Module 18_P Pin=P1_Module 18-15
Added Pin To Net: NetName=Data3_Module 18_P Pin=P6-23
Added Net: Name=Data3_Module 18_P
Added Pin To Net: NetName=Data3_Module 19_N Pin=P1_Module 19-13
Added Pin To Net: NetName=Data3_Module 19_N Pin=P7-14
Added Net: Name=Data3_Module 19_N
Added Pin To Net: NetName=Data3_Module 19_P Pin=P1_Module 19-15
Added Pin To Net: NetName=Data3_Module 19_P Pin=P7-16
Added Net: Name=Data3_Module 19_P
Added Pin To Net: NetName=Data3_Module 20_N Pin=P1_Module 20-13
Added Pin To Net: NetName=Data3_Module 20_N Pin=P7-38
Added Net: Name=Data3_Module 20_N
Added Pin To Net: NetName=Data3_Module 20_P Pin=P1_Module 20-15
Added Pin To Net: NetName=Data3_Module 20_P Pin=P7-40
Added Net: Name=Data3_Module 20_P
Added Pin To Net: NetName=NetJ1_Module 11_1 Pin=J1_Module 11-1
Added Net: Name=NetJ1_Module 11_1
Added Pin To Net: NetName=NetJ1_Module 11_2 Pin=J1_Module 11-2
Added Net: Name=NetJ1_Module 11_2
Added Pin To Net: NetName=NetJ1_Module 12_1 Pin=J1_Module 12-1
Added Net: Name=NetJ1_Module 12_1
Added Pin To Net: NetName=NetJ1_Module 12_2 Pin=J1_Module 12-2
Added Net: Name=NetJ1_Module 12_2
Added Pin To Net: NetName=NetJ1_Module 13_1 Pin=J1_Module 13-1
Added Net: Name=NetJ1_Module 13_1
Added Pin To Net: NetName=NetJ1_Module 13_2 Pin=J1_Module 13-2
Added Net: Name=NetJ1_Module 13_2
Added Pin To Net: NetName=NetJ1_Module 14_1 Pin=J1_Module 14-1
Added Net: Name=NetJ1_Module 14_1
Added Pin To Net: NetName=NetJ1_Module 14_2 Pin=J1_Module 14-2
Added Net: Name=NetJ1_Module 14_2
Added Pin To Net: NetName=NetJ1_Module 15_1 Pin=J1_Module 15-1
Added Net: Name=NetJ1_Module 15_1
Added Pin To Net: NetName=NetJ1_Module 15_2 Pin=J1_Module 15-2
Added Net: Name=NetJ1_Module 15_2
Added Pin To Net: NetName=NetJ1_Module 16_1 Pin=J1_Module 16-1
Added Net: Name=NetJ1_Module 16_1
Added Pin To Net: NetName=NetJ1_Module 16_2 Pin=J1_Module 16-2
Added Net: Name=NetJ1_Module 16_2
Added Pin To Net: NetName=NetJ1_Module 17_1 Pin=J1_Module 17-1
Added Net: Name=NetJ1_Module 17_1
Added Pin To Net: NetName=NetJ1_Module 17_2 Pin=J1_Module 17-2
Added Net: Name=NetJ1_Module 17_2
Added Pin To Net: NetName=NetJ1_Module 18_1 Pin=J1_Module 18-1
Added Net: Name=NetJ1_Module 18_1
Added Pin To Net: NetName=NetJ1_Module 18_2 Pin=J1_Module 18-2
Added Net: Name=NetJ1_Module 18_2
Added Pin To Net: NetName=NetJ1_Module 19_1 Pin=J1_Module 19-1
Added Net: Name=NetJ1_Module 19_1
Added Pin To Net: NetName=NetJ1_Module 19_2 Pin=J1_Module 19-2
Added Net: Name=NetJ1_Module 19_2
Added Pin To Net: NetName=NetJ1_Module 20_1 Pin=J1_Module 20-1
Added Net: Name=NetJ1_Module 20_1
Added Pin To Net: NetName=NetJ1_Module 20_2 Pin=J1_Module 20-2
Added Net: Name=NetJ1_Module 20_2
Added Pin To Net: NetName=NTC_Module 11 Pin=P1_Module 11-17
Added Pin To Net: NetName=NTC_Module 11 Pin=P1_Module 11-19
Added Net: Name=NTC_Module 11
Added Pin To Net: NetName=NTC_Module 12 Pin=P1_Module 12-17
Added Pin To Net: NetName=NTC_Module 12 Pin=P1_Module 12-19
Added Net: Name=NTC_Module 12
Added Pin To Net: NetName=NTC_Module 13 Pin=P1_Module 13-17
Added Pin To Net: NetName=NTC_Module 13 Pin=P1_Module 13-19
Added Net: Name=NTC_Module 13
Added Pin To Net: NetName=NTC_Module 14 Pin=P1_Module 14-17
Added Pin To Net: NetName=NTC_Module 14 Pin=P1_Module 14-19
Added Net: Name=NTC_Module 14
Added Pin To Net: NetName=NTC_Module 15 Pin=P1_Module 15-17
Added Pin To Net: NetName=NTC_Module 15 Pin=P1_Module 15-19
Added Net: Name=NTC_Module 15
Added Pin To Net: NetName=NTC_Module 16 Pin=P1_Module 16-17
Added Pin To Net: NetName=NTC_Module 16 Pin=P1_Module 16-19
Added Net: Name=NTC_Module 16
Added Pin To Net: NetName=NTC_Module 17 Pin=P1_Module 17-17
Added Pin To Net: NetName=NTC_Module 17 Pin=P1_Module 17-19
Added Net: Name=NTC_Module 17
Added Pin To Net: NetName=NTC_Module 18 Pin=P1_Module 18-17
Added Pin To Net: NetName=NTC_Module 18 Pin=P1_Module 18-19
Added Net: Name=NTC_Module 18
Added Pin To Net: NetName=NTC_Module 19 Pin=P1_Module 19-17
Added Pin To Net: NetName=NTC_Module 19 Pin=P1_Module 19-19
Added Net: Name=NTC_Module 19
Added Pin To Net: NetName=NTC_Module 20 Pin=P1_Module 20-17
Added Pin To Net: NetName=NTC_Module 20 Pin=P1_Module 20-19
Added Net: Name=NTC_Module 20
Added Pin To Net: NetName=VCC2 Pin=P1_Module 11-8
Added Pin To Net: NetName=VCC2 Pin=P1_Module 11-10
Added Pin To Net: NetName=VCC2 Pin=P1_Module 11-12
Added Pin To Net: NetName=VCC2 Pin=P1_Module 12-8
Added Pin To Net: NetName=VCC2 Pin=P1_Module 12-10
Added Pin To Net: NetName=VCC2 Pin=P1_Module 12-12
Added Pin To Net: NetName=VCC2 Pin=P1_Module 13-8
Added Pin To Net: NetName=VCC2 Pin=P1_Module 13-10
Added Pin To Net: NetName=VCC2 Pin=P1_Module 13-12
Added Pin To Net: NetName=VCC2 Pin=P1_Module 14-8
Added Pin To Net: NetName=VCC2 Pin=P1_Module 14-10
Added Pin To Net: NetName=VCC2 Pin=P1_Module 14-12
Added Pin To Net: NetName=VCC2 Pin=P1_Module 15-8
Added Pin To Net: NetName=VCC2 Pin=P1_Module 15-10
Added Pin To Net: NetName=VCC2 Pin=P1_Module 15-12
Added Net: Name=VCC2
Added Pin To Net: NetName=VCC3 Pin=P1_Module 11-2
Added Pin To Net: NetName=VCC3 Pin=P1_Module 11-4
Added Pin To Net: NetName=VCC3 Pin=P1_Module 11-6
Added Pin To Net: NetName=VCC3 Pin=P1_Module 12-2
Added Pin To Net: NetName=VCC3 Pin=P1_Module 12-4
Added Pin To Net: NetName=VCC3 Pin=P1_Module 12-6
Added Pin To Net: NetName=VCC3 Pin=P1_Module 13-2
Added Pin To Net: NetName=VCC3 Pin=P1_Module 13-4
Added Pin To Net: NetName=VCC3 Pin=P1_Module 13-6
Added Pin To Net: NetName=VCC3 Pin=P1_Module 14-2
Added Pin To Net: NetName=VCC3 Pin=P1_Module 14-4
Added Pin To Net: NetName=VCC3 Pin=P1_Module 14-6
Added Pin To Net: NetName=VCC3 Pin=P1_Module 15-2
Added Pin To Net: NetName=VCC3 Pin=P1_Module 15-4
Added Pin To Net: NetName=VCC3 Pin=P1_Module 15-6
Added Pin To Net: NetName=VCC3 Pin=P1_Module 16-8
Added Pin To Net: NetName=VCC3 Pin=P1_Module 16-10
Added Pin To Net: NetName=VCC3 Pin=P1_Module 16-12
Added Pin To Net: NetName=VCC3 Pin=P1_Module 17-8
Added Pin To Net: NetName=VCC3 Pin=P1_Module 17-10
Added Pin To Net: NetName=VCC3 Pin=P1_Module 17-12
Added Pin To Net: NetName=VCC3 Pin=P1_Module 18-8
Added Pin To Net: NetName=VCC3 Pin=P1_Module 18-10
Added Pin To Net: NetName=VCC3 Pin=P1_Module 18-12
Added Pin To Net: NetName=VCC3 Pin=P1_Module 19-8
Added Pin To Net: NetName=VCC3 Pin=P1_Module 19-10
Added Pin To Net: NetName=VCC3 Pin=P1_Module 19-12
Added Pin To Net: NetName=VCC3 Pin=P1_Module 20-8
Added Pin To Net: NetName=VCC3 Pin=P1_Module 20-10
Added Pin To Net: NetName=VCC3 Pin=P1_Module 20-12
Added Net: Name=VCC3
Added Class: Name=Module 11
Added Class: Name=Module 12
Added Class: Name=Module 13
Added Class: Name=Module 14
Added Class: Name=Module 15
Added Class: Name=Module 16
Added Class: Name=Module 17
Added Class: Name=Module 18
Added Class: Name=Module 19
Added Class: Name=Module 20
Added Differential Pair: Name=Data0_Module 11
Added Differential Pair: Name=Data0_Module 12
Added Differential Pair: Name=Data0_Module 13
Added Differential Pair: Name=Data0_Module 14
Added Differential Pair: Name=Data0_Module 15
Added Differential Pair: Name=Data0_Module 16
Added Differential Pair: Name=Data0_Module 17
Added Differential Pair: Name=Data0_Module 18
Added Differential Pair: Name=Data0_Module 19
Added Differential Pair: Name=Data0_Module 20
Added Differential Pair: Name=Data1_Module 11
Added Differential Pair: Name=Data1_Module 12
Added Differential Pair: Name=Data1_Module 13
Added Differential Pair: Name=Data1_Module 14
Added Differential Pair: Name=Data1_Module 15
Added Differential Pair: Name=Data1_Module 16
Added Differential Pair: Name=Data1_Module 17
Added Differential Pair: Name=Data1_Module 18
Added Differential Pair: Name=Data1_Module 19
Added Differential Pair: Name=Data1_Module 20
Added Differential Pair: Name=Data2_Module 11
Added Differential Pair: Name=Data2_Module 12
Added Differential Pair: Name=Data2_Module 13
Added Differential Pair: Name=Data2_Module 14
Added Differential Pair: Name=Data2_Module 15
Added Differential Pair: Name=Data2_Module 16
Added Differential Pair: Name=Data2_Module 17
Added Differential Pair: Name=Data2_Module 18
Added Differential Pair: Name=Data2_Module 19
Added Differential Pair: Name=Data2_Module 20
Added Differential Pair: Name=Data3_Module 11
Added Differential Pair: Name=Data3_Module 12
Added Differential Pair: Name=Data3_Module 13
Added Differential Pair: Name=Data3_Module 14
Added Differential Pair: Name=Data3_Module 15
Added Differential Pair: Name=Data3_Module 16
Added Differential Pair: Name=Data3_Module 17
Added Differential Pair: Name=Data3_Module 18
Added Differential Pair: Name=Data3_Module 19
Added Differential Pair: Name=Data3_Module 20
Added Member To Class: ClassName=Designator Member=Component P7 QSH-020-01-F-D-DP-A
