Removed Pin From Net: NetName=Data0_Module 10_N Pin=P4-2
Removed Pin From Net: NetName=Data0_Module 10_P Pin=P4-4
Removed Pin From Net: NetName=Data1_Module 10_N Pin=P4-6
Removed Pin From Net: NetName=Data1_Module 10_P Pin=P4-8
Removed Pin From Net: NetName=Data2_Module 10_N Pin=P4-10
Removed Pin From Net: NetName=Data2_Module 10_P Pin=P4-12
Removed Pin From Net: NetName=Data3_Module 10_N Pin=P4-14
Removed Pin From Net: NetName=Data3_Module 10_P Pin=P4-16
Removed Pin From Net: NetName=Command_Module 10_N Pin=P4-18
Removed Pin From Net: NetName=Command_Module 10_P Pin=P4-20
Removed Pin From Net: NetName=Clock_Module 10_N Pin=P4-22
Removed Pin From Net: NetName=Clock_Module 10_P Pin=P4-24
Added Pin To Net: NetName=Data3_Module 10_P Pin=P4-2
Added Pin To Net: NetName=Data3_Module 10_N Pin=P4-4
Added Pin To Net: NetName=Data2_Module 10_P Pin=P4-6
Added Pin To Net: NetName=Data2_Module 10_N Pin=P4-8
Added Pin To Net: NetName=Data1_Module 10_P Pin=P4-10
Added Pin To Net: NetName=Data1_Module 10_N Pin=P4-12
Added Pin To Net: NetName=Data0_Module 10_P Pin=P4-14
Added Pin To Net: NetName=Data0_Module 10_N Pin=P4-16
Added Pin To Net: NetName=Clock_Module 10_P Pin=P4-18
Added Pin To Net: NetName=Clock_Module 10_N Pin=P4-20
Added Pin To Net: NetName=Command_Module 10_P Pin=P4-22
Added Pin To Net: NetName=Command_Module 10_N Pin=P4-24
