Removed Pin From Net: NetName=Data1_Module 4_P Pin=P2-2
Removed Pin From Net: NetName=Data1_Module 4_N Pin=P2-4
Removed Pin From Net: NetName=Data0_Module 4_P Pin=P2-6
Removed Pin From Net: NetName=Data0_Module 4_N Pin=P2-8
Removed Pin From Net: NetName=Clock_Module 4_P Pin=P2-10
Removed Pin From Net: NetName=Clock_Module 4_N Pin=P2-12
Removed Pin From Net: NetName=Data3_Module 4_N Pin=P2-14
Removed Pin From Net: NetName=Data3_Module 4_P Pin=P2-16
Removed Pin From Net: NetName=Command_Module 4_N Pin=P2-18
Removed Pin From Net: NetName=Command_Module 4_P Pin=P2-20
Removed Pin From Net: NetName=Data2_Module 4_N Pin=P2-22
Removed Pin From Net: NetName=Data2_Module 4_P Pin=P2-24
Added Pin To Net: NetName=Data3_Module 4_P Pin=P2-2
Added Pin To Net: NetName=Data3_Module 4_N Pin=P2-4
Added Pin To Net: NetName=Data2_Module 4_P Pin=P2-6
Added Pin To Net: NetName=Data2_Module 4_N Pin=P2-8
Added Pin To Net: NetName=Data1_Module 4_P Pin=P2-10
Added Pin To Net: NetName=Data1_Module 4_N Pin=P2-12
Added Pin To Net: NetName=Data0_Module 4_P Pin=P2-14
Added Pin To Net: NetName=Data0_Module 4_N Pin=P2-16
Added Pin To Net: NetName=Clock_Module 4_P Pin=P2-18
Added Pin To Net: NetName=Clock_Module 4_N Pin=P2-20
Added Pin To Net: NetName=Command_Module 4_N Pin=P2-22
Added Pin To Net: NetName=Command_Module 4_P Pin=P2-24
