Added Pin To Net: NetName=VCC Pin=P5-17
Added Pin To Net: NetName=VCC Pin=P5-19
Added Pin To Net: NetName=VCC Pin=P5-21
Added Pin To Net: NetName=VCC Pin=P5-23
Added Pin To Net: NetName=VCC Pin=P5-25
Added Pin To Net: NetName=VCC Pin=P5-27
Added Pin To Net: NetName=GND Pin=P5-29
Added Pin To Net: NetName=GND Pin=P5-31
Added Pin To Net: NetName=GND Pin=P5-33
Added Pin To Net: NetName=GND Pin=P5-35
Added Pin To Net: NetName=GND Pin=P5-37
Added Pin To Net: NetName=GND Pin=P5-39
Added Pin To Net: NetName=Clock_Module 11_N Pin=P1_Module 11-16
Added Net: Name=Clock_Module 11_N
Added Pin To Net: NetName=Clock_Module 11_P Pin=P1_Module 11-14
Added Net: Name=Clock_Module 11_P
Added Pin To Net: NetName=Clock_Module 12_N Pin=P1_Module 12-16
Added Net: Name=Clock_Module 12_N
Added Pin To Net: NetName=Clock_Module 12_P Pin=P1_Module 12-14
Added Net: Name=Clock_Module 12_P
Added Pin To Net: NetName=Clock_Module 13_N Pin=P1_Module 13-16
Added Net: Name=Clock_Module 13_N
Added Pin To Net: NetName=Clock_Module 13_P Pin=P1_Module 13-14
Added Net: Name=Clock_Module 13_P
Added Pin To Net: NetName=Clock_Module 14_N Pin=P1_Module 14-16
Added Net: Name=Clock_Module 14_N
Added Pin To Net: NetName=Clock_Module 14_P Pin=P1_Module 14-14
Added Net: Name=Clock_Module 14_P
Added Pin To Net: NetName=Clock_Module 15_N Pin=P1_Module 15-16
Added Net: Name=Clock_Module 15_N
Added Pin To Net: NetName=Clock_Module 15_P Pin=P1_Module 15-14
Added Net: Name=Clock_Module 15_P
Added Pin To Net: NetName=Clock_Module 16_N Pin=P1_Module 16-16
Added Net: Name=Clock_Module 16_N
Added Pin To Net: NetName=Clock_Module 16_P Pin=P1_Module 16-14
Added Net: Name=Clock_Module 16_P
Added Pin To Net: NetName=Clock_Module 17_N Pin=P1_Module 17-16
Added Net: Name=Clock_Module 17_N
Added Pin To Net: NetName=Clock_Module 17_P Pin=P1_Module 17-14
Added Net: Name=Clock_Module 17_P
Added Pin To Net: NetName=Clock_Module 18_N Pin=P1_Module 18-16
Added Net: Name=Clock_Module 18_N
Added Pin To Net: NetName=Clock_Module 18_P Pin=P1_Module 18-14
Added Net: Name=Clock_Module 18_P
Added Pin To Net: NetName=Clock_Module 19_N Pin=P1_Module 19-16
Added Net: Name=Clock_Module 19_N
Added Pin To Net: NetName=Clock_Module 19_P Pin=P1_Module 19-14
Added Net: Name=Clock_Module 19_P
Added Pin To Net: NetName=Clock_Module 20_N Pin=P1_Module 20-16
Added Net: Name=Clock_Module 20_N
Added Pin To Net: NetName=Clock_Module 20_P Pin=P1_Module 20-14
Added Net: Name=Clock_Module 20_P
Added Pin To Net: NetName=Command_Module 11_N Pin=P1_Module 11-20
Added Net: Name=Command_Module 11_N
Added Pin To Net: NetName=Command_Module 11_P Pin=P1_Module 11-18
Added Net: Name=Command_Module 11_P
Added Pin To Net: NetName=Command_Module 12_N Pin=P1_Module 12-20
Added Net: Name=Command_Module 12_N
Added Pin To Net: NetName=Command_Module 12_P Pin=P1_Module 12-18
Added Net: Name=Command_Module 12_P
Added Pin To Net: NetName=Command_Module 13_N Pin=P1_Module 13-20
Added Net: Name=Command_Module 13_N
Added Pin To Net: NetName=Command_Module 13_P Pin=P1_Module 13-18
Added Net: Name=Command_Module 13_P
Added Pin To Net: NetName=Command_Module 14_N Pin=P1_Module 14-20
Added Net: Name=Command_Module 14_N
Added Pin To Net: NetName=Command_Module 14_P Pin=P1_Module 14-18
Added Net: Name=Command_Module 14_P
Added Pin To Net: NetName=Command_Module 15_N Pin=P1_Module 15-20
Added Net: Name=Command_Module 15_N
Added Pin To Net: NetName=Command_Module 15_P Pin=P1_Module 15-18
Added Net: Name=Command_Module 15_P
Added Pin To Net: NetName=Command_Module 16_N Pin=P1_Module 16-20
Added Net: Name=Command_Module 16_N
Added Pin To Net: NetName=Command_Module 16_P Pin=P1_Module 16-18
Added Net: Name=Command_Module 16_P
Added Pin To Net: NetName=Command_Module 17_N Pin=P1_Module 17-20
Added Net: Name=Command_Module 17_N
Added Pin To Net: NetName=Command_Module 17_P Pin=P1_Module 17-18
Added Net: Name=Command_Module 17_P
Added Pin To Net: NetName=Command_Module 18_N Pin=P1_Module 18-20
Added Net: Name=Command_Module 18_N
Added Pin To Net: NetName=Command_Module 18_P Pin=P1_Module 18-18
Added Net: Name=Command_Module 18_P
Added Pin To Net: NetName=Command_Module 19_N Pin=P1_Module 19-20
Added Net: Name=Command_Module 19_N
Added Pin To Net: NetName=Command_Module 19_P Pin=P1_Module 19-18
Added Net: Name=Command_Module 19_P
Added Pin To Net: NetName=Command_Module 20_N Pin=P1_Module 20-20
Added Net: Name=Command_Module 20_N
Added Pin To Net: NetName=Command_Module 20_P Pin=P1_Module 20-18
Added Net: Name=Command_Module 20_P
Added Pin To Net: NetName=Data0_Module 11_N Pin=P1_Module 11-1
Added Net: Name=Data0_Module 11_N
Added Pin To Net: NetName=Data0_Module 11_P Pin=P1_Module 11-3
Added Net: Name=Data0_Module 11_P
Added Pin To Net: NetName=Data0_Module 12_N Pin=P1_Module 12-1
Added Net: Name=Data0_Module 12_N
Added Pin To Net: NetName=Data0_Module 12_P Pin=P1_Module 12-3
Added Net: Name=Data0_Module 12_P
Added Pin To Net: NetName=Data0_Module 13_N Pin=P1_Module 13-1
Added Net: Name=Data0_Module 13_N
Added Pin To Net: NetName=Data0_Module 13_P Pin=P1_Module 13-3
Added Net: Name=Data0_Module 13_P
Added Pin To Net: NetName=Data0_Module 14_N Pin=P1_Module 14-1
Added Net: Name=Data0_Module 14_N
Added Pin To Net: NetName=Data0_Module 14_P Pin=P1_Module 14-3
Added Net: Name=Data0_Module 14_P
Added Pin To Net: NetName=Data0_Module 15_N Pin=P1_Module 15-1
Added Net: Name=Data0_Module 15_N
Added Pin To Net: NetName=Data0_Module 15_P Pin=P1_Module 15-3
Added Net: Name=Data0_Module 15_P
Added Pin To Net: NetName=Data0_Module 16_N Pin=P1_Module 16-1
Added Net: Name=Data0_Module 16_N
Added Pin To Net: NetName=Data0_Module 16_P Pin=P1_Module 16-3
Added Net: Name=Data0_Module 16_P
Added Pin To Net: NetName=Data0_Module 17_N Pin=P1_Module 17-1
Added Net: Name=Data0_Module 17_N
Added Pin To Net: NetName=Data0_Module 17_P Pin=P1_Module 17-3
Added Net: Name=Data0_Module 17_P
Added Pin To Net: NetName=Data0_Module 18_N Pin=P1_Module 18-1
Added Net: Name=Data0_Module 18_N
Added Pin To Net: NetName=Data0_Module 18_P Pin=P1_Module 18-3
Added Net: Name=Data0_Module 18_P
Added Pin To Net: NetName=Data0_Module 19_N Pin=P1_Module 19-1
Added Net: Name=Data0_Module 19_N
Added Pin To Net: NetName=Data0_Module 19_P Pin=P1_Module 19-3
Added Net: Name=Data0_Module 19_P
Added Pin To Net: NetName=Data0_Module 20_N Pin=P1_Module 20-1
Added Net: Name=Data0_Module 20_N
Added Pin To Net: NetName=Data0_Module 20_P Pin=P1_Module 20-3
Added Net: Name=Data0_Module 20_P
Added Pin To Net: NetName=Data1_Module 11_N Pin=P1_Module 11-5
Added Net: Name=Data1_Module 11_N
Added Pin To Net: NetName=Data1_Module 11_P Pin=P1_Module 11-7
Added Net: Name=Data1_Module 11_P
Added Pin To Net: NetName=Data1_Module 12_N Pin=P1_Module 12-5
Added Net: Name=Data1_Module 12_N
Added Pin To Net: NetName=Data1_Module 12_P Pin=P1_Module 12-7
Added Net: Name=Data1_Module 12_P
Added Pin To Net: NetName=Data1_Module 13_N Pin=P1_Module 13-5
Added Net: Name=Data1_Module 13_N
Added Pin To Net: NetName=Data1_Module 13_P Pin=P1_Module 13-7
Added Net: Name=Data1_Module 13_P
Added Pin To Net: NetName=Data1_Module 14_N Pin=P1_Module 14-5
Added Net: Name=Data1_Module 14_N
Added Pin To Net: NetName=Data1_Module 14_P Pin=P1_Module 14-7
Added Net: Name=Data1_Module 14_P
Added Pin To Net: NetName=Data1_Module 15_N Pin=P1_Module 15-5
Added Net: Name=Data1_Module 15_N
Added Pin To Net: NetName=Data1_Module 15_P Pin=P1_Module 15-7
Added Net: Name=Data1_Module 15_P
Added Pin To Net: NetName=Data1_Module 16_N Pin=P1_Module 16-5
Added Net: Name=Data1_Module 16_N
Added Pin To Net: NetName=Data1_Module 16_P Pin=P1_Module 16-7
Added Net: Name=Data1_Module 16_P
Added Pin To Net: NetName=Data1_Module 17_N Pin=P1_Module 17-5
Added Net: Name=Data1_Module 17_N
Added Pin To Net: NetName=Data1_Module 17_P Pin=P1_Module 17-7
Added Net: Name=Data1_Module 17_P
Added Pin To Net: NetName=Data1_Module 18_N Pin=P1_Module 18-5
Added Net: Name=Data1_Module 18_N
Added Pin To Net: NetName=Data1_Module 18_P Pin=P1_Module 18-7
Added Net: Name=Data1_Module 18_P
Added Pin To Net: NetName=Data1_Module 19_N Pin=P1_Module 19-5
Added Net: Name=Data1_Module 19_N
Added Pin To Net: NetName=Data1_Module 19_P Pin=P1_Module 19-7
Added Net: Name=Data1_Module 19_P
Added Pin To Net: NetName=Data1_Module 20_N Pin=P1_Module 20-5
Added Net: Name=Data1_Module 20_N
Added Pin To Net: NetName=Data1_Module 20_P Pin=P1_Module 20-7
Added Net: Name=Data1_Module 20_P
Added Pin To Net: NetName=Data2_Module 11_N Pin=P1_Module 11-9
Added Net: Name=Data2_Module 11_N
Added Pin To Net: NetName=Data2_Module 11_P Pin=P1_Module 11-11
Added Net: Name=Data2_Module 11_P
Added Pin To Net: NetName=Data2_Module 12_N Pin=P1_Module 12-9
Added Net: Name=Data2_Module 12_N
Added Pin To Net: NetName=Data2_Module 12_P Pin=P1_Module 12-11
Added Net: Name=Data2_Module 12_P
Added Pin To Net: NetName=Data2_Module 13_N Pin=P1_Module 13-9
Added Net: Name=Data2_Module 13_N
Added Pin To Net: NetName=Data2_Module 13_P Pin=P1_Module 13-11
Added Net: Name=Data2_Module 13_P
Added Pin To Net: NetName=Data2_Module 14_N Pin=P1_Module 14-9
Added Net: Name=Data2_Module 14_N
Added Pin To Net: NetName=Data2_Module 14_P Pin=P1_Module 14-11
Added Net: Name=Data2_Module 14_P
Added Pin To Net: NetName=Data2_Module 15_N Pin=P1_Module 15-9
Added Net: Name=Data2_Module 15_N
Added Pin To Net: NetName=Data2_Module 15_P Pin=P1_Module 15-11
Added Net: Name=Data2_Module 15_P
Added Pin To Net: NetName=Data2_Module 16_N Pin=P1_Module 16-9
Added Net: Name=Data2_Module 16_N
Added Pin To Net: NetName=Data2_Module 16_P Pin=P1_Module 16-11
Added Net: Name=Data2_Module 16_P
Added Pin To Net: NetName=Data2_Module 17_N Pin=P1_Module 17-9
Added Net: Name=Data2_Module 17_N
Added Pin To Net: NetName=Data2_Module 17_P Pin=P1_Module 17-11
Added Net: Name=Data2_Module 17_P
Added Pin To Net: NetName=Data2_Module 18_N Pin=P1_Module 18-9
Added Net: Name=Data2_Module 18_N
Added Pin To Net: NetName=Data2_Module 18_P Pin=P1_Module 18-11
Added Net: Name=Data2_Module 18_P
Added Pin To Net: NetName=Data2_Module 19_N Pin=P1_Module 19-9
Added Net: Name=Data2_Module 19_N
Added Pin To Net: NetName=Data2_Module 19_P Pin=P1_Module 19-11
Added Net: Name=Data2_Module 19_P
Added Pin To Net: NetName=Data2_Module 20_N Pin=P1_Module 20-9
Added Net: Name=Data2_Module 20_N
Added Pin To Net: NetName=Data2_Module 20_P Pin=P1_Module 20-11
Added Net: Name=Data2_Module 20_P
Added Pin To Net: NetName=Data3_Module 11_N Pin=P1_Module 11-13
Added Net: Name=Data3_Module 11_N
Added Pin To Net: NetName=Data3_Module 11_P Pin=P1_Module 11-15
Added Net: Name=Data3_Module 11_P
Added Pin To Net: NetName=Data3_Module 12_N Pin=P1_Module 12-13
Added Net: Name=Data3_Module 12_N
Added Pin To Net: NetName=Data3_Module 12_P Pin=P1_Module 12-15
Added Net: Name=Data3_Module 12_P
Added Pin To Net: NetName=Data3_Module 13_N Pin=P1_Module 13-13
Added Net: Name=Data3_Module 13_N
Added Pin To Net: NetName=Data3_Module 13_P Pin=P1_Module 13-15
Added Net: Name=Data3_Module 13_P
Added Pin To Net: NetName=Data3_Module 14_N Pin=P1_Module 14-13
Added Net: Name=Data3_Module 14_N
Added Pin To Net: NetName=Data3_Module 14_P Pin=P1_Module 14-15
Added Net: Name=Data3_Module 14_P
Added Pin To Net: NetName=Data3_Module 15_N Pin=P1_Module 15-13
Added Net: Name=Data3_Module 15_N
Added Pin To Net: NetName=Data3_Module 15_P Pin=P1_Module 15-15
Added Net: Name=Data3_Module 15_P
Added Pin To Net: NetName=Data3_Module 16_N Pin=P1_Module 16-13
Added Net: Name=Data3_Module 16_N
Added Pin To Net: NetName=Data3_Module 16_P Pin=P1_Module 16-15
Added Net: Name=Data3_Module 16_P
Added Pin To Net: NetName=Data3_Module 17_N Pin=P1_Module 17-13
Added Net: Name=Data3_Module 17_N
Added Pin To Net: NetName=Data3_Module 17_P Pin=P1_Module 17-15
Added Net: Name=Data3_Module 17_P
Added Pin To Net: NetName=Data3_Module 18_N Pin=P1_Module 18-13
Added Net: Name=Data3_Module 18_N
Added Pin To Net: NetName=Data3_Module 18_P Pin=P1_Module 18-15
Added Net: Name=Data3_Module 18_P
Added Pin To Net: NetName=Data3_Module 19_N Pin=P1_Module 19-13
Added Net: Name=Data3_Module 19_N
Added Pin To Net: NetName=Data3_Module 19_P Pin=P1_Module 19-15
Added Net: Name=Data3_Module 19_P
Added Pin To Net: NetName=Data3_Module 20_N Pin=P1_Module 20-13
Added Net: Name=Data3_Module 20_N
Added Pin To Net: NetName=Data3_Module 20_P Pin=P1_Module 20-15
Added Net: Name=Data3_Module 20_P
Added Pin To Net: NetName=NetJ1_Module 11_1 Pin=J1_Module 11-1
Added Net: Name=NetJ1_Module 11_1
Added Pin To Net: NetName=NetJ1_Module 11_2 Pin=J1_Module 11-2
Added Net: Name=NetJ1_Module 11_2
Added Pin To Net: NetName=NetJ1_Module 12_1 Pin=J1_Module 12-1
Added Net: Name=NetJ1_Module 12_1
Added Pin To Net: NetName=NetJ1_Module 12_2 Pin=J1_Module 12-2
Added Net: Name=NetJ1_Module 12_2
Added Pin To Net: NetName=NetJ1_Module 13_1 Pin=J1_Module 13-1
Added Net: Name=NetJ1_Module 13_1
Added Pin To Net: NetName=NetJ1_Module 13_2 Pin=J1_Module 13-2
Added Net: Name=NetJ1_Module 13_2
Added Pin To Net: NetName=NetJ1_Module 14_1 Pin=J1_Module 14-1
Added Net: Name=NetJ1_Module 14_1
Added Pin To Net: NetName=NetJ1_Module 14_2 Pin=J1_Module 14-2
Added Net: Name=NetJ1_Module 14_2
Added Pin To Net: NetName=NetJ1_Module 15_1 Pin=J1_Module 15-1
Added Net: Name=NetJ1_Module 15_1
Added Pin To Net: NetName=NetJ1_Module 15_2 Pin=J1_Module 15-2
Added Net: Name=NetJ1_Module 15_2
Added Pin To Net: NetName=NetJ1_Module 16_1 Pin=J1_Module 16-1
Added Net: Name=NetJ1_Module 16_1
Added Pin To Net: NetName=NetJ1_Module 16_2 Pin=J1_Module 16-2
Added Net: Name=NetJ1_Module 16_2
Added Pin To Net: NetName=NetJ1_Module 17_1 Pin=J1_Module 17-1
Added Net: Name=NetJ1_Module 17_1
Added Pin To Net: NetName=NetJ1_Module 17_2 Pin=J1_Module 17-2
Added Net: Name=NetJ1_Module 17_2
Added Pin To Net: NetName=NetJ1_Module 18_1 Pin=J1_Module 18-1
Added Net: Name=NetJ1_Module 18_1
Added Pin To Net: NetName=NetJ1_Module 18_2 Pin=J1_Module 18-2
Added Net: Name=NetJ1_Module 18_2
Added Pin To Net: NetName=NetJ1_Module 19_1 Pin=J1_Module 19-1
Added Net: Name=NetJ1_Module 19_1
Added Pin To Net: NetName=NetJ1_Module 19_2 Pin=J1_Module 19-2
Added Net: Name=NetJ1_Module 19_2
Added Pin To Net: NetName=NetJ1_Module 20_1 Pin=J1_Module 20-1
Added Net: Name=NetJ1_Module 20_1
Added Pin To Net: NetName=NetJ1_Module 20_2 Pin=J1_Module 20-2
Added Net: Name=NetJ1_Module 20_2
Added Pin To Net: NetName=NetP4_9 Pin=P4-9
Added Net: Name=NetP4_9
Added Pin To Net: NetName=NetP4_11 Pin=P4-11
Added Net: Name=NetP4_11
Added Pin To Net: NetName=NetP4_13 Pin=P4-13
Added Net: Name=NetP4_13
Added Pin To Net: NetName=NetP4_15 Pin=P4-15
Added Net: Name=NetP4_15
Added Pin To Net: NetName=NetP4_17 Pin=P4-17
Added Net: Name=NetP4_17
Added Pin To Net: NetName=NetP4_19 Pin=P4-19
Added Net: Name=NetP4_19
Added Pin To Net: NetName=NetP4_21 Pin=P4-21
Added Net: Name=NetP4_21
Added Pin To Net: NetName=NetP4_23 Pin=P4-23
Added Net: Name=NetP4_23
Added Pin To Net: NetName=NetP4_25 Pin=P4-25
Added Net: Name=NetP4_25
Added Pin To Net: NetName=NetP4_26 Pin=P4-26
Added Net: Name=NetP4_26
Added Pin To Net: NetName=NetP4_27 Pin=P4-27
Added Net: Name=NetP4_27
Added Pin To Net: NetName=NetP4_28 Pin=P4-28
Added Net: Name=NetP4_28
Added Pin To Net: NetName=NetP4_29 Pin=P4-29
Added Net: Name=NetP4_29
Added Pin To Net: NetName=NetP4_30 Pin=P4-30
Added Net: Name=NetP4_30
Added Pin To Net: NetName=NetP4_31 Pin=P4-31
Added Net: Name=NetP4_31
Added Pin To Net: NetName=NetP4_32 Pin=P4-32
Added Net: Name=NetP4_32
Added Pin To Net: NetName=NetP4_33 Pin=P4-33
Added Net: Name=NetP4_33
Added Pin To Net: NetName=NetP4_34 Pin=P4-34
Added Net: Name=NetP4_34
Added Pin To Net: NetName=NetP4_35 Pin=P4-35
Added Net: Name=NetP4_35
Added Pin To Net: NetName=NetP4_36 Pin=P4-36
Added Net: Name=NetP4_36
Added Pin To Net: NetName=NetP4_37 Pin=P4-37
Added Net: Name=NetP4_37
Added Pin To Net: NetName=NetP4_38 Pin=P4-38
Added Net: Name=NetP4_38
Added Pin To Net: NetName=NetP4_39 Pin=P4-39
Added Net: Name=NetP4_39
Added Pin To Net: NetName=NetP4_40 Pin=P4-40
Added Net: Name=NetP4_40
Added Pin To Net: NetName=NTC1_Module 11 Pin=P1_Module 11-19
Added Net: Name=NTC1_Module 11
Added Pin To Net: NetName=NTC1_Module 12 Pin=P1_Module 12-19
Added Net: Name=NTC1_Module 12
Added Pin To Net: NetName=NTC1_Module 13 Pin=P1_Module 13-19
Added Net: Name=NTC1_Module 13
Added Pin To Net: NetName=NTC1_Module 14 Pin=P1_Module 14-19
Added Net: Name=NTC1_Module 14
Added Pin To Net: NetName=NTC1_Module 15 Pin=P1_Module 15-19
Added Net: Name=NTC1_Module 15
Added Pin To Net: NetName=NTC1_Module 16 Pin=P1_Module 16-19
Added Net: Name=NTC1_Module 16
Added Pin To Net: NetName=NTC1_Module 17 Pin=P1_Module 17-19
Added Net: Name=NTC1_Module 17
Added Pin To Net: NetName=NTC1_Module 18 Pin=P1_Module 18-19
Added Net: Name=NTC1_Module 18
Added Pin To Net: NetName=NTC1_Module 19 Pin=P1_Module 19-19
Added Net: Name=NTC1_Module 19
Added Pin To Net: NetName=NTC1_Module 20 Pin=P1_Module 20-19
Added Net: Name=NTC1_Module 20
Added Pin To Net: NetName=NTC_Module 11 Pin=P1_Module 11-17
Added Net: Name=NTC_Module 11
Added Pin To Net: NetName=NTC_Module 12 Pin=P1_Module 12-17
Added Net: Name=NTC_Module 12
Added Pin To Net: NetName=NTC_Module 13 Pin=P1_Module 13-17
Added Net: Name=NTC_Module 13
Added Pin To Net: NetName=NTC_Module 14 Pin=P1_Module 14-17
Added Net: Name=NTC_Module 14
Added Pin To Net: NetName=NTC_Module 15 Pin=P1_Module 15-17
Added Net: Name=NTC_Module 15
Added Pin To Net: NetName=NTC_Module 16 Pin=P1_Module 16-17
Added Net: Name=NTC_Module 16
Added Pin To Net: NetName=NTC_Module 17 Pin=P1_Module 17-17
Added Net: Name=NTC_Module 17
Added Pin To Net: NetName=NTC_Module 18 Pin=P1_Module 18-17
Added Net: Name=NTC_Module 18
Added Pin To Net: NetName=NTC_Module 19 Pin=P1_Module 19-17
Added Net: Name=NTC_Module 19
Added Pin To Net: NetName=NTC_Module 20 Pin=P1_Module 20-17
Added Net: Name=NTC_Module 20
Added Pin To Net: NetName=Vin_Module 11 Pin=P1_Module 11-8
Added Pin To Net: NetName=Vin_Module 11 Pin=P1_Module 11-10
Added Pin To Net: NetName=Vin_Module 11 Pin=P1_Module 11-12
Added Net: Name=Vin_Module 11
Added Pin To Net: NetName=Vin_Module 12 Pin=P1_Module 12-8
Added Pin To Net: NetName=Vin_Module 12 Pin=P1_Module 12-10
Added Pin To Net: NetName=Vin_Module 12 Pin=P1_Module 12-12
Added Net: Name=Vin_Module 12
Added Pin To Net: NetName=Vin_Module 13 Pin=P1_Module 13-8
Added Pin To Net: NetName=Vin_Module 13 Pin=P1_Module 13-10
Added Pin To Net: NetName=Vin_Module 13 Pin=P1_Module 13-12
Added Net: Name=Vin_Module 13
Added Pin To Net: NetName=Vin_Module 14 Pin=P1_Module 14-8
Added Pin To Net: NetName=Vin_Module 14 Pin=P1_Module 14-10
Added Pin To Net: NetName=Vin_Module 14 Pin=P1_Module 14-12
Added Net: Name=Vin_Module 14
Added Pin To Net: NetName=Vin_Module 15 Pin=P1_Module 15-8
Added Pin To Net: NetName=Vin_Module 15 Pin=P1_Module 15-10
Added Pin To Net: NetName=Vin_Module 15 Pin=P1_Module 15-12
Added Net: Name=Vin_Module 15
Added Pin To Net: NetName=Vin_Module 16 Pin=P1_Module 16-8
Added Pin To Net: NetName=Vin_Module 16 Pin=P1_Module 16-10
Added Pin To Net: NetName=Vin_Module 16 Pin=P1_Module 16-12
Added Net: Name=Vin_Module 16
Added Pin To Net: NetName=Vin_Module 17 Pin=P1_Module 17-8
Added Pin To Net: NetName=Vin_Module 17 Pin=P1_Module 17-10
Added Pin To Net: NetName=Vin_Module 17 Pin=P1_Module 17-12
Added Net: Name=Vin_Module 17
Added Pin To Net: NetName=Vin_Module 18 Pin=P1_Module 18-8
Added Pin To Net: NetName=Vin_Module 18 Pin=P1_Module 18-10
Added Pin To Net: NetName=Vin_Module 18 Pin=P1_Module 18-12
Added Net: Name=Vin_Module 18
Added Pin To Net: NetName=Vin_Module 19 Pin=P1_Module 19-8
Added Pin To Net: NetName=Vin_Module 19 Pin=P1_Module 19-10
Added Pin To Net: NetName=Vin_Module 19 Pin=P1_Module 19-12
Added Net: Name=Vin_Module 19
Added Pin To Net: NetName=Vin_Module 20 Pin=P1_Module 20-8
Added Pin To Net: NetName=Vin_Module 20 Pin=P1_Module 20-10
Added Pin To Net: NetName=Vin_Module 20 Pin=P1_Module 20-12
Added Net: Name=Vin_Module 20
Added Pin To Net: NetName=VOut_Module 11 Pin=P1_Module 11-2
Added Pin To Net: NetName=VOut_Module 11 Pin=P1_Module 11-4
Added Pin To Net: NetName=VOut_Module 11 Pin=P1_Module 11-6
Added Net: Name=VOut_Module 11
Added Pin To Net: NetName=VOut_Module 12 Pin=P1_Module 12-2
Added Pin To Net: NetName=VOut_Module 12 Pin=P1_Module 12-4
Added Pin To Net: NetName=VOut_Module 12 Pin=P1_Module 12-6
Added Net: Name=VOut_Module 12
Added Pin To Net: NetName=VOut_Module 13 Pin=P1_Module 13-2
Added Pin To Net: NetName=VOut_Module 13 Pin=P1_Module 13-4
Added Pin To Net: NetName=VOut_Module 13 Pin=P1_Module 13-6
Added Net: Name=VOut_Module 13
Added Pin To Net: NetName=VOut_Module 14 Pin=P1_Module 14-2
Added Pin To Net: NetName=VOut_Module 14 Pin=P1_Module 14-4
Added Pin To Net: NetName=VOut_Module 14 Pin=P1_Module 14-6
Added Net: Name=VOut_Module 14
Added Pin To Net: NetName=VOut_Module 15 Pin=P1_Module 15-2
Added Pin To Net: NetName=VOut_Module 15 Pin=P1_Module 15-4
Added Pin To Net: NetName=VOut_Module 15 Pin=P1_Module 15-6
Added Net: Name=VOut_Module 15
Added Pin To Net: NetName=VOut_Module 16 Pin=P1_Module 16-2
Added Pin To Net: NetName=VOut_Module 16 Pin=P1_Module 16-4
Added Pin To Net: NetName=VOut_Module 16 Pin=P1_Module 16-6
Added Net: Name=VOut_Module 16
Added Pin To Net: NetName=VOut_Module 17 Pin=P1_Module 17-2
Added Pin To Net: NetName=VOut_Module 17 Pin=P1_Module 17-4
Added Pin To Net: NetName=VOut_Module 17 Pin=P1_Module 17-6
Added Net: Name=VOut_Module 17
Added Pin To Net: NetName=VOut_Module 18 Pin=P1_Module 18-2
Added Pin To Net: NetName=VOut_Module 18 Pin=P1_Module 18-4
Added Pin To Net: NetName=VOut_Module 18 Pin=P1_Module 18-6
Added Net: Name=VOut_Module 18
Added Pin To Net: NetName=VOut_Module 19 Pin=P1_Module 19-2
Added Pin To Net: NetName=VOut_Module 19 Pin=P1_Module 19-4
Added Pin To Net: NetName=VOut_Module 19 Pin=P1_Module 19-6
Added Net: Name=VOut_Module 19
Added Pin To Net: NetName=VOut_Module 20 Pin=P1_Module 20-2
Added Pin To Net: NetName=VOut_Module 20 Pin=P1_Module 20-4
Added Pin To Net: NetName=VOut_Module 20 Pin=P1_Module 20-6
Added Net: Name=VOut_Module 20
Added Differential Pair: Name=Clock_Module 11
Added Differential Pair: Name=Clock_Module 12
Added Differential Pair: Name=Clock_Module 13
Added Differential Pair: Name=Clock_Module 14
Added Differential Pair: Name=Clock_Module 15
Added Differential Pair: Name=Clock_Module 16
Added Differential Pair: Name=Clock_Module 17
Added Differential Pair: Name=Clock_Module 18
Added Differential Pair: Name=Clock_Module 19
Added Differential Pair: Name=Clock_Module 20
Added Differential Pair: Name=Command_Module 11
Added Differential Pair: Name=Command_Module 12
Added Differential Pair: Name=Command_Module 13
Added Differential Pair: Name=Command_Module 14
Added Differential Pair: Name=Command_Module 15
Added Differential Pair: Name=Command_Module 16
Added Differential Pair: Name=Command_Module 17
Added Differential Pair: Name=Command_Module 18
Added Differential Pair: Name=Command_Module 19
Added Differential Pair: Name=Command_Module 20
Added Differential Pair: Name=Data0_Module 11
Added Differential Pair: Name=Data0_Module 12
Added Differential Pair: Name=Data0_Module 13
Added Differential Pair: Name=Data0_Module 14
Added Differential Pair: Name=Data0_Module 15
Added Differential Pair: Name=Data0_Module 16
Added Differential Pair: Name=Data0_Module 17
Added Differential Pair: Name=Data0_Module 18
Added Differential Pair: Name=Data0_Module 19
Added Differential Pair: Name=Data0_Module 20
Added Differential Pair: Name=Data1_Module 11
Added Differential Pair: Name=Data1_Module 12
Added Differential Pair: Name=Data1_Module 13
Added Differential Pair: Name=Data1_Module 14
Added Differential Pair: Name=Data1_Module 15
Added Differential Pair: Name=Data1_Module 16
Added Differential Pair: Name=Data1_Module 17
Added Differential Pair: Name=Data1_Module 18
Added Differential Pair: Name=Data1_Module 19
Added Differential Pair: Name=Data1_Module 20
Added Differential Pair: Name=Data2_Module 11
Added Differential Pair: Name=Data2_Module 12
Added Differential Pair: Name=Data2_Module 13
Added Differential Pair: Name=Data2_Module 14
Added Differential Pair: Name=Data2_Module 15
Added Differential Pair: Name=Data2_Module 16
Added Differential Pair: Name=Data2_Module 17
Added Differential Pair: Name=Data2_Module 18
Added Differential Pair: Name=Data2_Module 19
Added Differential Pair: Name=Data2_Module 20
Added Differential Pair: Name=Data3_Module 11
Added Differential Pair: Name=Data3_Module 12
Added Differential Pair: Name=Data3_Module 13
Added Differential Pair: Name=Data3_Module 14
Added Differential Pair: Name=Data3_Module 15
Added Differential Pair: Name=Data3_Module 16
Added Differential Pair: Name=Data3_Module 17
Added Differential Pair: Name=Data3_Module 18
Added Differential Pair: Name=Data3_Module 19
Added Differential Pair: Name=Data3_Module 20
Added Member To Class: ClassName=P1_Module 11_Nets Member=Wire Clock_Module 11_N
Added Member To Class: ClassName=P1_Module 11_Nets Member=Wire Clock_Module 11_P
Added Member To Class: ClassName=P1_Module 12_Nets Member=Wire Clock_Module 12_N
Added Member To Class: ClassName=P1_Module 12_Nets Member=Wire Clock_Module 12_P
Added Member To Class: ClassName=P1_Module 13_Nets Member=Wire Clock_Module 13_N
Added Member To Class: ClassName=P1_Module 13_Nets Member=Wire Clock_Module 13_P
Added Member To Class: ClassName=P1_Module 14_Nets Member=Wire Clock_Module 14_N
Added Member To Class: ClassName=P1_Module 14_Nets Member=Wire Clock_Module 14_P
Added Member To Class: ClassName=P1_Module 15_Nets Member=Wire Clock_Module 15_N
Added Member To Class: ClassName=P1_Module 15_Nets Member=Wire Clock_Module 15_P
Added Member To Class: ClassName=P1_Module 16_Nets Member=Wire Clock_Module 16_N
Added Member To Class: ClassName=P1_Module 16_Nets Member=Wire Clock_Module 16_P
Added Member To Class: ClassName=P1_Module 17_Nets Member=Wire Clock_Module 17_N
Added Member To Class: ClassName=P1_Module 17_Nets Member=Wire Clock_Module 17_P
Added Member To Class: ClassName=P1_Module 18_Nets Member=Wire Clock_Module 18_N
Added Member To Class: ClassName=P1_Module 18_Nets Member=Wire Clock_Module 18_P
Added Member To Class: ClassName=P1_Module 19_Nets Member=Wire Clock_Module 19_N
Added Member To Class: ClassName=P1_Module 19_Nets Member=Wire Clock_Module 19_P
Added Member To Class: ClassName=P1_Module 20_Nets Member=Wire Clock_Module 20_N
Added Member To Class: ClassName=P1_Module 20_Nets Member=Wire Clock_Module 20_P
Added Member To Class: ClassName=P1_Module 11_Nets Member=Wire Command_Module 11_N
Added Member To Class: ClassName=P1_Module 11_Nets Member=Wire Command_Module 11_P
Added Member To Class: ClassName=P1_Module 12_Nets Member=Wire Command_Module 12_N
Added Member To Class: ClassName=P1_Module 12_Nets Member=Wire Command_Module 12_P
Added Member To Class: ClassName=P1_Module 13_Nets Member=Wire Command_Module 13_N
Added Member To Class: ClassName=P1_Module 13_Nets Member=Wire Command_Module 13_P
Added Member To Class: ClassName=P1_Module 14_Nets Member=Wire Command_Module 14_N
Added Member To Class: ClassName=P1_Module 14_Nets Member=Wire Command_Module 14_P
Added Member To Class: ClassName=P1_Module 15_Nets Member=Wire Command_Module 15_N
Added Member To Class: ClassName=P1_Module 15_Nets Member=Wire Command_Module 15_P
Added Member To Class: ClassName=P1_Module 16_Nets Member=Wire Command_Module 16_N
Added Member To Class: ClassName=P1_Module 16_Nets Member=Wire Command_Module 16_P
Added Member To Class: ClassName=P1_Module 17_Nets Member=Wire Command_Module 17_N
Added Member To Class: ClassName=P1_Module 17_Nets Member=Wire Command_Module 17_P
Added Member To Class: ClassName=P1_Module 18_Nets Member=Wire Command_Module 18_N
Added Member To Class: ClassName=P1_Module 18_Nets Member=Wire Command_Module 18_P
Added Member To Class: ClassName=P1_Module 19_Nets Member=Wire Command_Module 19_N
Added Member To Class: ClassName=P1_Module 19_Nets Member=Wire Command_Module 19_P
Added Member To Class: ClassName=P1_Module 20_Nets Member=Wire Command_Module 20_N
Added Member To Class: ClassName=P1_Module 20_Nets Member=Wire Command_Module 20_P
Added Member To Class: ClassName=P1_Module 11_Nets Member=Wire Data0_Module 11_N
Added Member To Class: ClassName=P1_Module 11_Nets Member=Wire Data0_Module 11_P
Added Member To Class: ClassName=P1_Module 12_Nets Member=Wire Data0_Module 12_N
Added Member To Class: ClassName=P1_Module 12_Nets Member=Wire Data0_Module 12_P
Added Member To Class: ClassName=P1_Module 13_Nets Member=Wire Data0_Module 13_N
Added Member To Class: ClassName=P1_Module 13_Nets Member=Wire Data0_Module 13_P
Added Member To Class: ClassName=P1_Module 14_Nets Member=Wire Data0_Module 14_N
Added Member To Class: ClassName=P1_Module 14_Nets Member=Wire Data0_Module 14_P
Added Member To Class: ClassName=P1_Module 15_Nets Member=Wire Data0_Module 15_N
Added Member To Class: ClassName=P1_Module 15_Nets Member=Wire Data0_Module 15_P
Added Member To Class: ClassName=P1_Module 16_Nets Member=Wire Data0_Module 16_N
Added Member To Class: ClassName=P1_Module 16_Nets Member=Wire Data0_Module 16_P
Added Member To Class: ClassName=P1_Module 17_Nets Member=Wire Data0_Module 17_N
Added Member To Class: ClassName=P1_Module 17_Nets Member=Wire Data0_Module 17_P
Added Member To Class: ClassName=P1_Module 18_Nets Member=Wire Data0_Module 18_N
Added Member To Class: ClassName=P1_Module 18_Nets Member=Wire Data0_Module 18_P
Added Member To Class: ClassName=P1_Module 19_Nets Member=Wire Data0_Module 19_N
Added Member To Class: ClassName=P1_Module 19_Nets Member=Wire Data0_Module 19_P
Added Member To Class: ClassName=P1_Module 20_Nets Member=Wire Data0_Module 20_N
Added Member To Class: ClassName=P1_Module 20_Nets Member=Wire Data0_Module 20_P
Added Member To Class: ClassName=P1_Module 11_Nets Member=Wire Data1_Module 11_N
Added Member To Class: ClassName=P1_Module 11_Nets Member=Wire Data1_Module 11_P
Added Member To Class: ClassName=P1_Module 12_Nets Member=Wire Data1_Module 12_N
Added Member To Class: ClassName=P1_Module 12_Nets Member=Wire Data1_Module 12_P
Added Member To Class: ClassName=P1_Module 13_Nets Member=Wire Data1_Module 13_N
Added Member To Class: ClassName=P1_Module 13_Nets Member=Wire Data1_Module 13_P
Added Member To Class: ClassName=P1_Module 14_Nets Member=Wire Data1_Module 14_N
Added Member To Class: ClassName=P1_Module 14_Nets Member=Wire Data1_Module 14_P
Added Member To Class: ClassName=P1_Module 15_Nets Member=Wire Data1_Module 15_N
Added Member To Class: ClassName=P1_Module 15_Nets Member=Wire Data1_Module 15_P
Added Member To Class: ClassName=P1_Module 16_Nets Member=Wire Data1_Module 16_N
Added Member To Class: ClassName=P1_Module 16_Nets Member=Wire Data1_Module 16_P
Added Member To Class: ClassName=P1_Module 17_Nets Member=Wire Data1_Module 17_N
Added Member To Class: ClassName=P1_Module 17_Nets Member=Wire Data1_Module 17_P
Added Member To Class: ClassName=P1_Module 18_Nets Member=Wire Data1_Module 18_N
Added Member To Class: ClassName=P1_Module 18_Nets Member=Wire Data1_Module 18_P
Added Member To Class: ClassName=P1_Module 19_Nets Member=Wire Data1_Module 19_N
Added Member To Class: ClassName=P1_Module 19_Nets Member=Wire Data1_Module 19_P
Added Member To Class: ClassName=P1_Module 20_Nets Member=Wire Data1_Module 20_N
Added Member To Class: ClassName=P1_Module 20_Nets Member=Wire Data1_Module 20_P
Added Member To Class: ClassName=P1_Module 11_Nets Member=Wire Data2_Module 11_N
Added Member To Class: ClassName=P1_Module 11_Nets Member=Wire Data2_Module 11_P
Added Member To Class: ClassName=P1_Module 12_Nets Member=Wire Data2_Module 12_N
Added Member To Class: ClassName=P1_Module 12_Nets Member=Wire Data2_Module 12_P
Added Member To Class: ClassName=P1_Module 13_Nets Member=Wire Data2_Module 13_N
Added Member To Class: ClassName=P1_Module 13_Nets Member=Wire Data2_Module 13_P
Added Member To Class: ClassName=P1_Module 14_Nets Member=Wire Data2_Module 14_N
Added Member To Class: ClassName=P1_Module 14_Nets Member=Wire Data2_Module 14_P
Added Member To Class: ClassName=P1_Module 15_Nets Member=Wire Data2_Module 15_N
Added Member To Class: ClassName=P1_Module 15_Nets Member=Wire Data2_Module 15_P
Added Member To Class: ClassName=P1_Module 16_Nets Member=Wire Data2_Module 16_N
Added Member To Class: ClassName=P1_Module 16_Nets Member=Wire Data2_Module 16_P
Added Member To Class: ClassName=P1_Module 17_Nets Member=Wire Data2_Module 17_N
Added Member To Class: ClassName=P1_Module 17_Nets Member=Wire Data2_Module 17_P
Added Member To Class: ClassName=P1_Module 18_Nets Member=Wire Data2_Module 18_N
Added Member To Class: ClassName=P1_Module 18_Nets Member=Wire Data2_Module 18_P
Added Member To Class: ClassName=P1_Module 19_Nets Member=Wire Data2_Module 19_N
Added Member To Class: ClassName=P1_Module 19_Nets Member=Wire Data2_Module 19_P
Added Member To Class: ClassName=P1_Module 20_Nets Member=Wire Data2_Module 20_N
Added Member To Class: ClassName=P1_Module 20_Nets Member=Wire Data2_Module 20_P
Added Member To Class: ClassName=P1_Module 11_Nets Member=Wire Data3_Module 11_N
Added Member To Class: ClassName=P1_Module 11_Nets Member=Wire Data3_Module 11_P
Added Member To Class: ClassName=P1_Module 12_Nets Member=Wire Data3_Module 12_N
Added Member To Class: ClassName=P1_Module 12_Nets Member=Wire Data3_Module 12_P
Added Member To Class: ClassName=P1_Module 13_Nets Member=Wire Data3_Module 13_N
Added Member To Class: ClassName=P1_Module 13_Nets Member=Wire Data3_Module 13_P
Added Member To Class: ClassName=P1_Module 14_Nets Member=Wire Data3_Module 14_N
Added Member To Class: ClassName=P1_Module 14_Nets Member=Wire Data3_Module 14_P
Added Member To Class: ClassName=P1_Module 15_Nets Member=Wire Data3_Module 15_N
Added Member To Class: ClassName=P1_Module 15_Nets Member=Wire Data3_Module 15_P
Added Member To Class: ClassName=P1_Module 16_Nets Member=Wire Data3_Module 16_N
Added Member To Class: ClassName=P1_Module 16_Nets Member=Wire Data3_Module 16_P
Added Member To Class: ClassName=P1_Module 17_Nets Member=Wire Data3_Module 17_N
Added Member To Class: ClassName=P1_Module 17_Nets Member=Wire Data3_Module 17_P
Added Member To Class: ClassName=P1_Module 18_Nets Member=Wire Data3_Module 18_N
Added Member To Class: ClassName=P1_Module 18_Nets Member=Wire Data3_Module 18_P
Added Member To Class: ClassName=P1_Module 19_Nets Member=Wire Data3_Module 19_N
Added Member To Class: ClassName=P1_Module 19_Nets Member=Wire Data3_Module 19_P
Added Member To Class: ClassName=P1_Module 20_Nets Member=Wire Data3_Module 20_N
Added Member To Class: ClassName=P1_Module 20_Nets Member=Wire Data3_Module 20_P
Added Member To Class: ClassName=P5_Nets Member=Wire GND
Added Member To Class: ClassName=J1_Module 11_Nets Member=Wire NetJ1_Module 11_1
Added Member To Class: ClassName=J1_Module 11_Nets Member=Wire NetJ1_Module 11_2
Added Member To Class: ClassName=J1_Module 12_Nets Member=Wire NetJ1_Module 12_1
Added Member To Class: ClassName=J1_Module 12_Nets Member=Wire NetJ1_Module 12_2
Added Member To Class: ClassName=J1_Module 13_Nets Member=Wire NetJ1_Module 13_1
Added Member To Class: ClassName=J1_Module 13_Nets Member=Wire NetJ1_Module 13_2
Added Member To Class: ClassName=J1_Module 14_Nets Member=Wire NetJ1_Module 14_1
Added Member To Class: ClassName=J1_Module 14_Nets Member=Wire NetJ1_Module 14_2
Added Member To Class: ClassName=J1_Module 15_Nets Member=Wire NetJ1_Module 15_1
Added Member To Class: ClassName=J1_Module 15_Nets Member=Wire NetJ1_Module 15_2
Added Member To Class: ClassName=J1_Module 16_Nets Member=Wire NetJ1_Module 16_1
Added Member To Class: ClassName=J1_Module 16_Nets Member=Wire NetJ1_Module 16_2
Added Member To Class: ClassName=J1_Module 17_Nets Member=Wire NetJ1_Module 17_1
Added Member To Class: ClassName=J1_Module 17_Nets Member=Wire NetJ1_Module 17_2
Added Member To Class: ClassName=J1_Module 18_Nets Member=Wire NetJ1_Module 18_1
Added Member To Class: ClassName=J1_Module 18_Nets Member=Wire NetJ1_Module 18_2
Added Member To Class: ClassName=J1_Module 19_Nets Member=Wire NetJ1_Module 19_1
Added Member To Class: ClassName=J1_Module 19_Nets Member=Wire NetJ1_Module 19_2
Added Member To Class: ClassName=J1_Module 20_Nets Member=Wire NetJ1_Module 20_1
Added Member To Class: ClassName=J1_Module 20_Nets Member=Wire NetJ1_Module 20_2
Added Member To Class: ClassName=P4_Nets Member=Wire NetP4_9
Added Member To Class: ClassName=P4_Nets Member=Wire NetP4_11
Added Member To Class: ClassName=P4_Nets Member=Wire NetP4_13
Added Member To Class: ClassName=P4_Nets Member=Wire NetP4_15
Added Member To Class: ClassName=P4_Nets Member=Wire NetP4_17
Added Member To Class: ClassName=P4_Nets Member=Wire NetP4_19
Added Member To Class: ClassName=P4_Nets Member=Wire NetP4_21
Added Member To Class: ClassName=P4_Nets Member=Wire NetP4_23
Added Member To Class: ClassName=P4_Nets Member=Wire NetP4_25
Added Member To Class: ClassName=P4_Nets Member=Wire NetP4_26
Added Member To Class: ClassName=P4_Nets Member=Wire NetP4_27
Added Member To Class: ClassName=P4_Nets Member=Wire NetP4_28
Added Member To Class: ClassName=P4_Nets Member=Wire NetP4_29
Added Member To Class: ClassName=P4_Nets Member=Wire NetP4_30
Added Member To Class: ClassName=P4_Nets Member=Wire NetP4_31
Added Member To Class: ClassName=P4_Nets Member=Wire NetP4_32
Added Member To Class: ClassName=P4_Nets Member=Wire NetP4_33
Added Member To Class: ClassName=P4_Nets Member=Wire NetP4_34
Added Member To Class: ClassName=P4_Nets Member=Wire NetP4_35
Added Member To Class: ClassName=P4_Nets Member=Wire NetP4_36
Added Member To Class: ClassName=P4_Nets Member=Wire NetP4_37
Added Member To Class: ClassName=P4_Nets Member=Wire NetP4_38
Added Member To Class: ClassName=P4_Nets Member=Wire NetP4_39
Added Member To Class: ClassName=P4_Nets Member=Wire NetP4_40
Added Member To Class: ClassName=P1_Module 11_Nets Member=Wire NTC1_Module 11
Added Member To Class: ClassName=P1_Module 12_Nets Member=Wire NTC1_Module 12
Added Member To Class: ClassName=P1_Module 13_Nets Member=Wire NTC1_Module 13
Added Member To Class: ClassName=P1_Module 14_Nets Member=Wire NTC1_Module 14
Added Member To Class: ClassName=P1_Module 15_Nets Member=Wire NTC1_Module 15
Added Member To Class: ClassName=P1_Module 16_Nets Member=Wire NTC1_Module 16
Added Member To Class: ClassName=P1_Module 17_Nets Member=Wire NTC1_Module 17
Added Member To Class: ClassName=P1_Module 18_Nets Member=Wire NTC1_Module 18
Added Member To Class: ClassName=P1_Module 19_Nets Member=Wire NTC1_Module 19
Added Member To Class: ClassName=P1_Module 20_Nets Member=Wire NTC1_Module 20
Added Member To Class: ClassName=P1_Module 11_Nets Member=Wire NTC_Module 11
Added Member To Class: ClassName=P1_Module 12_Nets Member=Wire NTC_Module 12
Added Member To Class: ClassName=P1_Module 13_Nets Member=Wire NTC_Module 13
Added Member To Class: ClassName=P1_Module 14_Nets Member=Wire NTC_Module 14
Added Member To Class: ClassName=P1_Module 15_Nets Member=Wire NTC_Module 15
Added Member To Class: ClassName=P1_Module 16_Nets Member=Wire NTC_Module 16
Added Member To Class: ClassName=P1_Module 17_Nets Member=Wire NTC_Module 17
Added Member To Class: ClassName=P1_Module 18_Nets Member=Wire NTC_Module 18
Added Member To Class: ClassName=P1_Module 19_Nets Member=Wire NTC_Module 19
Added Member To Class: ClassName=P1_Module 20_Nets Member=Wire NTC_Module 20
Added Member To Class: ClassName=P5_Nets Member=Wire VCC
Added Member To Class: ClassName=P1_Module 11_Nets Member=Wire Vin_Module 11
Added Member To Class: ClassName=P1_Module 12_Nets Member=Wire Vin_Module 12
Added Member To Class: ClassName=P1_Module 13_Nets Member=Wire Vin_Module 13
Added Member To Class: ClassName=P1_Module 14_Nets Member=Wire Vin_Module 14
Added Member To Class: ClassName=P1_Module 15_Nets Member=Wire Vin_Module 15
Added Member To Class: ClassName=P1_Module 16_Nets Member=Wire Vin_Module 16
Added Member To Class: ClassName=P1_Module 17_Nets Member=Wire Vin_Module 17
Added Member To Class: ClassName=P1_Module 18_Nets Member=Wire Vin_Module 18
Added Member To Class: ClassName=P1_Module 19_Nets Member=Wire Vin_Module 19
Added Member To Class: ClassName=P1_Module 20_Nets Member=Wire Vin_Module 20
Added Member To Class: ClassName=P1_Module 11_Nets Member=Wire VOut_Module 11
Added Member To Class: ClassName=P1_Module 12_Nets Member=Wire VOut_Module 12
Added Member To Class: ClassName=P1_Module 13_Nets Member=Wire VOut_Module 13
Added Member To Class: ClassName=P1_Module 14_Nets Member=Wire VOut_Module 14
Added Member To Class: ClassName=P1_Module 15_Nets Member=Wire VOut_Module 15
Added Member To Class: ClassName=P1_Module 16_Nets Member=Wire VOut_Module 16
Added Member To Class: ClassName=P1_Module 17_Nets Member=Wire VOut_Module 17
Added Member To Class: ClassName=P1_Module 18_Nets Member=Wire VOut_Module 18
Added Member To Class: ClassName=P1_Module 19_Nets Member=Wire VOut_Module 19
Added Member To Class: ClassName=P1_Module 20_Nets Member=Wire VOut_Module 20
