Removed Pin From Net: NetName=Data0_Module 9_N Pin=P3-9
Removed Pin From Net: NetName=Data0_Module 9_P Pin=P3-11
Removed Pin From Net: NetName=Data1_Module 9_N Pin=P3-13
Removed Pin From Net: NetName=Data1_Module 9_P Pin=P3-15
Removed Pin From Net: NetName=Data2_Module 9_N Pin=P3-17
Removed Pin From Net: NetName=Data2_Module 9_P Pin=P3-19
Removed Pin From Net: NetName=Data3_Module 9_N Pin=P3-21
Removed Pin From Net: NetName=Data3_Module 9_P Pin=P3-23
Removed Pin From Net: NetName=Command_Module 9_N Pin=P3-25
Removed Pin From Net: NetName=Command_Module 9_P Pin=P3-27
Removed Pin From Net: NetName=Clock_Module 9_N Pin=P3-29
Removed Pin From Net: NetName=Clock_Module 9_P Pin=P3-31
Added Pin To Net: NetName=Data3_Module 9_P Pin=P3-9
Added Pin To Net: NetName=Data3_Module 9_N Pin=P3-11
Added Pin To Net: NetName=Data2_Module 9_P Pin=P3-13
Added Pin To Net: NetName=Data2_Module 9_N Pin=P3-15
Added Pin To Net: NetName=Data1_Module 9_P Pin=P3-17
Added Pin To Net: NetName=Data1_Module 9_N Pin=P3-19
Added Pin To Net: NetName=Data0_Module 9_P Pin=P3-21
Added Pin To Net: NetName=Data0_Module 9_N Pin=P3-23
Added Pin To Net: NetName=Clock_Module 9_P Pin=P3-25
Added Pin To Net: NetName=Clock_Module 9_N Pin=P3-27
Added Pin To Net: NetName=Command_Module 9_N Pin=P3-29
Added Pin To Net: NetName=Command_Module 9_P Pin=P3-31
