Removed Pin From Net: NetName=Data0_Module 7_N Pin=P3-2
Removed Pin From Net: NetName=Data0_Module 7_P Pin=P3-4
Removed Pin From Net: NetName=Data1_Module 7_N Pin=P3-6
Removed Pin From Net: NetName=Data1_Module 7_P Pin=P3-8
Removed Pin From Net: NetName=Data2_Module 7_N Pin=P3-10
Removed Pin From Net: NetName=Data2_Module 7_P Pin=P3-12
Removed Pin From Net: NetName=Data3_Module 7_N Pin=P3-14
Removed Pin From Net: NetName=Data3_Module 7_P Pin=P3-16
Removed Pin From Net: NetName=Command_Module 7_N Pin=P3-18
Removed Pin From Net: NetName=Command_Module 7_P Pin=P3-20
Removed Pin From Net: NetName=Clock_Module 7_N Pin=P3-22
Removed Pin From Net: NetName=Clock_Module 7_P Pin=P3-24
Added Pin To Net: NetName=Data3_Module 7_P Pin=P3-2
Added Pin To Net: NetName=Data3_Module 7_N Pin=P3-4
Added Pin To Net: NetName=Data2_Module 7_P Pin=P3-6
Added Pin To Net: NetName=Data2_Module 7_N Pin=P3-8
Added Pin To Net: NetName=Data1_Module 7_P Pin=P3-10
Added Pin To Net: NetName=Data1_Module 7_N Pin=P3-12
Added Pin To Net: NetName=Data0_Module 7_P Pin=P3-14
Added Pin To Net: NetName=Data0_Module 7_N Pin=P3-16
Added Pin To Net: NetName=Clock_Module 7_P Pin=P3-18
Added Pin To Net: NetName=Clock_Module 7_N Pin=P3-20
Added Pin To Net: NetName=Command_Module 7_N Pin=P3-22
Added Pin To Net: NetName=Command_Module 7_P Pin=P3-24
