Removed Member From Class: ClassName=Module Connector Member=P1
Added Component: Designator=P1_Module 1(SLH-010-1.50-G-D-A)
Add component. Clean all parameters for all variants
Added Component: Designator=P1_Module 2(SLH-010-1.50-G-D-A)
Add component. Clean all parameters for all variants
Added Component: Designator=P1_Module 3(SLH-010-1.50-G-D-A)
Add component. Clean all parameters for all variants
Added Component: Designator=P1_Module 4(SLH-010-1.50-G-D-A)
Add component. Clean all parameters for all variants
Added Component: Designator=P1_Module 5(SLH-010-1.50-G-D-A)
Add component. Clean all parameters for all variants
Added Component: Designator=P1_Module 6(SLH-010-1.50-G-D-A)
Add component. Clean all parameters for all variants
Added Component: Designator=P1_Module 7(SLH-010-1.50-G-D-A)
Add component. Clean all parameters for all variants
Added Component: Designator=P1_Module 8(SLH-010-1.50-G-D-A)
Add component. Clean all parameters for all variants
Added Pin To Net: NetName=LV_Module 1 Pin=P1_Module 1-1
Added Net: Name=LV_Module 1
Added Pin To Net: NetName=LV_Module 2 Pin=P1_Module 2-1
Added Net: Name=LV_Module 2
Added Pin To Net: NetName=LV_Module 3 Pin=P1_Module 3-1
Added Net: Name=LV_Module 3
Added Pin To Net: NetName=LV_Module 4 Pin=P1_Module 4-1
Added Net: Name=LV_Module 4
Added Pin To Net: NetName=LV_Module 5 Pin=P1_Module 5-1
Added Net: Name=LV_Module 5
Added Pin To Net: NetName=LV_Module 6 Pin=P1_Module 6-1
Added Net: Name=LV_Module 6
Added Pin To Net: NetName=LV_Module 7 Pin=P1_Module 7-1
Added Net: Name=LV_Module 7
Added Pin To Net: NetName=LV_Module 8 Pin=P1_Module 8-1
Added Net: Name=LV_Module 8
Change Class Name : Old Net Name=Module Connector New Net Name=Module 1
Added Class: Name=Module 2
Added Class: Name=Module 3
Added Class: Name=Module 4
Added Class: Name=Module 5
Added Class: Name=Module 6
Added Class: Name=Module 7
Added Class: Name=Module 8
Added Class: Name=Module Connector
Added Member To Class: ClassName=Module 1 Member=Component P1_Module 1 (P1) CN-2P-M-20
