Removed Pin From Net: NetName=Command_Module 7_N Pin=P3-22
Removed Pin From Net: NetName=Command_Module 7_P Pin=P3-24
Removed Pin From Net: NetName=Data0_Module 8_N Pin=P3-26
Removed Pin From Net: NetName=Data0_Module 8_P Pin=P3-28
Removed Pin From Net: NetName=Data1_Module 8_N Pin=P3-30
Removed Pin From Net: NetName=Data1_Module 8_P Pin=P3-32
Removed Pin From Net: NetName=Clock_Module 8_P Pin=P3-33
Removed Pin From Net: NetName=Data2_Module 8_N Pin=P3-34
Removed Pin From Net: NetName=Clock_Module 8_N Pin=P3-35
Removed Pin From Net: NetName=Data2_Module 8_P Pin=P3-36
Removed Pin From Net: NetName=Command_Module 8_P Pin=P3-37
Removed Pin From Net: NetName=Data3_Module 8_N Pin=P3-38
Removed Pin From Net: NetName=Command_Module 8_N Pin=P3-39
Removed Pin From Net: NetName=Data3_Module 8_P Pin=P3-40
Added Pin To Net: NetName=Command_Module 7_P Pin=P3-22
Added Pin To Net: NetName=Command_Module 7_N Pin=P3-24
Added Pin To Net: NetName=Data3_Module 8_P Pin=P3-26
Added Pin To Net: NetName=Data3_Module 8_N Pin=P3-28
Added Pin To Net: NetName=Data2_Module 8_P Pin=P3-30
Added Pin To Net: NetName=Data2_Module 8_N Pin=P3-32
Added Pin To Net: NetName=Command_Module 8_N Pin=P3-33
Added Pin To Net: NetName=Data1_Module 8_P Pin=P3-34
Added Pin To Net: NetName=Command_Module 8_P Pin=P3-35
Added Pin To Net: NetName=Data1_Module 8_N Pin=P3-36
Added Pin To Net: NetName=Clock_Module 8_N Pin=P3-37
Added Pin To Net: NetName=Data0_Module 8_P Pin=P3-38
Added Pin To Net: NetName=Clock_Module 8_P Pin=P3-39
Added Pin To Net: NetName=Data0_Module 8_N Pin=P3-40
