Removed Pin From Net: NetName=Data0_Module 5_N Pin=P2-26
Removed Pin From Net: NetName=Data0_Module 5_P Pin=P2-28
Removed Pin From Net: NetName=Data1_Module 5_N Pin=P2-30
Removed Pin From Net: NetName=Data1_Module 5_P Pin=P2-32
Removed Pin From Net: NetName=Clock_Module 5_P Pin=P2-33
Removed Pin From Net: NetName=Data2_Module 5_N Pin=P2-34
Removed Pin From Net: NetName=Clock_Module 5_N Pin=P2-35
Removed Pin From Net: NetName=Data2_Module 5_P Pin=P2-36
Removed Pin From Net: NetName=Command_Module 5_P Pin=P2-37
Removed Pin From Net: NetName=Data3_Module 5_N Pin=P2-38
Removed Pin From Net: NetName=Command_Module 5_N Pin=P2-39
Removed Pin From Net: NetName=Data3_Module 5_P Pin=P2-40
Added Pin To Net: NetName=Data3_Module 5_P Pin=P2-26
Added Pin To Net: NetName=Data3_Module 5_N Pin=P2-28
Added Pin To Net: NetName=Data2_Module 5_P Pin=P2-30
Added Pin To Net: NetName=Data2_Module 5_N Pin=P2-32
Added Pin To Net: NetName=Command_Module 5_P Pin=P2-33
Added Pin To Net: NetName=Data1_Module 5_P Pin=P2-34
Added Pin To Net: NetName=Command_Module 5_N Pin=P2-35
Added Pin To Net: NetName=Data1_Module 5_N Pin=P2-36
Added Pin To Net: NetName=Clock_Module 5_N Pin=P2-37
Added Pin To Net: NetName=Data0_Module 5_P Pin=P2-38
Added Pin To Net: NetName=Clock_Module 5_P Pin=P2-39
Added Pin To Net: NetName=Data0_Module 5_N Pin=P2-40
