Removed Pin From Net: NetName=VCC3 Pin=P1_Module 11-2
Removed Pin From Net: NetName=VCC3 Pin=P1_Module 11-4
Removed Pin From Net: NetName=VCC3 Pin=P1_Module 11-6
Removed Pin From Net: NetName=VCC2 Pin=P1_Module 11-8
Removed Pin From Net: NetName=VCC2 Pin=P1_Module 11-10
Removed Pin From Net: NetName=VCC2 Pin=P1_Module 11-12
Removed Pin From Net: NetName=VCC3 Pin=P1_Module 12-2
Removed Pin From Net: NetName=VCC3 Pin=P1_Module 12-4
Removed Pin From Net: NetName=VCC3 Pin=P1_Module 12-6
Removed Pin From Net: NetName=VCC3 Pin=P1_Module 13-2
Removed Pin From Net: NetName=VCC3 Pin=P1_Module 13-4
Removed Pin From Net: NetName=VCC3 Pin=P1_Module 13-6
Removed Pin From Net: NetName=VCC2 Pin=P1_Module 13-8
Removed Pin From Net: NetName=VCC2 Pin=P1_Module 13-10
Removed Pin From Net: NetName=VCC2 Pin=P1_Module 13-12
Removed Pin From Net: NetName=VCC2 Pin=P1_Module 14-8
Removed Pin From Net: NetName=VCC2 Pin=P1_Module 14-10
Removed Pin From Net: NetName=VCC2 Pin=P1_Module 14-12
Removed Pin From Net: NetName=VCC3 Pin=P1_Module 15-2
Removed Pin From Net: NetName=VCC3 Pin=P1_Module 15-4
Removed Pin From Net: NetName=VCC3 Pin=P1_Module 15-6
Removed Pin From Net: NetName=VCC2 Pin=P1_Module 15-8
Removed Pin From Net: NetName=VCC2 Pin=P1_Module 15-10
Removed Pin From Net: NetName=VCC2 Pin=P1_Module 15-12
Removed Pin From Net: NetName=GND Pin=P1_Module 16-2
Removed Pin From Net: NetName=GND Pin=P1_Module 16-4
Removed Pin From Net: NetName=GND Pin=P1_Module 16-6
Removed Pin From Net: NetName=VCC3 Pin=P1_Module 16-8
Removed Pin From Net: NetName=VCC3 Pin=P1_Module 16-10
Removed Pin From Net: NetName=VCC3 Pin=P1_Module 16-12
Removed Pin From Net: NetName=GND Pin=P1_Module 17-2
Removed Pin From Net: NetName=GND Pin=P1_Module 17-4
Removed Pin From Net: NetName=GND Pin=P1_Module 17-6
Removed Pin From Net: NetName=VCC3 Pin=P1_Module 17-8
Removed Pin From Net: NetName=VCC3 Pin=P1_Module 17-10
Removed Pin From Net: NetName=VCC3 Pin=P1_Module 17-12
Removed Pin From Net: NetName=GND Pin=P1_Module 18-2
Removed Pin From Net: NetName=GND Pin=P1_Module 18-4
Removed Pin From Net: NetName=GND Pin=P1_Module 18-6
Removed Pin From Net: NetName=VCC3 Pin=P1_Module 18-8
Removed Pin From Net: NetName=VCC3 Pin=P1_Module 18-10
Removed Pin From Net: NetName=VCC3 Pin=P1_Module 18-12
Removed Pin From Net: NetName=GND Pin=P1_Module 19-2
Removed Pin From Net: NetName=GND Pin=P1_Module 19-4
Removed Pin From Net: NetName=GND Pin=P1_Module 19-6
Removed Pin From Net: NetName=VCC3 Pin=P1_Module 19-8
Removed Pin From Net: NetName=VCC3 Pin=P1_Module 19-10
Removed Pin From Net: NetName=VCC3 Pin=P1_Module 19-12
Removed Pin From Net: NetName=GND Pin=P1_Module 20-2
Removed Pin From Net: NetName=GND Pin=P1_Module 20-4
Removed Pin From Net: NetName=GND Pin=P1_Module 20-6
Removed Pin From Net: NetName=VCC3 Pin=P1_Module 20-8
Removed Pin From Net: NetName=VCC3 Pin=P1_Module 20-10
Removed Pin From Net: NetName=VCC3 Pin=P1_Module 20-12
Removed Pin From Net: NetName=Data0_Module 12_N Pin=P4-9
Removed Pin From Net: NetName=Data0_Module 12_P Pin=P4-11
Removed Pin From Net: NetName=Data1_Module 12_N Pin=P4-13
Removed Pin From Net: NetName=Data1_Module 12_P Pin=P4-15
Removed Pin From Net: NetName=Data2_Module 12_N Pin=P4-17
Removed Pin From Net: NetName=Data2_Module 12_P Pin=P4-19
Removed Pin From Net: NetName=Data3_Module 12_N Pin=P4-21
Removed Pin From Net: NetName=Data3_Module 12_P Pin=P4-23
Removed Pin From Net: NetName=Command_Module 12_N Pin=P4-25
Removed Pin From Net: NetName=Data0_Module 11_N Pin=P4-26
Removed Pin From Net: NetName=Command_Module 12_P Pin=P4-27
Removed Pin From Net: NetName=Data0_Module 11_P Pin=P4-28
Removed Pin From Net: NetName=Clock_Module 12_N Pin=P4-29
Removed Pin From Net: NetName=Data1_Module 11_N Pin=P4-30
Removed Pin From Net: NetName=Clock_Module 12_P Pin=P4-31
Removed Pin From Net: NetName=Data1_Module 11_P Pin=P4-32
Removed Pin From Net: NetName=Clock_Module 11_P Pin=P4-33
Removed Pin From Net: NetName=Data2_Module 11_N Pin=P4-34
Removed Pin From Net: NetName=Clock_Module 11_N Pin=P4-35
Removed Pin From Net: NetName=Data2_Module 11_P Pin=P4-36
Removed Pin From Net: NetName=Command_Module 11_P Pin=P4-37
Removed Pin From Net: NetName=Data3_Module 11_N Pin=P4-38
Removed Pin From Net: NetName=Command_Module 11_N Pin=P4-39
Removed Pin From Net: NetName=Data3_Module 11_P Pin=P4-40
Removed Pin From Net: NetName=Data0_Module 13_N Pin=P5-2
Removed Pin From Net: NetName=Data0_Module 13_P Pin=P5-4
Removed Pin From Net: NetName=Data1_Module 13_N Pin=P5-6
Removed Pin From Net: NetName=Data1_Module 13_P Pin=P5-8
Removed Pin From Net: NetName=Data0_Module 15_N Pin=P5-9
Removed Pin From Net: NetName=Data2_Module 13_N Pin=P5-10
Removed Pin From Net: NetName=Data0_Module 15_P Pin=P5-11
Removed Pin From Net: NetName=Data2_Module 13_P Pin=P5-12
Removed Pin From Net: NetName=Data1_Module 15_N Pin=P5-13
Removed Pin From Net: NetName=Data3_Module 13_N Pin=P5-14
Removed Pin From Net: NetName=Data1_Module 15_P Pin=P5-15
Removed Pin From Net: NetName=Data3_Module 13_P Pin=P5-16
Removed Pin From Net: NetName=Data2_Module 15_N Pin=P5-17
Removed Pin From Net: NetName=Command_Module 13_N Pin=P5-18
Removed Pin From Net: NetName=Data2_Module 15_P Pin=P5-19
Removed Pin From Net: NetName=Command_Module 13_P Pin=P5-20
Removed Pin From Net: NetName=Data3_Module 15_N Pin=P5-21
Removed Pin From Net: NetName=Clock_Module 13_N Pin=P5-22
Removed Pin From Net: NetName=Data3_Module 15_P Pin=P5-23
Removed Pin From Net: NetName=Clock_Module 13_P Pin=P5-24
Removed Pin From Net: NetName=Command_Module 15_N Pin=P5-25
Removed Pin From Net: NetName=Data0_Module 14_N Pin=P5-26
Removed Pin From Net: NetName=Command_Module 15_P Pin=P5-27
Removed Pin From Net: NetName=Data0_Module 14_P Pin=P5-28
Removed Pin From Net: NetName=Clock_Module 15_N Pin=P5-29
Removed Pin From Net: NetName=Data1_Module 14_N Pin=P5-30
Removed Pin From Net: NetName=Clock_Module 15_P Pin=P5-31
Removed Pin From Net: NetName=Data1_Module 14_P Pin=P5-32
Removed Pin From Net: NetName=Clock_Module 14_P Pin=P5-33
Removed Pin From Net: NetName=Data2_Module 14_N Pin=P5-34
Removed Pin From Net: NetName=Clock_Module 14_N Pin=P5-35
Removed Pin From Net: NetName=Data2_Module 14_P Pin=P5-36
Removed Pin From Net: NetName=Command_Module 14_P Pin=P5-37
Removed Pin From Net: NetName=Data3_Module 14_N Pin=P5-38
Removed Pin From Net: NetName=Command_Module 14_N Pin=P5-39
Removed Pin From Net: NetName=Data3_Module 14_P Pin=P5-40
Removed Pin From Net: NetName=Data0_Module 16_N Pin=P6-2
Removed Pin From Net: NetName=Data0_Module 16_P Pin=P6-4
Removed Pin From Net: NetName=Data1_Module 16_N Pin=P6-6
Removed Pin From Net: NetName=Data1_Module 16_P Pin=P6-8
Removed Pin From Net: NetName=Data0_Module 18_N Pin=P6-9
Removed Pin From Net: NetName=Data2_Module 16_N Pin=P6-10
Removed Pin From Net: NetName=Data0_Module 18_P Pin=P6-11
Removed Pin From Net: NetName=Data2_Module 16_P Pin=P6-12
Removed Pin From Net: NetName=Data1_Module 18_N Pin=P6-13
Removed Pin From Net: NetName=Data3_Module 16_N Pin=P6-14
Removed Pin From Net: NetName=Data1_Module 18_P Pin=P6-15
Removed Pin From Net: NetName=Data3_Module 16_P Pin=P6-16
Removed Pin From Net: NetName=Data2_Module 18_N Pin=P6-17
Removed Pin From Net: NetName=Command_Module 16_N Pin=P6-18
Removed Pin From Net: NetName=Data2_Module 18_P Pin=P6-19
Removed Pin From Net: NetName=Command_Module 16_P Pin=P6-20
Removed Pin From Net: NetName=Data3_Module 18_N Pin=P6-21
Removed Pin From Net: NetName=Clock_Module 16_N Pin=P6-22
Removed Pin From Net: NetName=Data3_Module 18_P Pin=P6-23
Removed Pin From Net: NetName=Clock_Module 16_P Pin=P6-24
Removed Pin From Net: NetName=Command_Module 18_N Pin=P6-25
Removed Pin From Net: NetName=Data0_Module 17_N Pin=P6-26
Removed Pin From Net: NetName=Command_Module 18_P Pin=P6-27
Removed Pin From Net: NetName=Data0_Module 17_P Pin=P6-28
Removed Pin From Net: NetName=Clock_Module 18_N Pin=P6-29
Removed Pin From Net: NetName=Data1_Module 17_N Pin=P6-30
Removed Pin From Net: NetName=Clock_Module 18_P Pin=P6-31
Removed Pin From Net: NetName=Data1_Module 17_P Pin=P6-32
Removed Pin From Net: NetName=Clock_Module 17_P Pin=P6-33
Removed Pin From Net: NetName=Data2_Module 17_N Pin=P6-34
Removed Pin From Net: NetName=Clock_Module 17_N Pin=P6-35
Removed Pin From Net: NetName=Data2_Module 17_P Pin=P6-36
Removed Pin From Net: NetName=Command_Module 17_P Pin=P6-37
Removed Pin From Net: NetName=Data3_Module 17_N Pin=P6-38
Removed Pin From Net: NetName=Command_Module 17_N Pin=P6-39
Removed Pin From Net: NetName=Data3_Module 17_P Pin=P6-40
Removed Pin From Net: NetName=Data0_Module 19_N Pin=P7-2
Removed Pin From Net: NetName=Data0_Module 19_P Pin=P7-4
Removed Pin From Net: NetName=Data1_Module 19_N Pin=P7-6
Removed Pin From Net: NetName=Data1_Module 19_P Pin=P7-8
Removed Pin From Net: NetName=Data2_Module 19_N Pin=P7-10
Removed Pin From Net: NetName=Data2_Module 19_P Pin=P7-12
Removed Pin From Net: NetName=Data3_Module 19_N Pin=P7-14
Removed Pin From Net: NetName=Data3_Module 19_P Pin=P7-16
Removed Pin From Net: NetName=Command_Module 19_N Pin=P7-18
Removed Pin From Net: NetName=Command_Module 19_P Pin=P7-20
Removed Pin From Net: NetName=Clock_Module 19_N Pin=P7-22
Removed Pin From Net: NetName=Clock_Module 19_P Pin=P7-24
Removed Pin From Net: NetName=Data0_Module 20_N Pin=P7-26
Removed Pin From Net: NetName=Data0_Module 20_P Pin=P7-28
Removed Pin From Net: NetName=Data1_Module 20_N Pin=P7-30
Removed Pin From Net: NetName=Data1_Module 20_P Pin=P7-32
Removed Pin From Net: NetName=Clock_Module 20_P Pin=P7-33
Removed Pin From Net: NetName=Data2_Module 20_N Pin=P7-34
Removed Pin From Net: NetName=Clock_Module 20_N Pin=P7-35
Removed Pin From Net: NetName=Data2_Module 20_P Pin=P7-36
Removed Pin From Net: NetName=Command_Module 20_P Pin=P7-37
Removed Pin From Net: NetName=Data3_Module 20_N Pin=P7-38
Removed Pin From Net: NetName=Command_Module 20_N Pin=P7-39
Removed Pin From Net: NetName=Data3_Module 20_P Pin=P7-40
Change Net Name : Old Net Name=VCC2 New Net Name=Vin_Module 12
Change Net Name : Old Net Name=VCC3 New Net Name=VOut_Module 14
Added Pin To Net: NetName=NetP4_9 Pin=P4-9
Added Net: Name=NetP4_9
Added Pin To Net: NetName=NetP4_11 Pin=P4-11
Added Net: Name=NetP4_11
Added Pin To Net: NetName=NetP4_13 Pin=P4-13
Added Net: Name=NetP4_13
Added Pin To Net: NetName=NetP4_15 Pin=P4-15
Added Net: Name=NetP4_15
Added Pin To Net: NetName=NetP4_17 Pin=P4-17
Added Net: Name=NetP4_17
Added Pin To Net: NetName=NetP4_19 Pin=P4-19
Added Net: Name=NetP4_19
Added Pin To Net: NetName=NetP4_21 Pin=P4-21
Added Net: Name=NetP4_21
Added Pin To Net: NetName=NetP4_23 Pin=P4-23
Added Net: Name=NetP4_23
Added Pin To Net: NetName=NetP4_25 Pin=P4-25
Added Net: Name=NetP4_25
Added Pin To Net: NetName=NetP4_26 Pin=P4-26
Added Net: Name=NetP4_26
Added Pin To Net: NetName=NetP4_27 Pin=P4-27
Added Net: Name=NetP4_27
Added Pin To Net: NetName=NetP4_28 Pin=P4-28
Added Net: Name=NetP4_28
Added Pin To Net: NetName=NetP4_29 Pin=P4-29
Added Net: Name=NetP4_29
Added Pin To Net: NetName=NetP4_30 Pin=P4-30
Added Net: Name=NetP4_30
Added Pin To Net: NetName=NetP4_31 Pin=P4-31
Added Net: Name=NetP4_31
Added Pin To Net: NetName=NetP4_32 Pin=P4-32
Added Net: Name=NetP4_32
Added Pin To Net: NetName=NetP4_33 Pin=P4-33
Added Net: Name=NetP4_33
Added Pin To Net: NetName=NetP4_34 Pin=P4-34
Added Net: Name=NetP4_34
Added Pin To Net: NetName=NetP4_35 Pin=P4-35
Added Net: Name=NetP4_35
Added Pin To Net: NetName=NetP4_36 Pin=P4-36
Added Net: Name=NetP4_36
Added Pin To Net: NetName=NetP4_37 Pin=P4-37
Added Net: Name=NetP4_37
Added Pin To Net: NetName=NetP4_38 Pin=P4-38
Added Net: Name=NetP4_38
Added Pin To Net: NetName=NetP4_39 Pin=P4-39
Added Net: Name=NetP4_39
Added Pin To Net: NetName=NetP4_40 Pin=P4-40
Added Net: Name=NetP4_40
Added Pin To Net: NetName=NetP5_2 Pin=P5-2
Added Net: Name=NetP5_2
Added Pin To Net: NetName=NetP5_4 Pin=P5-4
Added Net: Name=NetP5_4
Added Pin To Net: NetName=NetP5_6 Pin=P5-6
Added Net: Name=NetP5_6
Added Pin To Net: NetName=NetP5_8 Pin=P5-8
Added Net: Name=NetP5_8
Added Pin To Net: NetName=NetP5_9 Pin=P5-9
Added Net: Name=NetP5_9
Added Pin To Net: NetName=NetP5_10 Pin=P5-10
Added Net: Name=NetP5_10
Added Pin To Net: NetName=NetP5_11 Pin=P5-11
Added Net: Name=NetP5_11
Added Pin To Net: NetName=NetP5_12 Pin=P5-12
Added Net: Name=NetP5_12
Added Pin To Net: NetName=NetP5_13 Pin=P5-13
Added Net: Name=NetP5_13
Added Pin To Net: NetName=NetP5_14 Pin=P5-14
Added Net: Name=NetP5_14
Added Pin To Net: NetName=NetP5_15 Pin=P5-15
Added Net: Name=NetP5_15
Added Pin To Net: NetName=NetP5_16 Pin=P5-16
Added Net: Name=NetP5_16
Added Pin To Net: NetName=NetP5_17 Pin=P5-17
Added Net: Name=NetP5_17
Added Pin To Net: NetName=NetP5_18 Pin=P5-18
Added Net: Name=NetP5_18
Added Pin To Net: NetName=NetP5_19 Pin=P5-19
Added Net: Name=NetP5_19
Added Pin To Net: NetName=NetP5_20 Pin=P5-20
Added Net: Name=NetP5_20
Added Pin To Net: NetName=NetP5_21 Pin=P5-21
Added Net: Name=NetP5_21
Added Pin To Net: NetName=NetP5_22 Pin=P5-22
Added Net: Name=NetP5_22
Added Pin To Net: NetName=NetP5_23 Pin=P5-23
Added Net: Name=NetP5_23
Added Pin To Net: NetName=NetP5_24 Pin=P5-24
Added Net: Name=NetP5_24
Added Pin To Net: NetName=NetP5_25 Pin=P5-25
Added Net: Name=NetP5_25
Added Pin To Net: NetName=NetP5_26 Pin=P5-26
Added Net: Name=NetP5_26
Added Pin To Net: NetName=NetP5_27 Pin=P5-27
Added Net: Name=NetP5_27
Added Pin To Net: NetName=NetP5_28 Pin=P5-28
Added Net: Name=NetP5_28
Added Pin To Net: NetName=NetP5_29 Pin=P5-29
Added Net: Name=NetP5_29
Added Pin To Net: NetName=NetP5_30 Pin=P5-30
Added Net: Name=NetP5_30
Added Pin To Net: NetName=NetP5_31 Pin=P5-31
Added Net: Name=NetP5_31
Added Pin To Net: NetName=NetP5_32 Pin=P5-32
Added Net: Name=NetP5_32
Added Pin To Net: NetName=NetP5_33 Pin=P5-33
Added Net: Name=NetP5_33
Added Pin To Net: NetName=NetP5_34 Pin=P5-34
Added Net: Name=NetP5_34
Added Pin To Net: NetName=NetP5_35 Pin=P5-35
Added Net: Name=NetP5_35
Added Pin To Net: NetName=NetP5_36 Pin=P5-36
Added Net: Name=NetP5_36
Added Pin To Net: NetName=NetP5_37 Pin=P5-37
Added Net: Name=NetP5_37
Added Pin To Net: NetName=NetP5_38 Pin=P5-38
Added Net: Name=NetP5_38
Added Pin To Net: NetName=NetP5_39 Pin=P5-39
Added Net: Name=NetP5_39
Added Pin To Net: NetName=NetP5_40 Pin=P5-40
Added Net: Name=NetP5_40
Added Pin To Net: NetName=NetP6_2 Pin=P6-2
Added Net: Name=NetP6_2
Added Pin To Net: NetName=NetP6_4 Pin=P6-4
Added Net: Name=NetP6_4
Added Pin To Net: NetName=NetP6_6 Pin=P6-6
Added Net: Name=NetP6_6
Added Pin To Net: NetName=NetP6_8 Pin=P6-8
Added Net: Name=NetP6_8
Added Pin To Net: NetName=NetP6_9 Pin=P6-9
Added Net: Name=NetP6_9
Added Pin To Net: NetName=NetP6_10 Pin=P6-10
Added Net: Name=NetP6_10
Added Pin To Net: NetName=NetP6_11 Pin=P6-11
Added Net: Name=NetP6_11
Added Pin To Net: NetName=NetP6_12 Pin=P6-12
Added Net: Name=NetP6_12
Added Pin To Net: NetName=NetP6_13 Pin=P6-13
Added Net: Name=NetP6_13
Added Pin To Net: NetName=NetP6_14 Pin=P6-14
Added Net: Name=NetP6_14
Added Pin To Net: NetName=NetP6_15 Pin=P6-15
Added Net: Name=NetP6_15
Added Pin To Net: NetName=NetP6_16 Pin=P6-16
Added Net: Name=NetP6_16
Added Pin To Net: NetName=NetP6_17 Pin=P6-17
Added Net: Name=NetP6_17
Added Pin To Net: NetName=NetP6_18 Pin=P6-18
Added Net: Name=NetP6_18
Added Pin To Net: NetName=NetP6_19 Pin=P6-19
Added Net: Name=NetP6_19
Added Pin To Net: NetName=NetP6_20 Pin=P6-20
Added Net: Name=NetP6_20
Added Pin To Net: NetName=NetP6_21 Pin=P6-21
Added Net: Name=NetP6_21
Added Pin To Net: NetName=NetP6_22 Pin=P6-22
Added Net: Name=NetP6_22
Added Pin To Net: NetName=NetP6_23 Pin=P6-23
Added Net: Name=NetP6_23
Added Pin To Net: NetName=NetP6_24 Pin=P6-24
Added Net: Name=NetP6_24
Added Pin To Net: NetName=NetP6_25 Pin=P6-25
Added Net: Name=NetP6_25
Added Pin To Net: NetName=NetP6_26 Pin=P6-26
Added Net: Name=NetP6_26
Added Pin To Net: NetName=NetP6_27 Pin=P6-27
Added Net: Name=NetP6_27
Added Pin To Net: NetName=NetP6_28 Pin=P6-28
Added Net: Name=NetP6_28
Added Pin To Net: NetName=NetP6_29 Pin=P6-29
Added Net: Name=NetP6_29
Added Pin To Net: NetName=NetP6_30 Pin=P6-30
Added Net: Name=NetP6_30
Added Pin To Net: NetName=NetP6_31 Pin=P6-31
Added Net: Name=NetP6_31
Added Pin To Net: NetName=NetP6_32 Pin=P6-32
Added Net: Name=NetP6_32
Added Pin To Net: NetName=NetP6_33 Pin=P6-33
Added Net: Name=NetP6_33
Added Pin To Net: NetName=NetP6_34 Pin=P6-34
Added Net: Name=NetP6_34
Added Pin To Net: NetName=NetP6_35 Pin=P6-35
Added Net: Name=NetP6_35
Added Pin To Net: NetName=NetP6_36 Pin=P6-36
Added Net: Name=NetP6_36
Added Pin To Net: NetName=NetP6_37 Pin=P6-37
Added Net: Name=NetP6_37
Added Pin To Net: NetName=NetP6_38 Pin=P6-38
Added Net: Name=NetP6_38
Added Pin To Net: NetName=NetP6_39 Pin=P6-39
Added Net: Name=NetP6_39
Added Pin To Net: NetName=NetP6_40 Pin=P6-40
Added Net: Name=NetP6_40
Added Pin To Net: NetName=NetP7_2 Pin=P7-2
Added Net: Name=NetP7_2
Added Pin To Net: NetName=NetP7_4 Pin=P7-4
Added Net: Name=NetP7_4
Added Pin To Net: NetName=NetP7_6 Pin=P7-6
Added Net: Name=NetP7_6
Added Pin To Net: NetName=NetP7_8 Pin=P7-8
Added Net: Name=NetP7_8
Added Pin To Net: NetName=NetP7_10 Pin=P7-10
Added Net: Name=NetP7_10
Added Pin To Net: NetName=NetP7_12 Pin=P7-12
Added Net: Name=NetP7_12
Added Pin To Net: NetName=NetP7_14 Pin=P7-14
Added Net: Name=NetP7_14
Added Pin To Net: NetName=NetP7_16 Pin=P7-16
Added Net: Name=NetP7_16
Added Pin To Net: NetName=NetP7_18 Pin=P7-18
Added Net: Name=NetP7_18
Added Pin To Net: NetName=NetP7_20 Pin=P7-20
Added Net: Name=NetP7_20
Added Pin To Net: NetName=NetP7_22 Pin=P7-22
Added Net: Name=NetP7_22
Added Pin To Net: NetName=NetP7_24 Pin=P7-24
Added Net: Name=NetP7_24
Added Pin To Net: NetName=NetP7_26 Pin=P7-26
Added Net: Name=NetP7_26
Added Pin To Net: NetName=NetP7_28 Pin=P7-28
Added Net: Name=NetP7_28
Added Pin To Net: NetName=NetP7_30 Pin=P7-30
Added Net: Name=NetP7_30
Added Pin To Net: NetName=NetP7_32 Pin=P7-32
Added Net: Name=NetP7_32
Added Pin To Net: NetName=NetP7_33 Pin=P7-33
Added Net: Name=NetP7_33
Added Pin To Net: NetName=NetP7_34 Pin=P7-34
Added Net: Name=NetP7_34
Added Pin To Net: NetName=NetP7_35 Pin=P7-35
Added Net: Name=NetP7_35
Added Pin To Net: NetName=NetP7_36 Pin=P7-36
Added Net: Name=NetP7_36
Added Pin To Net: NetName=NetP7_37 Pin=P7-37
Added Net: Name=NetP7_37
Added Pin To Net: NetName=NetP7_38 Pin=P7-38
Added Net: Name=NetP7_38
Added Pin To Net: NetName=NetP7_39 Pin=P7-39
Added Net: Name=NetP7_39
Added Pin To Net: NetName=NetP7_40 Pin=P7-40
Added Net: Name=NetP7_40
Added Pin To Net: NetName=Vin_Module 11 Pin=P1_Module 11-8
Added Pin To Net: NetName=Vin_Module 11 Pin=P1_Module 11-10
Added Pin To Net: NetName=Vin_Module 11 Pin=P1_Module 11-12
Added Net: Name=Vin_Module 11
Added Pin To Net: NetName=Vin_Module 13 Pin=P1_Module 13-8
Added Pin To Net: NetName=Vin_Module 13 Pin=P1_Module 13-10
Added Pin To Net: NetName=Vin_Module 13 Pin=P1_Module 13-12
Added Net: Name=Vin_Module 13
Added Pin To Net: NetName=Vin_Module 14 Pin=P1_Module 14-8
Added Pin To Net: NetName=Vin_Module 14 Pin=P1_Module 14-10
Added Pin To Net: NetName=Vin_Module 14 Pin=P1_Module 14-12
Added Net: Name=Vin_Module 14
Added Pin To Net: NetName=Vin_Module 15 Pin=P1_Module 15-8
Added Pin To Net: NetName=Vin_Module 15 Pin=P1_Module 15-10
Added Pin To Net: NetName=Vin_Module 15 Pin=P1_Module 15-12
Added Net: Name=Vin_Module 15
Added Pin To Net: NetName=Vin_Module 16 Pin=P1_Module 16-8
Added Pin To Net: NetName=Vin_Module 16 Pin=P1_Module 16-10
Added Pin To Net: NetName=Vin_Module 16 Pin=P1_Module 16-12
Added Net: Name=Vin_Module 16
Added Pin To Net: NetName=Vin_Module 17 Pin=P1_Module 17-8
Added Pin To Net: NetName=Vin_Module 17 Pin=P1_Module 17-10
Added Pin To Net: NetName=Vin_Module 17 Pin=P1_Module 17-12
Added Net: Name=Vin_Module 17
Added Pin To Net: NetName=Vin_Module 18 Pin=P1_Module 18-8
Added Pin To Net: NetName=Vin_Module 18 Pin=P1_Module 18-10
Added Pin To Net: NetName=Vin_Module 18 Pin=P1_Module 18-12
Added Net: Name=Vin_Module 18
Added Pin To Net: NetName=Vin_Module 19 Pin=P1_Module 19-8
Added Pin To Net: NetName=Vin_Module 19 Pin=P1_Module 19-10
Added Pin To Net: NetName=Vin_Module 19 Pin=P1_Module 19-12
Added Net: Name=Vin_Module 19
Added Pin To Net: NetName=Vin_Module 20 Pin=P1_Module 20-8
Added Pin To Net: NetName=Vin_Module 20 Pin=P1_Module 20-10
Added Pin To Net: NetName=Vin_Module 20 Pin=P1_Module 20-12
Added Net: Name=Vin_Module 20
Added Pin To Net: NetName=VOut_Module 11 Pin=P1_Module 11-2
Added Pin To Net: NetName=VOut_Module 11 Pin=P1_Module 11-4
Added Pin To Net: NetName=VOut_Module 11 Pin=P1_Module 11-6
Added Net: Name=VOut_Module 11
Added Pin To Net: NetName=VOut_Module 12 Pin=P1_Module 12-2
Added Pin To Net: NetName=VOut_Module 12 Pin=P1_Module 12-4
Added Pin To Net: NetName=VOut_Module 12 Pin=P1_Module 12-6
Added Net: Name=VOut_Module 12
Added Pin To Net: NetName=VOut_Module 13 Pin=P1_Module 13-2
Added Pin To Net: NetName=VOut_Module 13 Pin=P1_Module 13-4
Added Pin To Net: NetName=VOut_Module 13 Pin=P1_Module 13-6
Added Net: Name=VOut_Module 13
Added Pin To Net: NetName=VOut_Module 15 Pin=P1_Module 15-2
Added Pin To Net: NetName=VOut_Module 15 Pin=P1_Module 15-4
Added Pin To Net: NetName=VOut_Module 15 Pin=P1_Module 15-6
Added Net: Name=VOut_Module 15
Added Pin To Net: NetName=VOut_Module 16 Pin=P1_Module 16-2
Added Pin To Net: NetName=VOut_Module 16 Pin=P1_Module 16-4
Added Pin To Net: NetName=VOut_Module 16 Pin=P1_Module 16-6
Added Net: Name=VOut_Module 16
Added Pin To Net: NetName=VOut_Module 17 Pin=P1_Module 17-2
Added Pin To Net: NetName=VOut_Module 17 Pin=P1_Module 17-4
Added Pin To Net: NetName=VOut_Module 17 Pin=P1_Module 17-6
Added Net: Name=VOut_Module 17
Added Pin To Net: NetName=VOut_Module 18 Pin=P1_Module 18-2
Added Pin To Net: NetName=VOut_Module 18 Pin=P1_Module 18-4
Added Pin To Net: NetName=VOut_Module 18 Pin=P1_Module 18-6
Added Net: Name=VOut_Module 18
Added Pin To Net: NetName=VOut_Module 19 Pin=P1_Module 19-2
Added Pin To Net: NetName=VOut_Module 19 Pin=P1_Module 19-4
Added Pin To Net: NetName=VOut_Module 19 Pin=P1_Module 19-6
Added Net: Name=VOut_Module 19
Added Pin To Net: NetName=VOut_Module 20 Pin=P1_Module 20-2
Added Pin To Net: NetName=VOut_Module 20 Pin=P1_Module 20-4
Added Pin To Net: NetName=VOut_Module 20 Pin=P1_Module 20-6
Added Net: Name=VOut_Module 20
