Removed Pin From Net: NetName=NTC_Module 1 Pin=P5-2
Removed Pin From Net: NetName=NTC1_Module 1 Pin=P5-4
Removed Pin From Net: NetName=NTC_Module 2 Pin=P5-6
Removed Pin From Net: NetName=NTC1_Module 2 Pin=P5-8
Removed Pin From Net: NetName=NTC_Module 3 Pin=P5-10
Removed Pin From Net: NetName=NTC1_Module 3 Pin=P5-12
Removed Pin From Net: NetName=NTC_Module 4 Pin=P5-14
Removed Pin From Net: NetName=NTC1_Module 4 Pin=P5-16
Removed Pin From Net: NetName=NTC_Module 5 Pin=P5-18
Removed Pin From Net: NetName=NTC1_Module 5 Pin=P5-20
Removed Pin From Net: NetName=NTC_Module 6 Pin=P5-22
Removed Pin From Net: NetName=NTC1_Module 6 Pin=P5-24
Removed Pin From Net: NetName=NTC_Module 7 Pin=P5-26
Removed Pin From Net: NetName=NTC1_Module 7 Pin=P5-28
Removed Pin From Net: NetName=NTC_Module 8 Pin=P5-30
Removed Pin From Net: NetName=NTC1_Module 8 Pin=P5-32
Removed Pin From Net: NetName=NTC_Module 9 Pin=P5-34
Removed Pin From Net: NetName=NTC1_Module 9 Pin=P5-36
Removed Pin From Net: NetName=NTC_Module 10 Pin=P5-38
Removed Pin From Net: NetName=NTC1_Module 10 Pin=P5-40
Removed Member From Class: ClassName=Designator Member=P5
Removed Member From Class: ClassName=Designator Member=P6
Removed Member From Class: ClassName=Designator Member=P7
Added Pin To Net: NetName=NTC1_Module 1 Pin=P5-2
Added Pin To Net: NetName=NTC_Module 1 Pin=P5-4
Added Pin To Net: NetName=NTC1_Module 2 Pin=P5-6
Added Pin To Net: NetName=NTC_Module 2 Pin=P5-8
Added Pin To Net: NetName=NTC1_Module 3 Pin=P5-10
Added Pin To Net: NetName=NTC_Module 3 Pin=P5-12
Added Pin To Net: NetName=NTC1_Module 4 Pin=P5-14
Added Pin To Net: NetName=NTC_Module 4 Pin=P5-16
Added Pin To Net: NetName=NTC1_Module 5 Pin=P5-18
Added Pin To Net: NetName=NTC_Module 5 Pin=P5-20
Added Pin To Net: NetName=NTC1_Module 6 Pin=P5-22
Added Pin To Net: NetName=NTC_Module 6 Pin=P5-24
Added Pin To Net: NetName=NTC1_Module 7 Pin=P5-26
Added Pin To Net: NetName=NTC_Module 7 Pin=P5-28
Added Pin To Net: NetName=NTC1_Module 8 Pin=P5-30
Added Pin To Net: NetName=NTC_Module 8 Pin=P5-32
Added Pin To Net: NetName=NTC1_Module 9 Pin=P5-34
Added Pin To Net: NetName=NTC_Module 9 Pin=P5-36
Added Pin To Net: NetName=NTC1_Module 10 Pin=P5-38
Added Pin To Net: NetName=NTC_Module 10 Pin=P5-40
Added Member To Class: ClassName=U_Services Member=Component P5 QSH-020-01-F-D-DP-A
Added Member To Class: ClassName=U_Services Member=Component P6 QSH-020-01-F-D-DP-A
Added Member To Class: ClassName=U_Services Member=Component P7 QSH-020-01-F-D-DP-A
