Removed Pin From Net: NetName=Data0_Module 1_P Pin=P1_Module 1-1
Removed Pin From Net: NetName=Command_Module 1_P Pin=P1_Module 1-2
Removed Pin From Net: NetName=Data0_Module 1_N Pin=P1_Module 1-3
Removed Pin From Net: NetName=Command_Module 1_N Pin=P1_Module 1-4
Removed Pin From Net: NetName=Data1_Module 1_P Pin=P1_Module 1-5
Removed Pin From Net: NetName=Data1_Module 1_N Pin=P1_Module 1-7
Removed Pin From Net: NetName=Data2_Module 1_P Pin=P1_Module 1-9
Removed Pin From Net: NetName=Data2_Module 1_N Pin=P1_Module 1-11
Removed Pin From Net: NetName=Data3_Module 1_P Pin=P1_Module 1-13
Removed Pin From Net: NetName=Data3_Module 1_N Pin=P1_Module 1-15
Removed Pin From Net: NetName=Clock_Module 1_P Pin=P1_Module 1-17
Removed Pin From Net: NetName=Clock_Module 1_N Pin=P1_Module 1-19
Removed Pin From Net: NetName=Data0_Module 2_P Pin=P1_Module 2-1
Removed Pin From Net: NetName=Command_Module 2_P Pin=P1_Module 2-2
Removed Pin From Net: NetName=Data0_Module 2_N Pin=P1_Module 2-3
Removed Pin From Net: NetName=Command_Module 2_N Pin=P1_Module 2-4
Removed Pin From Net: NetName=Data1_Module 2_P Pin=P1_Module 2-5
Removed Pin From Net: NetName=Data1_Module 2_N Pin=P1_Module 2-7
Removed Pin From Net: NetName=Data2_Module 2_P Pin=P1_Module 2-9
Removed Pin From Net: NetName=Data2_Module 2_N Pin=P1_Module 2-11
Removed Pin From Net: NetName=Data3_Module 2_P Pin=P1_Module 2-13
Removed Pin From Net: NetName=Data3_Module 2_N Pin=P1_Module 2-15
Removed Pin From Net: NetName=Clock_Module 2_P Pin=P1_Module 2-17
Removed Pin From Net: NetName=Clock_Module 2_N Pin=P1_Module 2-19
Removed Pin From Net: NetName=Data0_Module 3_P Pin=P1_Module 3-1
Removed Pin From Net: NetName=Command_Module 3_P Pin=P1_Module 3-2
Removed Pin From Net: NetName=Data0_Module 3_N Pin=P1_Module 3-3
Removed Pin From Net: NetName=Command_Module 3_N Pin=P1_Module 3-4
Removed Pin From Net: NetName=Data1_Module 3_P Pin=P1_Module 3-5
Removed Pin From Net: NetName=Data1_Module 3_N Pin=P1_Module 3-7
Removed Pin From Net: NetName=Data2_Module 3_P Pin=P1_Module 3-9
Removed Pin From Net: NetName=Data2_Module 3_N Pin=P1_Module 3-11
Removed Pin From Net: NetName=Data3_Module 3_P Pin=P1_Module 3-13
Removed Pin From Net: NetName=Data3_Module 3_N Pin=P1_Module 3-15
Removed Pin From Net: NetName=Clock_Module 3_P Pin=P1_Module 3-17
Removed Pin From Net: NetName=Clock_Module 3_N Pin=P1_Module 3-19
Removed Pin From Net: NetName=Command_Module 4_P Pin=P1_Module 4-2
Removed Pin From Net: NetName=Command_Module 4_N Pin=P1_Module 4-4
Removed Pin From Net: NetName=Command_Module 5_P Pin=P1_Module 5-2
Removed Pin From Net: NetName=Command_Module 5_N Pin=P1_Module 5-4
Removed Pin From Net: NetName=Command_Module 6_P Pin=P1_Module 6-2
Removed Pin From Net: NetName=Command_Module 6_N Pin=P1_Module 6-4
Removed Pin From Net: NetName=Command_Module 7_P Pin=P1_Module 7-2
Removed Pin From Net: NetName=Command_Module 7_N Pin=P1_Module 7-4
Removed Pin From Net: NetName=Command_Module 8_P Pin=P1_Module 8-2
Removed Pin From Net: NetName=Command_Module 8_N Pin=P1_Module 8-4
Removed Pin From Net: NetName=Command_Module 9_P Pin=P1_Module 9-2
Removed Pin From Net: NetName=Command_Module 9_N Pin=P1_Module 9-4
Removed Pin From Net: NetName=Command_Module 10_P Pin=P1_Module 10-2
Removed Pin From Net: NetName=Command_Module 10_N Pin=P1_Module 10-4
Added Component: Designator=J1_Module 1(SM02B-BSH-1-TB)
Add component. Clean all parameters for all variants
Added Component: Designator=J1_Module 2(SM02B-BSH-1-TB)
Add component. Clean all parameters for all variants
Added Component: Designator=J1_Module 3(SM02B-BSH-1-TB)
Add component. Clean all parameters for all variants
Added Component: Designator=J1_Module 4(SM02B-BSH-1-TB)
Add component. Clean all parameters for all variants
Added Component: Designator=J1_Module 5(SM02B-BSH-1-TB)
Add component. Clean all parameters for all variants
Added Component: Designator=J1_Module 6(SM02B-BSH-1-TB)
Add component. Clean all parameters for all variants
Added Component: Designator=J1_Module 7(SM02B-BSH-1-TB)
Add component. Clean all parameters for all variants
Added Component: Designator=J1_Module 8(SM02B-BSH-1-TB)
Add component. Clean all parameters for all variants
Added Component: Designator=J1_Module 9(SM02B-BSH-1-TB)
Add component. Clean all parameters for all variants
Added Component: Designator=J1_Module 10(SM02B-BSH-1-TB)
Add component. Clean all parameters for all variants
Added Component: Designator=J1_Module 11(SM02B-BSH-1-TB)
Add component. Clean all parameters for all variants
Added Pin To Net: NetName=Data0_Module 1_N Pin=P1-2
Added Pin To Net: NetName=Data0_Module 1_P Pin=P1-4
Added Pin To Net: NetName=Data1_Module 1_N Pin=P1-6
Added Pin To Net: NetName=Data1_Module 1_P Pin=P1-8
Added Pin To Net: NetName=Data0_Module 3_N Pin=P1-9
Added Pin To Net: NetName=Data2_Module 1_N Pin=P1-10
Added Pin To Net: NetName=Data0_Module 3_P Pin=P1-11
Added Pin To Net: NetName=Data2_Module 1_P Pin=P1-12
Added Pin To Net: NetName=Data1_Module 3_N Pin=P1-13
Added Pin To Net: NetName=Data3_Module 1_N Pin=P1-14
Added Pin To Net: NetName=Data1_Module 3_P Pin=P1-15
Added Pin To Net: NetName=Data3_Module 1_P Pin=P1-16
Added Pin To Net: NetName=Data2_Module 3_N Pin=P1-17
Added Pin To Net: NetName=Command_Module 1_N Pin=P1-18
Added Pin To Net: NetName=Data2_Module 3_P Pin=P1-19
Added Pin To Net: NetName=Command_Module 1_P Pin=P1-20
Added Pin To Net: NetName=Data3_Module 3_N Pin=P1-21
Added Pin To Net: NetName=Clock_Module 1_N Pin=P1-22
Added Pin To Net: NetName=Data3_Module 3_P Pin=P1-23
Added Pin To Net: NetName=Clock_Module 1_P Pin=P1-24
Added Pin To Net: NetName=Command_Module 3_N Pin=P1-25
Added Pin To Net: NetName=Data0_Module 2_N Pin=P1-26
Added Pin To Net: NetName=Command_Module 3_P Pin=P1-27
Added Pin To Net: NetName=Data0_Module 2_P Pin=P1-28
Added Pin To Net: NetName=Clock_Module 3_N Pin=P1-29
Added Pin To Net: NetName=Data1_Module 2_N Pin=P1-30
Added Pin To Net: NetName=Clock_Module 3_P Pin=P1-31
Added Pin To Net: NetName=Data1_Module 2_P Pin=P1-32
Added Pin To Net: NetName=Clock_Module 2_P Pin=P1-33
Added Pin To Net: NetName=Data2_Module 2_N Pin=P1-34
Added Pin To Net: NetName=Clock_Module 2_N Pin=P1-35
Added Pin To Net: NetName=Data2_Module 2_P Pin=P1-36
Added Pin To Net: NetName=Command_Module 2_P Pin=P1-37
Added Pin To Net: NetName=Data3_Module 2_N Pin=P1-38
Added Pin To Net: NetName=Command_Module 2_N Pin=P1-39
Added Pin To Net: NetName=Data3_Module 2_P Pin=P1-40
Added Pin To Net: NetName=Data0_Module 1_N Pin=P1_Module 1-1
Added Pin To Net: NetName=Data0_Module 1_P Pin=P1_Module 1-3
Added Pin To Net: NetName=Data1_Module 1_N Pin=P1_Module 1-5
Added Pin To Net: NetName=Data1_Module 1_P Pin=P1_Module 1-7
Added Pin To Net: NetName=Data2_Module 1_N Pin=P1_Module 1-9
Added Pin To Net: NetName=Data2_Module 1_P Pin=P1_Module 1-11
Added Pin To Net: NetName=Data3_Module 1_N Pin=P1_Module 1-13
Added Pin To Net: NetName=Clock_Module 1_P Pin=P1_Module 1-14
Added Pin To Net: NetName=Data3_Module 1_P Pin=P1_Module 1-15
Added Pin To Net: NetName=Clock_Module 1_N Pin=P1_Module 1-16
Added Pin To Net: NetName=Command_Module 1_P Pin=P1_Module 1-18
Added Pin To Net: NetName=Command_Module 1_N Pin=P1_Module 1-20
Added Pin To Net: NetName=Data0_Module 2_N Pin=P1_Module 2-1
Added Pin To Net: NetName=Data0_Module 2_P Pin=P1_Module 2-3
Added Pin To Net: NetName=Data1_Module 2_N Pin=P1_Module 2-5
Added Pin To Net: NetName=Data1_Module 2_P Pin=P1_Module 2-7
Added Pin To Net: NetName=Data2_Module 2_N Pin=P1_Module 2-9
Added Pin To Net: NetName=Data2_Module 2_P Pin=P1_Module 2-11
Added Pin To Net: NetName=Data3_Module 2_N Pin=P1_Module 2-13
Added Pin To Net: NetName=Clock_Module 2_P Pin=P1_Module 2-14
Added Pin To Net: NetName=Data3_Module 2_P Pin=P1_Module 2-15
Added Pin To Net: NetName=Clock_Module 2_N Pin=P1_Module 2-16
Added Pin To Net: NetName=Command_Module 2_P Pin=P1_Module 2-18
Added Pin To Net: NetName=Command_Module 2_N Pin=P1_Module 2-20
Added Pin To Net: NetName=Data0_Module 3_N Pin=P1_Module 3-1
Added Pin To Net: NetName=Data0_Module 3_P Pin=P1_Module 3-3
Added Pin To Net: NetName=Data1_Module 3_N Pin=P1_Module 3-5
Added Pin To Net: NetName=Data1_Module 3_P Pin=P1_Module 3-7
Added Pin To Net: NetName=Data2_Module 3_N Pin=P1_Module 3-9
Added Pin To Net: NetName=Data2_Module 3_P Pin=P1_Module 3-11
Added Pin To Net: NetName=Data3_Module 3_N Pin=P1_Module 3-13
Added Pin To Net: NetName=Clock_Module 3_P Pin=P1_Module 3-14
Added Pin To Net: NetName=Data3_Module 3_P Pin=P1_Module 3-15
Added Pin To Net: NetName=Clock_Module 3_N Pin=P1_Module 3-16
Added Pin To Net: NetName=Command_Module 3_P Pin=P1_Module 3-18
Added Pin To Net: NetName=Command_Module 3_N Pin=P1_Module 3-20
Added Pin To Net: NetName=Command_Module 4_P Pin=P1_Module 4-18
Added Pin To Net: NetName=Command_Module 4_N Pin=P1_Module 4-20
Added Pin To Net: NetName=Command_Module 5_P Pin=P1_Module 5-18
Added Pin To Net: NetName=Command_Module 5_N Pin=P1_Module 5-20
Added Pin To Net: NetName=Command_Module 6_P Pin=P1_Module 6-18
Added Pin To Net: NetName=Command_Module 6_N Pin=P1_Module 6-20
Added Pin To Net: NetName=Command_Module 7_P Pin=P1_Module 7-18
Added Pin To Net: NetName=Command_Module 7_N Pin=P1_Module 7-20
Added Pin To Net: NetName=Command_Module 8_P Pin=P1_Module 8-18
Added Pin To Net: NetName=Command_Module 8_N Pin=P1_Module 8-20
Added Pin To Net: NetName=Command_Module 9_P Pin=P1_Module 9-18
Added Pin To Net: NetName=Command_Module 9_N Pin=P1_Module 9-20
Added Pin To Net: NetName=Command_Module 10_P Pin=P1_Module 10-18
Added Pin To Net: NetName=Command_Module 10_N Pin=P1_Module 10-20
Added Pin To Net: NetName=Data0_Module 11_N Pin=P1_Module 11-1
Added Pin To Net: NetName=Data0_Module 11_P Pin=P1_Module 11-3
Added Pin To Net: NetName=Data1_Module 11_N Pin=P1_Module 11-5
Added Pin To Net: NetName=Data1_Module 11_P Pin=P1_Module 11-7
Added Pin To Net: NetName=Data2_Module 11_N Pin=P1_Module 11-9
Added Pin To Net: NetName=Data2_Module 11_P Pin=P1_Module 11-11
Added Pin To Net: NetName=Data3_Module 11_N Pin=P1_Module 11-13
Added Pin To Net: NetName=Clock_Module 11_P Pin=P1_Module 11-14
Added Pin To Net: NetName=Data3_Module 11_P Pin=P1_Module 11-15
Added Pin To Net: NetName=Clock_Module 11_N Pin=P1_Module 11-16
Added Pin To Net: NetName=Command_Module 11_P Pin=P1_Module 11-18
Added Pin To Net: NetName=Command_Module 11_N Pin=P1_Module 11-20
Change Net Name : Old Net Name=Data0_Module 4_N New Net Name=Data0_Module 4_P
Change Net Name : Old Net Name=Data0_Module 4_P New Net Name=Data0_Module 4_N
Change Net Name : Old Net Name=Data0_Module 5_N New Net Name=Data0_Module 5_P
Change Net Name : Old Net Name=Data0_Module 5_P New Net Name=Data0_Module 5_N
Change Net Name : Old Net Name=Data0_Module 6_N New Net Name=Data0_Module 6_P
Change Net Name : Old Net Name=Data0_Module 6_P New Net Name=Data0_Module 6_N
Change Net Name : Old Net Name=Data0_Module 7_N New Net Name=Data0_Module 7_P
Change Net Name : Old Net Name=Data0_Module 7_P New Net Name=Data0_Module 7_N
Change Net Name : Old Net Name=Data0_Module 8_N New Net Name=Data0_Module 8_P
Change Net Name : Old Net Name=Data0_Module 8_P New Net Name=Data0_Module 8_N
Change Net Name : Old Net Name=Data0_Module 9_N New Net Name=Data0_Module 9_P
Change Net Name : Old Net Name=Data0_Module 9_P New Net Name=Data0_Module 9_N
Change Net Name : Old Net Name=Data0_Module 10_N New Net Name=Data0_Module 10_P
Change Net Name : Old Net Name=Data0_Module 10_P New Net Name=Data0_Module 10_N
Change Net Name : Old Net Name=Data1_Module 4_N New Net Name=Data1_Module 4_P
Change Net Name : Old Net Name=Data1_Module 4_P New Net Name=Data1_Module 4_N
Change Net Name : Old Net Name=Data1_Module 5_N New Net Name=Data1_Module 5_P
Change Net Name : Old Net Name=Data1_Module 5_P New Net Name=Data1_Module 5_N
Change Net Name : Old Net Name=Data1_Module 6_N New Net Name=Data1_Module 6_P
Change Net Name : Old Net Name=Data1_Module 6_P New Net Name=Data1_Module 6_N
Change Net Name : Old Net Name=Data1_Module 7_N New Net Name=Data1_Module 7_P
Change Net Name : Old Net Name=Data1_Module 7_P New Net Name=Data1_Module 7_N
Change Net Name : Old Net Name=Data1_Module 8_N New Net Name=Data1_Module 8_P
Change Net Name : Old Net Name=Data1_Module 8_P New Net Name=Data1_Module 8_N
Change Net Name : Old Net Name=Data1_Module 9_N New Net Name=Data1_Module 9_P
Change Net Name : Old Net Name=Data1_Module 9_P New Net Name=Data1_Module 9_N
Change Net Name : Old Net Name=Data1_Module 10_N New Net Name=Data1_Module 10_P
Change Net Name : Old Net Name=Data1_Module 10_P New Net Name=Data1_Module 10_N
Change Net Name : Old Net Name=Data2_Module 4_N New Net Name=Data2_Module 4_P
Change Net Name : Old Net Name=Data2_Module 4_P New Net Name=Data2_Module 4_N
Change Net Name : Old Net Name=Data2_Module 5_N New Net Name=Data2_Module 5_P
Change Net Name : Old Net Name=Data2_Module 5_P New Net Name=Data2_Module 5_N
Change Net Name : Old Net Name=Data2_Module 6_N New Net Name=Data2_Module 6_P
Change Net Name : Old Net Name=Data2_Module 6_P New Net Name=Data2_Module 6_N
Change Net Name : Old Net Name=Data2_Module 7_N New Net Name=Data2_Module 7_P
Change Net Name : Old Net Name=Data2_Module 7_P New Net Name=Data2_Module 7_N
Change Net Name : Old Net Name=Data2_Module 8_N New Net Name=Data2_Module 8_P
Change Net Name : Old Net Name=Data2_Module 8_P New Net Name=Data2_Module 8_N
Change Net Name : Old Net Name=Data2_Module 9_N New Net Name=Data2_Module 9_P
Change Net Name : Old Net Name=Data2_Module 9_P New Net Name=Data2_Module 9_N
Change Net Name : Old Net Name=Data2_Module 10_N New Net Name=Data2_Module 10_P
Change Net Name : Old Net Name=Data2_Module 10_P New Net Name=Data2_Module 10_N
Change Net Name : Old Net Name=Data3_Module 4_N New Net Name=Data3_Module 4_P
Change Net Name : Old Net Name=Data3_Module 4_P New Net Name=Data3_Module 4_N
Change Net Name : Old Net Name=Data3_Module 5_N New Net Name=Data3_Module 5_P
Change Net Name : Old Net Name=Data3_Module 5_P New Net Name=Data3_Module 5_N
Change Net Name : Old Net Name=Data3_Module 6_N New Net Name=Data3_Module 6_P
Change Net Name : Old Net Name=Data3_Module 6_P New Net Name=Data3_Module 6_N
Change Net Name : Old Net Name=Data3_Module 7_N New Net Name=Data3_Module 7_P
Change Net Name : Old Net Name=Data3_Module 7_P New Net Name=Data3_Module 7_N
Change Net Name : Old Net Name=Data3_Module 8_N New Net Name=Data3_Module 8_P
Change Net Name : Old Net Name=Data3_Module 8_P New Net Name=Data3_Module 8_N
Change Net Name : Old Net Name=Data3_Module 9_N New Net Name=Data3_Module 9_P
Change Net Name : Old Net Name=Data3_Module 9_P New Net Name=Data3_Module 9_N
Change Net Name : Old Net Name=Data3_Module 10_N New Net Name=Data3_Module 10_P
Change Net Name : Old Net Name=Data3_Module 10_P New Net Name=Data3_Module 10_N
Change Net Name : Old Net Name=Module.NTC1_Module 4 New Net Name=Clock_Module 4_P
Change Net Name : Old Net Name=Module.NTC1_Module 5 New Net Name=Clock_Module 5_P
Change Net Name : Old Net Name=Module.NTC1_Module 6 New Net Name=Clock_Module 6_P
Change Net Name : Old Net Name=Module.NTC1_Module 7 New Net Name=Clock_Module 7_P
Change Net Name : Old Net Name=Module.NTC1_Module 8 New Net Name=Clock_Module 8_P
Change Net Name : Old Net Name=Module.NTC1_Module 9 New Net Name=Clock_Module 9_P
Change Net Name : Old Net Name=Module.NTC1_Module 10 New Net Name=Clock_Module 10_P
Change Net Name : Old Net Name=Module.NTC2_Module 4 New Net Name=Clock_Module 4_N
Change Net Name : Old Net Name=Module.NTC2_Module 5 New Net Name=Clock_Module 5_N
Change Net Name : Old Net Name=Module.NTC2_Module 6 New Net Name=Clock_Module 6_N
Change Net Name : Old Net Name=Module.NTC2_Module 7 New Net Name=Clock_Module 7_N
Change Net Name : Old Net Name=Module.NTC2_Module 8 New Net Name=Clock_Module 8_N
Change Net Name : Old Net Name=Module.NTC2_Module 9 New Net Name=Clock_Module 9_N
Change Net Name : Old Net Name=Module.NTC2_Module 10 New Net Name=Clock_Module 10_N
Added Pin To Net: NetName=NTC_Module 1 Pin=P1_Module 1-17
Added Pin To Net: NetName=NTC_Module 1 Pin=P1_Module 1-19
Added Net: Name=NTC_Module 1
Added Pin To Net: NetName=NTC_Module 2 Pin=P1_Module 2-17
Added Pin To Net: NetName=NTC_Module 2 Pin=P1_Module 2-19
Added Net: Name=NTC_Module 2
Added Pin To Net: NetName=NTC_Module 3 Pin=P1_Module 3-17
Added Pin To Net: NetName=NTC_Module 3 Pin=P1_Module 3-19
Added Net: Name=NTC_Module 3
Added Pin To Net: NetName=NTC_Module 4 Pin=P1_Module 4-17
Added Pin To Net: NetName=NTC_Module 4 Pin=P1_Module 4-19
Added Net: Name=NTC_Module 4
Added Pin To Net: NetName=NTC_Module 5 Pin=P1_Module 5-17
Added Pin To Net: NetName=NTC_Module 5 Pin=P1_Module 5-19
Added Net: Name=NTC_Module 5
Added Pin To Net: NetName=NTC_Module 6 Pin=P1_Module 6-17
Added Pin To Net: NetName=NTC_Module 6 Pin=P1_Module 6-19
Added Net: Name=NTC_Module 6
Added Pin To Net: NetName=NTC_Module 7 Pin=P1_Module 7-17
Added Pin To Net: NetName=NTC_Module 7 Pin=P1_Module 7-19
Added Net: Name=NTC_Module 7
Added Pin To Net: NetName=NTC_Module 8 Pin=P1_Module 8-17
Added Pin To Net: NetName=NTC_Module 8 Pin=P1_Module 8-19
Added Net: Name=NTC_Module 8
Added Pin To Net: NetName=NTC_Module 9 Pin=P1_Module 9-17
Added Pin To Net: NetName=NTC_Module 9 Pin=P1_Module 9-19
Added Net: Name=NTC_Module 9
Added Pin To Net: NetName=NTC_Module 10 Pin=P1_Module 10-17
Added Pin To Net: NetName=NTC_Module 10 Pin=P1_Module 10-19
Added Net: Name=NTC_Module 10
Added Pin To Net: NetName=NTC_Module 11 Pin=P1_Module 11-17
Added Pin To Net: NetName=NTC_Module 11 Pin=P1_Module 11-19
Added Net: Name=NTC_Module 11
Added Pin To Net: NetName=Services.HVin_Module 1 Pin=J1_Module 1-1
Added Net: Name=Services.HVin_Module 1
Added Pin To Net: NetName=Services.HVin_Module 2 Pin=J1_Module 2-1
Added Net: Name=Services.HVin_Module 2
Added Pin To Net: NetName=Services.HVin_Module 3 Pin=J1_Module 3-1
Added Net: Name=Services.HVin_Module 3
Added Pin To Net: NetName=Services.HVin_Module 4 Pin=J1_Module 4-1
Added Net: Name=Services.HVin_Module 4
Added Pin To Net: NetName=Services.HVin_Module 5 Pin=J1_Module 5-1
Added Net: Name=Services.HVin_Module 5
Added Pin To Net: NetName=Services.HVin_Module 6 Pin=J1_Module 6-1
Added Net: Name=Services.HVin_Module 6
Added Pin To Net: NetName=Services.HVin_Module 7 Pin=J1_Module 7-1
Added Net: Name=Services.HVin_Module 7
Added Pin To Net: NetName=Services.HVin_Module 8 Pin=J1_Module 8-1
Added Net: Name=Services.HVin_Module 8
Added Pin To Net: NetName=Services.HVin_Module 9 Pin=J1_Module 9-1
Added Net: Name=Services.HVin_Module 9
Added Pin To Net: NetName=Services.HVin_Module 10 Pin=J1_Module 10-1
Added Net: Name=Services.HVin_Module 10
Added Pin To Net: NetName=Services.HVin_Module 11 Pin=J1_Module 11-1
Added Net: Name=Services.HVin_Module 11
Added Pin To Net: NetName=Services.HVout_Module 1 Pin=J1_Module 1-2
Added Net: Name=Services.HVout_Module 1
Added Pin To Net: NetName=Services.HVout_Module 2 Pin=J1_Module 2-2
Added Net: Name=Services.HVout_Module 2
Added Pin To Net: NetName=Services.HVout_Module 3 Pin=J1_Module 3-2
Added Net: Name=Services.HVout_Module 3
Added Pin To Net: NetName=Services.HVout_Module 4 Pin=J1_Module 4-2
Added Net: Name=Services.HVout_Module 4
Added Pin To Net: NetName=Services.HVout_Module 5 Pin=J1_Module 5-2
Added Net: Name=Services.HVout_Module 5
Added Pin To Net: NetName=Services.HVout_Module 6 Pin=J1_Module 6-2
Added Net: Name=Services.HVout_Module 6
Added Pin To Net: NetName=Services.HVout_Module 7 Pin=J1_Module 7-2
Added Net: Name=Services.HVout_Module 7
Added Pin To Net: NetName=Services.HVout_Module 8 Pin=J1_Module 8-2
Added Net: Name=Services.HVout_Module 8
Added Pin To Net: NetName=Services.HVout_Module 9 Pin=J1_Module 9-2
Added Net: Name=Services.HVout_Module 9
Added Pin To Net: NetName=Services.HVout_Module 10 Pin=J1_Module 10-2
Added Net: Name=Services.HVout_Module 10
Added Pin To Net: NetName=Services.HVout_Module 11 Pin=J1_Module 11-2
Added Net: Name=Services.HVout_Module 11
Added Pin To Net: NetName=Services.Vin_Module 1 Pin=P1_Module 1-8
Added Pin To Net: NetName=Services.Vin_Module 1 Pin=P1_Module 1-10
Added Pin To Net: NetName=Services.Vin_Module 1 Pin=P1_Module 1-12
Added Net: Name=Services.Vin_Module 1
Added Pin To Net: NetName=Services.Vin_Module 2 Pin=P1_Module 2-8
Added Pin To Net: NetName=Services.Vin_Module 2 Pin=P1_Module 2-10
Added Pin To Net: NetName=Services.Vin_Module 2 Pin=P1_Module 2-12
Added Net: Name=Services.Vin_Module 2
Added Pin To Net: NetName=Services.Vin_Module 3 Pin=P1_Module 3-8
Added Pin To Net: NetName=Services.Vin_Module 3 Pin=P1_Module 3-10
Added Pin To Net: NetName=Services.Vin_Module 3 Pin=P1_Module 3-12
Added Net: Name=Services.Vin_Module 3
Added Pin To Net: NetName=Services.Vin_Module 4 Pin=P1_Module 4-8
Added Pin To Net: NetName=Services.Vin_Module 4 Pin=P1_Module 4-10
Added Pin To Net: NetName=Services.Vin_Module 4 Pin=P1_Module 4-12
Added Net: Name=Services.Vin_Module 4
Added Pin To Net: NetName=Services.Vin_Module 5 Pin=P1_Module 5-8
Added Pin To Net: NetName=Services.Vin_Module 5 Pin=P1_Module 5-10
Added Pin To Net: NetName=Services.Vin_Module 5 Pin=P1_Module 5-12
Added Net: Name=Services.Vin_Module 5
Added Pin To Net: NetName=Services.Vin_Module 6 Pin=P1_Module 6-8
Added Pin To Net: NetName=Services.Vin_Module 6 Pin=P1_Module 6-10
Added Pin To Net: NetName=Services.Vin_Module 6 Pin=P1_Module 6-12
Added Net: Name=Services.Vin_Module 6
Added Pin To Net: NetName=Services.Vin_Module 7 Pin=P1_Module 7-8
Added Pin To Net: NetName=Services.Vin_Module 7 Pin=P1_Module 7-10
Added Pin To Net: NetName=Services.Vin_Module 7 Pin=P1_Module 7-12
Added Net: Name=Services.Vin_Module 7
Added Pin To Net: NetName=Services.Vin_Module 8 Pin=P1_Module 8-8
Added Pin To Net: NetName=Services.Vin_Module 8 Pin=P1_Module 8-10
Added Pin To Net: NetName=Services.Vin_Module 8 Pin=P1_Module 8-12
Added Net: Name=Services.Vin_Module 8
Added Pin To Net: NetName=Services.Vin_Module 9 Pin=P1_Module 9-8
Added Pin To Net: NetName=Services.Vin_Module 9 Pin=P1_Module 9-10
Added Pin To Net: NetName=Services.Vin_Module 9 Pin=P1_Module 9-12
Added Net: Name=Services.Vin_Module 9
Added Pin To Net: NetName=Services.Vin_Module 10 Pin=P1_Module 10-8
Added Pin To Net: NetName=Services.Vin_Module 10 Pin=P1_Module 10-10
Added Pin To Net: NetName=Services.Vin_Module 10 Pin=P1_Module 10-12
Added Net: Name=Services.Vin_Module 10
Added Pin To Net: NetName=Services.Vin_Module 11 Pin=P1_Module 11-8
Added Pin To Net: NetName=Services.Vin_Module 11 Pin=P1_Module 11-10
Added Pin To Net: NetName=Services.Vin_Module 11 Pin=P1_Module 11-12
Added Net: Name=Services.Vin_Module 11
Added Pin To Net: NetName=Services.Vout_Module 1 Pin=P1_Module 1-2
Added Pin To Net: NetName=Services.Vout_Module 1 Pin=P1_Module 1-4
Added Pin To Net: NetName=Services.Vout_Module 1 Pin=P1_Module 1-6
Added Net: Name=Services.Vout_Module 1
Added Pin To Net: NetName=Services.Vout_Module 2 Pin=P1_Module 2-2
Added Pin To Net: NetName=Services.Vout_Module 2 Pin=P1_Module 2-4
Added Pin To Net: NetName=Services.Vout_Module 2 Pin=P1_Module 2-6
Added Net: Name=Services.Vout_Module 2
Added Pin To Net: NetName=Services.Vout_Module 3 Pin=P1_Module 3-2
Added Pin To Net: NetName=Services.Vout_Module 3 Pin=P1_Module 3-4
Added Pin To Net: NetName=Services.Vout_Module 3 Pin=P1_Module 3-6
Added Net: Name=Services.Vout_Module 3
Added Pin To Net: NetName=Services.Vout_Module 4 Pin=P1_Module 4-2
Added Pin To Net: NetName=Services.Vout_Module 4 Pin=P1_Module 4-4
Added Pin To Net: NetName=Services.Vout_Module 4 Pin=P1_Module 4-6
Added Net: Name=Services.Vout_Module 4
Added Pin To Net: NetName=Services.Vout_Module 5 Pin=P1_Module 5-2
Added Pin To Net: NetName=Services.Vout_Module 5 Pin=P1_Module 5-4
Added Pin To Net: NetName=Services.Vout_Module 5 Pin=P1_Module 5-6
Added Net: Name=Services.Vout_Module 5
Added Pin To Net: NetName=Services.Vout_Module 6 Pin=P1_Module 6-2
Added Pin To Net: NetName=Services.Vout_Module 6 Pin=P1_Module 6-4
Added Pin To Net: NetName=Services.Vout_Module 6 Pin=P1_Module 6-6
Added Net: Name=Services.Vout_Module 6
Added Pin To Net: NetName=Services.Vout_Module 7 Pin=P1_Module 7-2
Added Pin To Net: NetName=Services.Vout_Module 7 Pin=P1_Module 7-4
Added Pin To Net: NetName=Services.Vout_Module 7 Pin=P1_Module 7-6
Added Net: Name=Services.Vout_Module 7
Added Pin To Net: NetName=Services.Vout_Module 8 Pin=P1_Module 8-2
Added Pin To Net: NetName=Services.Vout_Module 8 Pin=P1_Module 8-4
Added Pin To Net: NetName=Services.Vout_Module 8 Pin=P1_Module 8-6
Added Net: Name=Services.Vout_Module 8
Added Pin To Net: NetName=Services.Vout_Module 9 Pin=P1_Module 9-2
Added Pin To Net: NetName=Services.Vout_Module 9 Pin=P1_Module 9-4
Added Pin To Net: NetName=Services.Vout_Module 9 Pin=P1_Module 9-6
Added Net: Name=Services.Vout_Module 9
Added Pin To Net: NetName=Services.Vout_Module 10 Pin=P1_Module 10-2
Added Pin To Net: NetName=Services.Vout_Module 10 Pin=P1_Module 10-4
Added Pin To Net: NetName=Services.Vout_Module 10 Pin=P1_Module 10-6
Added Net: Name=Services.Vout_Module 10
Added Pin To Net: NetName=Services.Vout_Module 11 Pin=P1_Module 11-2
Added Pin To Net: NetName=Services.Vout_Module 11 Pin=P1_Module 11-4
Added Pin To Net: NetName=Services.Vout_Module 11 Pin=P1_Module 11-6
Added Net: Name=Services.Vout_Module 11
Added Member To Class: ClassName=Module 1 Member=Component J1_Module 1 (J1) SM02B-BSH-1-TB
Added Member To Class: ClassName=Module 2 Member=Component J1_Module 2 (J1) SM02B-BSH-1-TB
Added Member To Class: ClassName=Module 3 Member=Component J1_Module 3 (J1) SM02B-BSH-1-TB
Added Member To Class: ClassName=Module 4 Member=Component J1_Module 4 (J1) SM02B-BSH-1-TB
Added Member To Class: ClassName=Module 5 Member=Component J1_Module 5 (J1) SM02B-BSH-1-TB
Added Member To Class: ClassName=Module 6 Member=Component J1_Module 6 (J1) SM02B-BSH-1-TB
Added Member To Class: ClassName=Module 7 Member=Component J1_Module 7 (J1) SM02B-BSH-1-TB
Added Member To Class: ClassName=Module 8 Member=Component J1_Module 8 (J1) SM02B-BSH-1-TB
Added Member To Class: ClassName=Module 9 Member=Component J1_Module 9 (J1) SM02B-BSH-1-TB
Added Member To Class: ClassName=Module 10 Member=Component J1_Module 10 (J1) SM02B-BSH-1-TB
Added Member To Class: ClassName=Module 11 Member=Component J1_Module 11 (J1) SM02B-BSH-1-TB
Added Member To Class: ClassName=Module 11 Member=Component P1_Module 11 (P1) CN-2P-M-20
